<?xml version="1.0" encoding="UTF-8"?>
<coverage generated="1761984894212" clover="3.2.0">
  <project timestamp="1761984894212" name="All files">
    <metrics statements="43" coveredstatements="33" conditionals="46" coveredconditionals="33" methods="9" coveredmethods="6" elements="98" coveredelements="72" complexity="0" loc="43" ncloc="43" packages="3" files="3" classes="3"/>
    <package name="components">
      <metrics statements="9" coveredstatements="9" conditionals="8" coveredconditionals="7" methods="2" coveredmethods="2"/>
      <file name="Login.jsx" path="C:\VSCODE\KTPM\FloginFE_BE\frontend\src\components\Login.jsx">
        <metrics statements="9" coveredstatements="9" conditionals="8" coveredconditionals="7" methods="2" coveredmethods="2"/>
        <line num="8" count="23" type="stmt"/>
        <line num="15" count="23" type="stmt"/>
        <line num="21" count="23" type="stmt"/>
        <line num="22" count="3" type="stmt"/>
        <line num="23" count="3" type="stmt"/>
        <line num="24" count="2" type="cond" truecount="1" falsecount="1"/>
        <line num="26" count="2" type="stmt"/>
        <line num="28" count="1" type="stmt"/>
        <line num="32" count="23" type="stmt"/>
      </file>
    </package>
    <package name="services">
      <metrics statements="13" coveredstatements="3" conditionals="14" coveredconditionals="2" methods="4" coveredmethods="1"/>
      <file name="authService.js" path="C:\VSCODE\KTPM\FloginFE_BE\frontend\src\services\authService.js">
        <metrics statements="13" coveredstatements="3" conditionals="14" coveredconditionals="2" methods="4" coveredmethods="1"/>
        <line num="3" count="1" type="cond" truecount="2" falsecount="0"/>
        <line num="7" count="0" type="cond" truecount="0" falsecount="4"/>
        <line num="8" count="0" type="stmt"/>
        <line num="9" count="0" type="cond" truecount="0" falsecount="2"/>
        <line num="10" count="0" type="cond" truecount="0" falsecount="2"/>
        <line num="12" count="0" type="stmt"/>
        <line num="13" count="0" type="cond" truecount="0" falsecount="2"/>
        <line num="15" count="0" type="cond" truecount="0" falsecount="2"/>
        <line num="16" count="0" type="stmt"/>
        <line num="18" count="0" type="stmt"/>
        <line num="26" count="1" type="stmt"/>
        <line num="28" count="1" type="stmt"/>
        <line num="29" count="0" type="stmt"/>
      </file>
    </package>
    <package name="utils">
      <metrics statements="21" coveredstatements="21" conditionals="24" coveredconditionals="24" methods="3" coveredmethods="3"/>
      <file name="validation.js" path="C:\VSCODE\KTPM\FloginFE_BE\frontend\src\utils\validation.js">
        <metrics statements="21" coveredstatements="21" conditionals="24" coveredconditionals="24" methods="3" coveredmethods="3"/>
        <line num="4" count="3" type="stmt"/>
        <line num="6" count="7" type="cond" truecount="4" falsecount="0"/>
        <line num="7" count="2" type="stmt"/>
        <line num="9" count="5" type="cond" truecount="2" falsecount="0"/>
        <line num="10" count="1" type="stmt"/>
        <line num="12" count="4" type="cond" truecount="2" falsecount="0"/>
        <line num="13" count="1" type="stmt"/>
        <line num="15" count="3" type="cond" truecount="2" falsecount="0"/>
        <line num="16" count="2" type="stmt"/>
        <line num="18" count="1" type="stmt"/>
        <line num="22" count="8" type="cond" truecount="4" falsecount="0"/>
        <line num="23" count="2" type="stmt"/>
        <line num="25" count="6" type="cond" truecount="2" falsecount="0"/>
        <line num="26" count="1" type="stmt"/>
        <line num="28" count="5" type="cond" truecount="2" falsecount="0"/>
        <line num="29" count="1" type="stmt"/>
        <line num="31" count="4" type="cond" truecount="4" falsecount="0"/>
        <line num="32" count="2" type="stmt"/>
        <line num="34" count="2" type="stmt"/>
        <line num="39" count="3" type="stmt"/>
        <line num="50" count="7" type="cond" truecount="2" falsecount="0"/>
      </file>
    </package>
  </project>
</coverage>
