<?xml version="1.0" encoding="UTF-8"?>
<coverage generated="1762088208657" clover="3.2.0">
  <project timestamp="1762088208657" name="All files">
    <metrics statements="191" coveredstatements="118" conditionals="121" coveredconditionals="91" methods="50" coveredmethods="25" elements="362" coveredelements="234" complexity="0" loc="191" ncloc="191" packages="3" files="11" classes="11"/>
    <package name="components">
      <metrics statements="135" coveredstatements="85" conditionals="83" coveredconditionals="65" methods="39" coveredmethods="20"/>
      <file name="Dashboard.jsx" path="D:\Data\SOFTWARETESTING\frontend\src\components\Dashboard.jsx">
        <metrics statements="62" coveredstatements="32" conditionals="20" coveredconditionals="15" methods="23" coveredmethods="7"/>
        <line num="14" count="18" type="stmt"/>
        <line num="15" count="18" type="stmt"/>
        <line num="16" count="18" type="stmt"/>
        <line num="17" count="18" type="stmt"/>
        <line num="18" count="18" type="stmt"/>
        <line num="19" count="18" type="stmt"/>
        <line num="20" count="18" type="stmt"/>
        <line num="21" count="18" type="stmt"/>
        <line num="23" count="18" type="stmt"/>
        <line num="24" count="7" type="stmt"/>
        <line num="26" count="18" type="cond" truecount="1" falsecount="0"/>
        <line num="27" count="7" type="stmt"/>
        <line num="28" count="7" type="stmt"/>
        <line num="30" count="7" type="cond" truecount="5" falsecount="0"/>
        <line num="31" count="2" type="stmt"/>
        <line num="32" count="2" type="stmt"/>
        <line num="34" count="5" type="stmt"/>
        <line num="35" count="5" type="stmt"/>
        <line num="36" count="5" type="stmt"/>
        <line num="37" count="5" type="cond" truecount="2" falsecount="0"/>
        <line num="40" count="0" type="stmt"/>
        <line num="41" count="0" type="stmt"/>
        <line num="42" count="0" type="stmt"/>
        <line num="46" count="18" type="stmt"/>
        <line num="47" count="0" type="stmt"/>
        <line num="48" count="0" type="stmt"/>
        <line num="49" count="0" type="stmt"/>
        <line num="52" count="18" type="stmt"/>
        <line num="54" count="5" type="cond" truecount="1" falsecount="1"/>
        <line num="55" count="5" type="stmt"/>
        <line num="56" count="5" type="stmt"/>
        <line num="60" count="18" type="stmt"/>
        <line num="61" count="0" type="stmt"/>
        <line num="62" count="0" type="stmt"/>
        <line num="63" count="0" type="stmt"/>
        <line num="64" count="0" type="stmt"/>
        <line num="66" count="0" type="stmt"/>
        <line num="67" count="0" type="stmt"/>
        <line num="70" count="18" type="stmt"/>
        <line num="71" count="0" type="stmt"/>
        <line num="72" count="0" type="stmt"/>
        <line num="73" count="0" type="stmt"/>
        <line num="74" count="0" type="stmt"/>
        <line num="75" count="0" type="cond" truecount="0" falsecount="2"/>
        <line num="77" count="0" type="stmt"/>
        <line num="78" count="0" type="stmt"/>
        <line num="80" count="0" type="stmt"/>
        <line num="81" count="0" type="stmt"/>
        <line num="84" count="18" type="stmt"/>
        <line num="85" count="10" type="stmt"/>
        <line num="87" count="18" type="stmt"/>
        <line num="94" count="0" type="stmt"/>
        <line num="119" count="10" type="stmt"/>
        <line num="122" count="5" type="stmt"/>
        <line num="137" count="0" type="stmt"/>
        <line num="141" count="0" type="stmt"/>
        <line num="147" count="0" type="stmt"/>
        <line num="160" count="0" type="stmt"/>
        <line num="166" count="0" type="stmt"/>
        <line num="175" count="0" type="stmt"/>
        <line num="178" count="0" type="stmt"/>
        <line num="187" count="0" type="stmt"/>
      </file>
      <file name="FormModel.jsx" path="D:\Data\SOFTWARETESTING\frontend\src\components\FormModel.jsx">
        <metrics statements="8" coveredstatements="1" conditionals="5" coveredconditionals="0" methods="2" coveredmethods="0"/>
        <line num="4" count="1" type="cond" truecount="0" falsecount="1"/>
        <line num="5" count="0" type="stmt"/>
        <line num="6" count="0" type="cond" truecount="0" falsecount="4"/>
        <line num="8" count="0" type="stmt"/>
        <line num="10" count="0" type="stmt"/>
        <line num="12" count="0" type="stmt"/>
        <line num="14" count="0" type="stmt"/>
        <line num="18" count="0" type="stmt"/>
      </file>
      <file name="Login.jsx" path="D:\Data\SOFTWARETESTING\frontend\src\components\Login.jsx">
        <metrics statements="9" coveredstatements="9" conditionals="8" coveredconditionals="7" methods="2" coveredmethods="2"/>
        <line num="8" count="23" type="stmt"/>
        <line num="15" count="23" type="stmt"/>
        <line num="21" count="23" type="stmt"/>
        <line num="22" count="5" type="stmt"/>
        <line num="23" count="5" type="stmt"/>
        <line num="24" count="3" type="cond" truecount="1" falsecount="1"/>
        <line num="26" count="3" type="stmt"/>
        <line num="28" count="2" type="stmt"/>
        <line num="32" count="23" type="stmt"/>
      </file>
      <file name="ProductAdd.jsx" path="D:\Data\SOFTWARETESTING\frontend\src\components\ProductAdd.jsx">
        <metrics statements="23" coveredstatements="13" conditionals="12" coveredconditionals="11" methods="5" coveredmethods="4"/>
        <line num="8" count="28" type="stmt"/>
        <line num="15" count="28" type="stmt"/>
        <line num="17" count="28" type="stmt"/>
        <line num="18" count="20" type="stmt"/>
        <line num="19" count="20" type="stmt"/>
        <line num="22" count="28" type="stmt"/>
        <line num="23" count="4" type="stmt"/>
        <line num="24" count="4" type="stmt"/>
        <line num="25" count="4" type="cond" truecount="1" falsecount="1"/>
        <line num="26" count="4" type="stmt"/>
        <line num="27" count="4" type="stmt"/>
        <line num="29" count="0" type="stmt"/>
        <line num="30" count="0" type="stmt"/>
        <line num="31" count="0" type="stmt"/>
        <line num="34" count="0" type="stmt"/>
        <line num="35" count="0" type="stmt"/>
        <line num="42" count="0" type="stmt"/>
        <line num="44" count="0" type="stmt"/>
        <line num="45" count="0" type="stmt"/>
        <line num="49" count="28" type="stmt"/>
        <line num="50" count="0" type="stmt"/>
        <line num="51" count="0" type="stmt"/>
        <line num="60" count="28" type="stmt"/>
      </file>
      <file name="ProductEditForm.jsx" path="D:\Data\SOFTWARETESTING\frontend\src\components\ProductEditForm.jsx">
        <metrics statements="18" coveredstatements="15" conditionals="16" coveredconditionals="13" methods="5" coveredmethods="5"/>
        <line num="6" count="16" type="stmt"/>
        <line num="15" count="16" type="stmt"/>
        <line num="17" count="16" type="stmt"/>
        <line num="18" count="4" type="cond" truecount="1" falsecount="1"/>
        <line num="19" count="4" type="stmt"/>
        <line num="23" count="16" type="stmt"/>
        <line num="24" count="4" type="stmt"/>
        <line num="25" count="4" type="stmt"/>
        <line num="28" count="16" type="stmt"/>
        <line num="29" count="4" type="stmt"/>
        <line num="30" count="4" type="stmt"/>
        <line num="39" count="4" type="cond" truecount="1" falsecount="1"/>
        <line num="40" count="4" type="stmt"/>
        <line num="41" count="4" type="stmt"/>
        <line num="45" count="0" type="stmt"/>
        <line num="46" count="0" type="stmt"/>
        <line num="47" count="0" type="stmt"/>
        <line num="50" count="16" type="stmt"/>
      </file>
      <file name="ProductValidate.js" path="D:\Data\SOFTWARETESTING\frontend\src\components\ProductValidate.js">
        <metrics statements="13" coveredstatements="13" conditionals="18" coveredconditionals="17" methods="1" coveredmethods="1"/>
        <line num="2" count="13" type="stmt"/>
        <line num="3" count="13" type="cond" truecount="4" falsecount="0"/>
        <line num="4" count="3" type="stmt"/>
        <line num="7" count="13" type="cond" truecount="4" falsecount="0"/>
        <line num="8" count="3" type="stmt"/>
        <line num="11" count="13" type="cond" truecount="4" falsecount="0"/>
        <line num="12" count="3" type="stmt"/>
        <line num="15" count="13" type="cond" truecount="4" falsecount="0"/>
        <line num="16" count="3" type="stmt"/>
        <line num="19" count="13" type="stmt"/>
        <line num="30" count="13" type="cond" truecount="1" falsecount="1"/>
        <line num="31" count="13" type="stmt"/>
        <line num="34" count="13" type="stmt"/>
      </file>
      <file name="ProductView.jsx" path="D:\Data\SOFTWARETESTING\frontend\src\components\ProductView.jsx">
        <metrics statements="2" coveredstatements="2" conditionals="4" coveredconditionals="2" methods="1" coveredmethods="1"/>
        <line num="5" count="5" type="cond" truecount="1" falsecount="1"/>
        <line num="14" count="5" type="stmt"/>
      </file>
    </package>
    <package name="services">
      <metrics statements="35" coveredstatements="12" conditionals="14" coveredconditionals="2" methods="8" coveredmethods="2"/>
      <file name="ProductApi.js" path="D:\Data\SOFTWARETESTING\frontend\src\services\ProductApi.js">
        <metrics statements="20" coveredstatements="7" conditionals="0" coveredconditionals="0" methods="4" coveredmethods="1"/>
        <line num="3" count="4" type="stmt"/>
        <line num="4" count="5" type="stmt"/>
        <line num="5" count="5" type="stmt"/>
        <line num="8" count="5" type="stmt"/>
        <line num="14" count="0" type="stmt"/>
        <line num="17" count="4" type="stmt"/>
        <line num="18" count="0" type="stmt"/>
        <line num="19" count="0" type="stmt"/>
        <line num="26" count="0" type="stmt"/>
        <line num="28" count="0" type="stmt"/>
        <line num="31" count="4" type="stmt"/>
        <line num="32" count="0" type="stmt"/>
        <line num="33" count="0" type="stmt"/>
        <line num="40" count="0" type="stmt"/>
        <line num="42" count="0" type="stmt"/>
        <line num="45" count="4" type="stmt"/>
        <line num="46" count="0" type="stmt"/>
        <line num="47" count="0" type="stmt"/>
        <line num="48" count="0" type="stmt"/>
        <line num="50" count="0" type="stmt"/>
      </file>
      <file name="api.js" path="D:\Data\SOFTWARETESTING\frontend\src\services\api.js">
        <metrics statements="2" coveredstatements="2" conditionals="0" coveredconditionals="0" methods="0" coveredmethods="0"/>
        <line num="3" count="4" type="stmt"/>
        <line num="5" count="4" type="stmt"/>
      </file>
      <file name="authService.js" path="D:\Data\SOFTWARETESTING\frontend\src\services\authService.js">
        <metrics statements="13" coveredstatements="3" conditionals="14" coveredconditionals="2" methods="4" coveredmethods="1"/>
        <line num="5" count="1" type="cond" truecount="2" falsecount="0"/>
        <line num="9" count="0" type="cond" truecount="0" falsecount="4"/>
        <line num="10" count="0" type="stmt"/>
        <line num="11" count="0" type="cond" truecount="0" falsecount="2"/>
        <line num="12" count="0" type="cond" truecount="0" falsecount="2"/>
        <line num="14" count="0" type="stmt"/>
        <line num="15" count="0" type="cond" truecount="0" falsecount="2"/>
        <line num="17" count="0" type="cond" truecount="0" falsecount="2"/>
        <line num="18" count="0" type="stmt"/>
        <line num="20" count="0" type="stmt"/>
        <line num="28" count="1" type="stmt"/>
        <line num="30" count="1" type="stmt"/>
        <line num="31" count="0" type="stmt"/>
      </file>
    </package>
    <package name="utils">
      <metrics statements="21" coveredstatements="21" conditionals="24" coveredconditionals="24" methods="3" coveredmethods="3"/>
      <file name="validation.js" path="D:\Data\SOFTWARETESTING\frontend\src\utils\validation.js">
        <metrics statements="21" coveredstatements="21" conditionals="24" coveredconditionals="24" methods="3" coveredmethods="3"/>
        <line num="4" count="3" type="stmt"/>
        <line num="6" count="7" type="cond" truecount="4" falsecount="0"/>
        <line num="7" count="2" type="stmt"/>
        <line num="9" count="5" type="cond" truecount="2" falsecount="0"/>
        <line num="10" count="1" type="stmt"/>
        <line num="12" count="4" type="cond" truecount="2" falsecount="0"/>
        <line num="13" count="1" type="stmt"/>
        <line num="15" count="3" type="cond" truecount="2" falsecount="0"/>
        <line num="16" count="2" type="stmt"/>
        <line num="18" count="1" type="stmt"/>
        <line num="22" count="8" type="cond" truecount="4" falsecount="0"/>
        <line num="23" count="2" type="stmt"/>
        <line num="25" count="6" type="cond" truecount="2" falsecount="0"/>
        <line num="26" count="1" type="stmt"/>
        <line num="28" count="5" type="cond" truecount="2" falsecount="0"/>
        <line num="29" count="1" type="stmt"/>
        <line num="31" count="4" type="cond" truecount="4" falsecount="0"/>
        <line num="32" count="2" type="stmt"/>
        <line num="34" count="2" type="stmt"/>
        <line num="39" count="3" type="stmt"/>
        <line num="50" count="7" type="cond" truecount="2" falsecount="0"/>
      </file>
    </package>
  </project>
</coverage>
