{"D:\\doan_KTPM\\FloginFE_BE\\frontend\\src\\components\\Dashboard.jsx": {"path":"D:\\doan_KTPM\\FloginFE_BE\\frontend\\src\\components\\Dashboard.jsx","statementMap":{"0":{"start":{"line":10,"column":42},"end":{"line":10,"column":57}},"1":{"start":{"line":11,"column":48},"end":{"line":11,"column":63}},"2":{"start":{"line":12,"column":46},"end":{"line":12,"column":60}},"3":{"start":{"line":13,"column":34},"end":{"line":13,"column":46}},"4":{"start":{"line":14,"column":26},"end":{"line":14,"column":37}},"5":{"start":{"line":15,"column":38},"end":{"line":15,"column":49}},"6":{"start":{"line":16,"column":30},"end":{"line":16,"column":42}},"7":{"start":{"line":17,"column":28},"end":{"line":17,"column":42}},"8":{"start":{"line":19,"column":2},"end":{"line":21,"column":9}},"9":{"start":{"line":20,"column":4},"end":{"line":20,"column":20}},"10":{"start":{"line":22,"column":24},"end":{"line":40,"column":3}},"11":{"start":{"line":23,"column":4},"end":{"line":39,"column":3}},"12":{"start":{"line":24,"column":19},"end":{"line":24,"column":50}},"13":{"start":{"line":26,"column":4},"end":{"line":34,"column":5}},"14":{"start":{"line":27,"column":6},"end":{"line":27,"column":35}},"15":{"start":{"line":28,"column":6},"end":{"line":28,"column":22}},"16":{"start":{"line":30,"column":6},"end":{"line":30,"column":21}},"17":{"start":{"line":31,"column":6},"end":{"line":31,"column":34}},"18":{"start":{"line":32,"column":6},"end":{"line":32,"column":26}},"19":{"start":{"line":33,"column":6},"end":{"line":33,"column":44}},"20":{"start":{"line":36,"column":4},"end":{"line":36,"column":52}},"21":{"start":{"line":37,"column":4},"end":{"line":37,"column":39}},"22":{"start":{"line":38,"column":4},"end":{"line":38,"column":20}},"23":{"start":{"line":42,"column":26},"end":{"line":46,"column":3}},"24":{"start":{"line":43,"column":4},"end":{"line":43,"column":30}},"25":{"start":{"line":44,"column":4},"end":{"line":44,"column":31}},"26":{"start":{"line":45,"column":4},"end":{"line":45,"column":26}},"27":{"start":{"line":48,"column":25},"end":{"line":54,"column":3}},"28":{"start":{"line":50,"column":4},"end":{"line":53,"column":5}},"29":{"start":{"line":51,"column":6},"end":{"line":51,"column":33}},"30":{"start":{"line":52,"column":6},"end":{"line":52,"column":31}},"31":{"start":{"line":56,"column":23},"end":{"line":65,"column":3}},"32":{"start":{"line":57,"column":4},"end":{"line":64,"column":5}},"33":{"start":{"line":58,"column":16},"end":{"line":58,"column":54}},"34":{"start":{"line":59,"column":4},"end":{"line":59,"column":74}},"35":{"start":{"line":59,"column":26},"end":{"line":59,"column":72}},"36":{"start":{"line":59,"column":45},"end":{"line":59,"column":71}},"37":{"start":{"line":60,"column":4},"end":{"line":60,"column":38}},"38":{"start":{"line":62,"column":6},"end":{"line":62,"column":52}},"39":{"start":{"line":63,"column":6},"end":{"line":63,"column":61}},"40":{"start":{"line":66,"column":25},"end":{"line":81,"column":3}},"41":{"start":{"line":67,"column":4},"end":{"line":80,"column":3}},"42":{"start":{"line":68,"column":16},"end":{"line":68,"column":51}},"43":{"start":{"line":69,"column":4},"end":{"line":69,"column":27}},"44":{"start":{"line":70,"column":4},"end":{"line":74,"column":4}},"45":{"start":{"line":71,"column":4},"end":{"line":73,"column":5}},"46":{"start":{"line":72,"column":4},"end":{"line":72,"column":53}},"47":{"start":{"line":75,"column":4},"end":{"line":75,"column":26}},"48":{"start":{"line":76,"column":4},"end":{"line":76,"column":43}},"49":{"start":{"line":78,"column":4},"end":{"line":78,"column":55}},"50":{"start":{"line":79,"column":4},"end":{"line":79,"column":64}},"51":{"start":{"line":82,"column":27},"end":{"line":84,"column":3}},"52":{"start":{"line":83,"column":4},"end":{"line":83,"column":55}},"53":{"start":{"line":85,"column":2},"end":{"line":191,"column":4}},"54":{"start":{"line":92,"column":25},"end":{"line":92,"column":50}},"55":{"start":{"line":115,"column":14},"end":{"line":142,"column":19}},"56":{"start":{"line":116,"column":31},"end":{"line":116,"column":55}},"57":{"start":{"line":127,"column":36},"end":{"line":127,"column":55}},"58":{"start":{"line":131,"column":35},"end":{"line":131,"column":60}},"59":{"start":{"line":137,"column":35},"end":{"line":137,"column":57}},"60":{"start":{"line":151,"column":25},"end":{"line":151,"column":48}},"61":{"start":{"line":158,"column":25},"end":{"line":158,"column":48}},"62":{"start":{"line":169,"column":25},"end":{"line":169,"column":47}},"63":{"start":{"line":173,"column":27},"end":{"line":173,"column":49}},"64":{"start":{"line":182,"column":25},"end":{"line":182,"column":50}}},"fnMap":{"0":{"name":"Dashboard","decl":{"start":{"line":9,"column":24},"end":{"line":9,"column":33}},"loc":{"start":{"line":9,"column":36},"end":{"line":192,"column":1}},"line":9},"1":{"name":"(anonymous_1)","decl":{"start":{"line":19,"column":12},"end":{"line":19,"column":13}},"loc":{"start":{"line":19,"column":18},"end":{"line":21,"column":3}},"line":19},"2":{"name":"(anonymous_2)","decl":{"start":{"line":22,"column":24},"end":{"line":22,"column":25}},"loc":{"start":{"line":22,"column":50},"end":{"line":40,"column":3}},"line":22},"3":{"name":"(anonymous_3)","decl":{"start":{"line":42,"column":26},"end":{"line":42,"column":27}},"loc":{"start":{"line":42,"column":39},"end":{"line":46,"column":3}},"line":42},"4":{"name":"(anonymous_4)","decl":{"start":{"line":48,"column":25},"end":{"line":48,"column":26}},"loc":{"start":{"line":48,"column":38},"end":{"line":54,"column":3}},"line":48},"5":{"name":"(anonymous_5)","decl":{"start":{"line":56,"column":23},"end":{"line":56,"column":24}},"loc":{"start":{"line":56,"column":49},"end":{"line":65,"column":3}},"line":56},"6":{"name":"(anonymous_6)","decl":{"start":{"line":59,"column":16},"end":{"line":59,"column":17}},"loc":{"start":{"line":59,"column":26},"end":{"line":59,"column":72}},"line":59},"7":{"name":"(anonymous_7)","decl":{"start":{"line":59,"column":38},"end":{"line":59,"column":39}},"loc":{"start":{"line":59,"column":45},"end":{"line":59,"column":71}},"line":59},"8":{"name":"(anonymous_8)","decl":{"start":{"line":66,"column":25},"end":{"line":66,"column":26}},"loc":{"start":{"line":66,"column":51},"end":{"line":81,"column":3}},"line":66},"9":{"name":"(anonymous_9)","decl":{"start":{"line":70,"column":16},"end":{"line":70,"column":17}},"loc":{"start":{"line":71,"column":4},"end":{"line":73,"column":5}},"line":71},"10":{"name":"(anonymous_10)","decl":{"start":{"line":71,"column":13},"end":{"line":71,"column":14}},"loc":{"start":{"line":72,"column":4},"end":{"line":72,"column":53}},"line":72},"11":{"name":"(anonymous_11)","decl":{"start":{"line":82,"column":43},"end":{"line":82,"column":44}},"loc":{"start":{"line":83,"column":4},"end":{"line":83,"column":55}},"line":83},"12":{"name":"(anonymous_12)","decl":{"start":{"line":92,"column":18},"end":{"line":92,"column":19}},"loc":{"start":{"line":92,"column":25},"end":{"line":92,"column":50}},"line":92},"13":{"name":"(anonymous_13)","decl":{"start":{"line":114,"column":35},"end":{"line":114,"column":36}},"loc":{"start":{"line":115,"column":14},"end":{"line":142,"column":19}},"line":115},"14":{"name":"(anonymous_14)","decl":{"start":{"line":116,"column":25},"end":{"line":116,"column":26}},"loc":{"start":{"line":116,"column":31},"end":{"line":116,"column":55}},"line":116},"15":{"name":"(anonymous_15)","decl":{"start":{"line":127,"column":29},"end":{"line":127,"column":30}},"loc":{"start":{"line":127,"column":36},"end":{"line":127,"column":55}},"line":127},"16":{"name":"(anonymous_16)","decl":{"start":{"line":131,"column":29},"end":{"line":131,"column":30}},"loc":{"start":{"line":131,"column":35},"end":{"line":131,"column":60}},"line":131},"17":{"name":"(anonymous_17)","decl":{"start":{"line":137,"column":29},"end":{"line":137,"column":30}},"loc":{"start":{"line":137,"column":35},"end":{"line":137,"column":57}},"line":137},"18":{"name":"(anonymous_18)","decl":{"start":{"line":151,"column":19},"end":{"line":151,"column":20}},"loc":{"start":{"line":151,"column":25},"end":{"line":151,"column":48}},"line":151},"19":{"name":"(anonymous_19)","decl":{"start":{"line":158,"column":19},"end":{"line":158,"column":20}},"loc":{"start":{"line":158,"column":25},"end":{"line":158,"column":48}},"line":158},"20":{"name":"(anonymous_20)","decl":{"start":{"line":169,"column":19},"end":{"line":169,"column":20}},"loc":{"start":{"line":169,"column":25},"end":{"line":169,"column":47}},"line":169},"21":{"name":"(anonymous_21)","decl":{"start":{"line":173,"column":21},"end":{"line":173,"column":22}},"loc":{"start":{"line":173,"column":27},"end":{"line":173,"column":49}},"line":173},"22":{"name":"(anonymous_22)","decl":{"start":{"line":182,"column":19},"end":{"line":182,"column":20}},"loc":{"start":{"line":182,"column":25},"end":{"line":182,"column":50}},"line":182}},"branchMap":{"0":{"loc":{"start":{"line":22,"column":31},"end":{"line":22,"column":45}},"type":"default-arg","locations":[{"start":{"line":22,"column":44},"end":{"line":22,"column":45}}],"line":22},"1":{"loc":{"start":{"line":26,"column":4},"end":{"line":34,"column":5}},"type":"if","locations":[{"start":{"line":26,"column":4},"end":{"line":34,"column":5}},{"start":{"line":29,"column":11},"end":{"line":34,"column":5}}],"line":26},"2":{"loc":{"start":{"line":26,"column":8},"end":{"line":26,"column":65}},"type":"binary-expr","locations":[{"start":{"line":26,"column":8},"end":{"line":26,"column":15}},{"start":{"line":26,"column":19},"end":{"line":26,"column":34}},{"start":{"line":26,"column":38},"end":{"line":26,"column":65}}],"line":26},"3":{"loc":{"start":{"line":33,"column":20},"end":{"line":33,"column":42}},"type":"binary-expr","locations":[{"start":{"line":33,"column":20},"end":{"line":33,"column":37}},{"start":{"line":33,"column":41},"end":{"line":33,"column":42}}],"line":33},"4":{"loc":{"start":{"line":50,"column":4},"end":{"line":53,"column":5}},"type":"if","locations":[{"start":{"line":50,"column":4},"end":{"line":53,"column":5}},{"start":{},"end":{}}],"line":50},"5":{"loc":{"start":{"line":72,"column":4},"end":{"line":72,"column":53}},"type":"cond-expr","locations":[{"start":{"line":72,"column":33},"end":{"line":72,"column":49}},{"start":{"line":72,"column":52},"end":{"line":72,"column":53}}],"line":72},"6":{"loc":{"start":{"line":109,"column":13},"end":{"line":143,"column":15}},"type":"cond-expr","locations":[{"start":{"line":110,"column":14},"end":{"line":112,"column":19}},{"start":{"line":114,"column":14},"end":{"line":143,"column":14}}],"line":109},"7":{"loc":{"start":{"line":123,"column":19},"end":{"line":123,"column":66}},"type":"cond-expr","locations":[{"start":{"line":123,"column":43},"end":{"line":123,"column":53}},{"start":{"line":123,"column":56},"end":{"line":123,"column":66}}],"line":123},"8":{"loc":{"start":{"line":166,"column":7},"end":{"line":177,"column":7}},"type":"binary-expr","locations":[{"start":{"line":166,"column":7},"end":{"line":166,"column":19}},{"start":{"line":167,"column":8},"end":{"line":176,"column":20}}],"line":166},"9":{"loc":{"start":{"line":179,"column":7},"end":{"line":189,"column":7}},"type":"binary-expr","locations":[{"start":{"line":179,"column":7},"end":{"line":179,"column":22}},{"start":{"line":180,"column":8},"end":{"line":188,"column":20}}],"line":179}},"s":{"0":18,"1":18,"2":18,"3":18,"4":18,"5":18,"6":18,"7":18,"8":18,"9":7,"10":18,"11":7,"12":7,"13":7,"14":2,"15":2,"16":5,"17":5,"18":5,"19":5,"20":0,"21":0,"22":0,"23":18,"24":0,"25":0,"26":0,"27":18,"28":5,"29":5,"30":5,"31":18,"32":0,"33":0,"34":0,"35":0,"36":0,"37":0,"38":0,"39":0,"40":18,"41":0,"42":0,"43":0,"44":0,"45":0,"46":0,"47":0,"48":0,"49":0,"50":0,"51":18,"52":10,"53":18,"54":0,"55":10,"56":5,"57":0,"58":0,"59":0,"60":0,"61":0,"62":0,"63":0,"64":0},"f":{"0":18,"1":7,"2":7,"3":0,"4":5,"5":0,"6":0,"7":0,"8":0,"9":0,"10":0,"11":10,"12":0,"13":10,"14":5,"15":0,"16":0,"17":0,"18":0,"19":0,"20":0,"21":0,"22":0},"b":{"0":[7],"1":[2,5],"2":[7,7,5],"3":[5,5],"4":[5,0],"5":[0,0],"6":[8,10],"7":[10,0],"8":[18,0],"9":[18,5]},"_coverageSchema":"1a1c01bbd47fc00a2c39e90264f33305004495a9","hash":"e9333ef8ac0809d092ea0d61ad2c7117a92d3891"}
,"D:\\doan_KTPM\\FloginFE_BE\\frontend\\src\\components\\FormModel.jsx": {"path":"D:\\doan_KTPM\\FloginFE_BE\\frontend\\src\\components\\FormModel.jsx","statementMap":{"0":{"start":{"line":4,"column":18},"end":{"line":40,"column":1}},"1":{"start":{"line":6,"column":24},"end":{"line":17,"column":3}},"2":{"start":{"line":7,"column":6},"end":{"line":16,"column":7}},"3":{"start":{"line":9,"column":14},"end":{"line":9,"column":38}},"4":{"start":{"line":11,"column":14},"end":{"line":11,"column":38}},"5":{"start":{"line":13,"column":14},"end":{"line":13,"column":39}},"6":{"start":{"line":15,"column":14},"end":{"line":15,"column":38}},"7":{"start":{"line":19,"column":2},"end":{"line":39,"column":4}}},"fnMap":{"0":{"name":"(anonymous_0)","decl":{"start":{"line":4,"column":18},"end":{"line":4,"column":19}},"loc":{"start":{"line":4,"column":72},"end":{"line":40,"column":1}},"line":4},"1":{"name":"(anonymous_1)","decl":{"start":{"line":6,"column":24},"end":{"line":6,"column":25}},"loc":{"start":{"line":6,"column":39},"end":{"line":17,"column":3}},"line":6}},"branchMap":{"0":{"loc":{"start":{"line":4,"column":47},"end":{"line":4,"column":65}},"type":"default-arg","locations":[{"start":{"line":4,"column":55},"end":{"line":4,"column":65}}],"line":4},"1":{"loc":{"start":{"line":7,"column":6},"end":{"line":16,"column":7}},"type":"switch","locations":[{"start":{"line":8,"column":10},"end":{"line":9,"column":38}},{"start":{"line":10,"column":10},"end":{"line":11,"column":38}},{"start":{"line":12,"column":10},"end":{"line":13,"column":39}},{"start":{"line":14,"column":10},"end":{"line":15,"column":38}}],"line":7}},"s":{"0":1,"1":0,"2":0,"3":0,"4":0,"5":0,"6":0,"7":0},"f":{"0":0,"1":0},"b":{"0":[0],"1":[0,0,0,0]},"_coverageSchema":"1a1c01bbd47fc00a2c39e90264f33305004495a9","hash":"e12ba60e37f198f09825d58b82f5110ea01db051"}
,"D:\\doan_KTPM\\FloginFE_BE\\frontend\\src\\components\\ProductAdd.jsx": {"path":"D:\\doan_KTPM\\FloginFE_BE\\frontend\\src\\components\\ProductAdd.jsx","statementMap":{"0":{"start":{"line":8,"column":34},"end":{"line":14,"column":6}},"1":{"start":{"line":15,"column":32},"end":{"line":15,"column":44}},"2":{"start":{"line":17,"column":25},"end":{"line":20,"column":5}},"3":{"start":{"line":18,"column":32},"end":{"line":18,"column":40}},"4":{"start":{"line":19,"column":8},"end":{"line":19,"column":57}},"5":{"start":{"line":19,"column":28},"end":{"line":19,"column":54}},"6":{"start":{"line":22,"column":25},"end":{"line":41,"column":1}},"7":{"start":{"line":23,"column":8},"end":{"line":23,"column":27}},"8":{"start":{"line":24,"column":33},"end":{"line":24,"column":57}},"9":{"start":{"line":25,"column":8},"end":{"line":28,"column":5}},"10":{"start":{"line":26,"column":8},"end":{"line":26,"column":36}},"11":{"start":{"line":27,"column":8},"end":{"line":27,"column":15}},"12":{"start":{"line":29,"column":8},"end":{"line":40,"column":5}},"13":{"start":{"line":30,"column":27},"end":{"line":30,"column":55}},"14":{"start":{"line":31,"column":8},"end":{"line":31,"column":61}},"15":{"start":{"line":34,"column":8},"end":{"line":34,"column":45}},"16":{"start":{"line":35,"column":8},"end":{"line":35,"column":89}},"17":{"start":{"line":36,"column":8},"end":{"line":36,"column":22}},"18":{"start":{"line":38,"column":8},"end":{"line":38,"column":55}},"19":{"start":{"line":39,"column":8},"end":{"line":39,"column":60}},"20":{"start":{"line":43,"column":25},"end":{"line":46,"column":5}},"21":{"start":{"line":44,"column":8},"end":{"line":44,"column":39}},"22":{"start":{"line":45,"column":8},"end":{"line":45,"column":89}},"23":{"start":{"line":48,"column":4},"end":{"line":145,"column":6}}},"fnMap":{"0":{"name":"ProductAdd","decl":{"start":{"line":7,"column":24},"end":{"line":7,"column":34}},"loc":{"start":{"line":7,"column":37},"end":{"line":146,"column":1}},"line":7},"1":{"name":"(anonymous_1)","decl":{"start":{"line":17,"column":25},"end":{"line":17,"column":26}},"loc":{"start":{"line":17,"column":32},"end":{"line":20,"column":5}},"line":17},"2":{"name":"(anonymous_2)","decl":{"start":{"line":19,"column":19},"end":{"line":19,"column":20}},"loc":{"start":{"line":19,"column":28},"end":{"line":19,"column":54}},"line":19},"3":{"name":"(anonymous_3)","decl":{"start":{"line":22,"column":25},"end":{"line":22,"column":26}},"loc":{"start":{"line":22,"column":38},"end":{"line":41,"column":1}},"line":22},"4":{"name":"(anonymous_4)","decl":{"start":{"line":43,"column":25},"end":{"line":43,"column":26}},"loc":{"start":{"line":43,"column":31},"end":{"line":46,"column":5}},"line":43}},"branchMap":{"0":{"loc":{"start":{"line":25,"column":8},"end":{"line":28,"column":5}},"type":"if","locations":[{"start":{"line":25,"column":8},"end":{"line":28,"column":5}},{"start":{},"end":{}}],"line":25},"1":{"loc":{"start":{"line":69,"column":21},"end":{"line":69,"column":92}},"type":"binary-expr","locations":[{"start":{"line":69,"column":21},"end":{"line":69,"column":32}},{"start":{"line":69,"column":36},"end":{"line":69,"column":92}}],"line":69},"2":{"loc":{"start":{"line":83,"column":21},"end":{"line":83,"column":106}},"type":"binary-expr","locations":[{"start":{"line":83,"column":21},"end":{"line":83,"column":39}},{"start":{"line":83,"column":43},"end":{"line":83,"column":106}}],"line":83},"3":{"loc":{"start":{"line":96,"column":21},"end":{"line":96,"column":94}},"type":"binary-expr","locations":[{"start":{"line":96,"column":21},"end":{"line":96,"column":33}},{"start":{"line":96,"column":37},"end":{"line":96,"column":94}}],"line":96},"4":{"loc":{"start":{"line":110,"column":21},"end":{"line":110,"column":100}},"type":"binary-expr","locations":[{"start":{"line":110,"column":21},"end":{"line":110,"column":36}},{"start":{"line":110,"column":40},"end":{"line":110,"column":100}}],"line":110},"5":{"loc":{"start":{"line":125,"column":21},"end":{"line":125,"column":100}},"type":"binary-expr","locations":[{"start":{"line":125,"column":21},"end":{"line":125,"column":36}},{"start":{"line":125,"column":40},"end":{"line":125,"column":100}}],"line":125}},"s":{"0":28,"1":28,"2":28,"3":20,"4":20,"5":20,"6":28,"7":4,"8":4,"9":4,"10":4,"11":4,"12":0,"13":0,"14":0,"15":0,"16":0,"17":0,"18":0,"19":0,"20":28,"21":0,"22":0,"23":28},"f":{"0":28,"1":20,"2":20,"3":4,"4":0},"b":{"0":[4,0],"1":[28,1],"2":[28,1],"3":[28,1],"4":[28,4],"5":[28,1]},"_coverageSchema":"1a1c01bbd47fc00a2c39e90264f33305004495a9","hash":"b3336d2c5915af8a65c89a0bd6396c7f4aefa062"}
,"D:\\doan_KTPM\\FloginFE_BE\\frontend\\src\\components\\ProductEditForm.jsx": {"path":"D:\\doan_KTPM\\FloginFE_BE\\frontend\\src\\components\\ProductEditForm.jsx","statementMap":{"0":{"start":{"line":6,"column":46},"end":{"line":12,"column":6}},"1":{"start":{"line":13,"column":32},"end":{"line":13,"column":44}},"2":{"start":{"line":15,"column":4},"end":{"line":19,"column":22}},"3":{"start":{"line":16,"column":8},"end":{"line":18,"column":9}},"4":{"start":{"line":17,"column":12},"end":{"line":17,"column":42}},"5":{"start":{"line":21,"column":25},"end":{"line":24,"column":5}},"6":{"start":{"line":22,"column":32},"end":{"line":22,"column":40}},"7":{"start":{"line":23,"column":8},"end":{"line":23,"column":63}},"8":{"start":{"line":23,"column":34},"end":{"line":23,"column":60}},"9":{"start":{"line":26,"column":25},"end":{"line":46,"column":5}},"10":{"start":{"line":27,"column":8},"end":{"line":27,"column":27}},"11":{"start":{"line":28,"column":33},"end":{"line":34,"column":10}},"12":{"start":{"line":37,"column":8},"end":{"line":40,"column":9}},"13":{"start":{"line":38,"column":8},"end":{"line":38,"column":36}},"14":{"start":{"line":39,"column":8},"end":{"line":39,"column":15}},"15":{"start":{"line":43,"column":8},"end":{"line":43,"column":22}},"16":{"start":{"line":44,"column":8},"end":{"line":44,"column":30}},"17":{"start":{"line":45,"column":8},"end":{"line":45,"column":18}},"18":{"start":{"line":48,"column":4},"end":{"line":135,"column":6}}},"fnMap":{"0":{"name":"ProductEditForm","decl":{"start":{"line":5,"column":24},"end":{"line":5,"column":39}},"loc":{"start":{"line":5,"column":74},"end":{"line":136,"column":1}},"line":5},"1":{"name":"(anonymous_1)","decl":{"start":{"line":15,"column":14},"end":{"line":15,"column":15}},"loc":{"start":{"line":15,"column":20},"end":{"line":19,"column":5}},"line":15},"2":{"name":"(anonymous_2)","decl":{"start":{"line":21,"column":25},"end":{"line":21,"column":26}},"loc":{"start":{"line":21,"column":32},"end":{"line":24,"column":5}},"line":21},"3":{"name":"(anonymous_3)","decl":{"start":{"line":23,"column":25},"end":{"line":23,"column":26}},"loc":{"start":{"line":23,"column":34},"end":{"line":23,"column":60}},"line":23},"4":{"name":"(anonymous_4)","decl":{"start":{"line":26,"column":25},"end":{"line":26,"column":26}},"loc":{"start":{"line":26,"column":32},"end":{"line":46,"column":5}},"line":26}},"branchMap":{"0":{"loc":{"start":{"line":6,"column":55},"end":{"line":12,"column":5}},"type":"binary-expr","locations":[{"start":{"line":6,"column":55},"end":{"line":6,"column":66}},{"start":{"line":6,"column":70},"end":{"line":12,"column":5}}],"line":6},"1":{"loc":{"start":{"line":16,"column":8},"end":{"line":18,"column":9}},"type":"if","locations":[{"start":{"line":16,"column":8},"end":{"line":18,"column":9}},{"start":{},"end":{}}],"line":16},"2":{"loc":{"start":{"line":37,"column":8},"end":{"line":40,"column":9}},"type":"if","locations":[{"start":{"line":37,"column":8},"end":{"line":40,"column":9}},{"start":{},"end":{}}],"line":37},"3":{"loc":{"start":{"line":65,"column":17},"end":{"line":65,"column":75}},"type":"binary-expr","locations":[{"start":{"line":65,"column":17},"end":{"line":65,"column":28}},{"start":{"line":65,"column":32},"end":{"line":65,"column":75}}],"line":65},"4":{"loc":{"start":{"line":78,"column":17},"end":{"line":78,"column":89}},"type":"binary-expr","locations":[{"start":{"line":78,"column":17},"end":{"line":78,"column":35}},{"start":{"line":78,"column":39},"end":{"line":78,"column":89}}],"line":78},"5":{"loc":{"start":{"line":91,"column":17},"end":{"line":91,"column":77}},"type":"binary-expr","locations":[{"start":{"line":91,"column":17},"end":{"line":91,"column":29}},{"start":{"line":91,"column":33},"end":{"line":91,"column":77}}],"line":91},"6":{"loc":{"start":{"line":104,"column":17},"end":{"line":104,"column":83}},"type":"binary-expr","locations":[{"start":{"line":104,"column":17},"end":{"line":104,"column":32}},{"start":{"line":104,"column":36},"end":{"line":104,"column":83}}],"line":104},"7":{"loc":{"start":{"line":118,"column":13},"end":{"line":118,"column":79}},"type":"binary-expr","locations":[{"start":{"line":118,"column":13},"end":{"line":118,"column":28}},{"start":{"line":118,"column":32},"end":{"line":118,"column":79}}],"line":118}},"s":{"0":16,"1":16,"2":16,"3":4,"4":4,"5":16,"6":4,"7":4,"8":4,"9":16,"10":4,"11":4,"12":4,"13":4,"14":4,"15":0,"16":0,"17":0,"18":16},"f":{"0":16,"1":4,"2":4,"3":4,"4":4},"b":{"0":[16,0],"1":[4,0],"2":[4,0],"3":[16,1],"4":[16,1],"5":[16,1],"6":[16,4],"7":[16,1]},"_coverageSchema":"1a1c01bbd47fc00a2c39e90264f33305004495a9","hash":"ee0fcdf2a9b559fdc46efccc33d4e86bfbb37cbc"}
,"D:\\doan_KTPM\\FloginFE_BE\\frontend\\src\\components\\ProductValidate.js": {"path":"D:\\doan_KTPM\\FloginFE_BE\\frontend\\src\\components\\ProductValidate.js","statementMap":{"0":{"start":{"line":2,"column":17},"end":{"line":2,"column":19}},"1":{"start":{"line":3,"column":2},"end":{"line":5,"column":3}},"2":{"start":{"line":4,"column":4},"end":{"line":4,"column":82}},"3":{"start":{"line":7,"column":2},"end":{"line":9,"column":3}},"4":{"start":{"line":8,"column":4},"end":{"line":8,"column":58}},"5":{"start":{"line":11,"column":2},"end":{"line":13,"column":3}},"6":{"start":{"line":12,"column":4},"end":{"line":12,"column":67}},"7":{"start":{"line":15,"column":2},"end":{"line":17,"column":3}},"8":{"start":{"line":16,"column":4},"end":{"line":16,"column":59}},"9":{"start":{"line":19,"column":26},"end":{"line":29,"column":1}},"10":{"start":{"line":30,"column":2},"end":{"line":32,"column":3}},"11":{"start":{"line":31,"column":4},"end":{"line":31,"column":47}},"12":{"start":{"line":34,"column":2},"end":{"line":34,"column":16}}},"fnMap":{"0":{"name":"validateProduct","decl":{"start":{"line":1,"column":9},"end":{"line":1,"column":24}},"loc":{"start":{"line":1,"column":34},"end":{"line":35,"column":1}},"line":1}},"branchMap":{"0":{"loc":{"start":{"line":3,"column":2},"end":{"line":5,"column":3}},"type":"if","locations":[{"start":{"line":3,"column":2},"end":{"line":5,"column":3}},{"start":{},"end":{}}],"line":3},"1":{"loc":{"start":{"line":3,"column":6},"end":{"line":3,"column":53}},"type":"binary-expr","locations":[{"start":{"line":3,"column":6},"end":{"line":3,"column":19}},{"start":{"line":3,"column":23},"end":{"line":3,"column":53}}],"line":3},"2":{"loc":{"start":{"line":7,"column":2},"end":{"line":9,"column":3}},"type":"if","locations":[{"start":{"line":7,"column":2},"end":{"line":9,"column":3}},{"start":{},"end":{}}],"line":7},"3":{"loc":{"start":{"line":7,"column":6},"end":{"line":7,"column":53}},"type":"binary-expr","locations":[{"start":{"line":7,"column":6},"end":{"line":7,"column":24}},{"start":{"line":7,"column":28},"end":{"line":7,"column":53}}],"line":7},"4":{"loc":{"start":{"line":11,"column":2},"end":{"line":13,"column":3}},"type":"if","locations":[{"start":{"line":11,"column":2},"end":{"line":13,"column":3}},{"start":{},"end":{}}],"line":11},"5":{"loc":{"start":{"line":11,"column":6},"end":{"line":11,"column":55}},"type":"binary-expr","locations":[{"start":{"line":11,"column":6},"end":{"line":11,"column":27}},{"start":{"line":11,"column":31},"end":{"line":11,"column":55}}],"line":11},"6":{"loc":{"start":{"line":15,"column":2},"end":{"line":17,"column":3}},"type":"if","locations":[{"start":{"line":15,"column":2},"end":{"line":17,"column":3}},{"start":{},"end":{}}],"line":15},"7":{"loc":{"start":{"line":15,"column":6},"end":{"line":15,"column":61}},"type":"binary-expr","locations":[{"start":{"line":15,"column":6},"end":{"line":15,"column":25}},{"start":{"line":15,"column":29},"end":{"line":15,"column":61}}],"line":15},"8":{"loc":{"start":{"line":30,"column":2},"end":{"line":32,"column":3}},"type":"if","locations":[{"start":{"line":30,"column":2},"end":{"line":32,"column":3}},{"start":{},"end":{}}],"line":30}},"s":{"0":13,"1":13,"2":3,"3":13,"4":3,"5":13,"6":3,"7":13,"8":3,"9":13,"10":13,"11":13,"12":13},"f":{"0":13},"b":{"0":[3,10],"1":[13,12],"2":[3,10],"3":[13,10],"4":[3,10],"5":[13,11],"6":[3,10],"7":[13,10],"8":[13,0]},"_coverageSchema":"1a1c01bbd47fc00a2c39e90264f33305004495a9","hash":"180291222cf44033a2fee6f4d1d4928f85a402d6"}
,"D:\\doan_KTPM\\FloginFE_BE\\frontend\\src\\components\\ProductView.jsx": {"path":"D:\\doan_KTPM\\FloginFE_BE\\frontend\\src\\components\\ProductView.jsx","statementMap":{"0":{"start":{"line":6,"column":17},"end":{"line":13,"column":5}},"1":{"start":{"line":15,"column":4},"end":{"line":46,"column":6}}},"fnMap":{"0":{"name":"ProductDetailsView","decl":{"start":{"line":5,"column":24},"end":{"line":5,"column":42}},"loc":{"start":{"line":5,"column":60},"end":{"line":47,"column":1}},"line":5}},"branchMap":{"0":{"loc":{"start":{"line":6,"column":17},"end":{"line":13,"column":5}},"type":"binary-expr","locations":[{"start":{"line":6,"column":17},"end":{"line":6,"column":28}},{"start":{"line":6,"column":32},"end":{"line":13,"column":5}}],"line":6},"1":{"loc":{"start":{"line":25,"column":55},"end":{"line":25,"column":99}},"type":"binary-expr","locations":[{"start":{"line":25,"column":55},"end":{"line":25,"column":71}},{"start":{"line":25,"column":75},"end":{"line":25,"column":99}}],"line":25}},"s":{"0":5,"1":5},"f":{"0":5},"b":{"0":[5,0],"1":[5,0]},"_coverageSchema":"1a1c01bbd47fc00a2c39e90264f33305004495a9","hash":"0680e285bbb293a62533998ce964438116f0757b"}
,"D:\\doan_KTPM\\FloginFE_BE\\frontend\\src\\services\\ProductApi.js": {"path":"D:\\doan_KTPM\\FloginFE_BE\\frontend\\src\\services\\ProductApi.js","statementMap":{"0":{"start":{"line":3,"column":29},"end":{"line":16,"column":1}},"1":{"start":{"line":4,"column":3},"end":{"line":15,"column":3}},"2":{"start":{"line":5,"column":16},"end":{"line":7,"column":6}},"3":{"start":{"line":8,"column":5},"end":{"line":12,"column":6}},"4":{"start":{"line":14,"column":4},"end":{"line":14,"column":52}},"5":{"start":{"line":17,"column":29},"end":{"line":30,"column":1}},"6":{"start":{"line":18,"column":4},"end":{"line":29,"column":3}},"7":{"start":{"line":19,"column":16},"end":{"line":25,"column":6}},"8":{"start":{"line":26,"column":4},"end":{"line":26,"column":20}},"9":{"start":{"line":28,"column":4},"end":{"line":28,"column":50}},"10":{"start":{"line":31,"column":29},"end":{"line":44,"column":1}},"11":{"start":{"line":32,"column":4},"end":{"line":43,"column":3}},"12":{"start":{"line":33,"column":16},"end":{"line":39,"column":6}},"13":{"start":{"line":40,"column":4},"end":{"line":40,"column":20}},"14":{"start":{"line":42,"column":4},"end":{"line":42,"column":55}},"15":{"start":{"line":45,"column":29},"end":{"line":52,"column":1}},"16":{"start":{"line":46,"column":2},"end":{"line":51,"column":3}},"17":{"start":{"line":47,"column":16},"end":{"line":47,"column":51}},"18":{"start":{"line":48,"column":4},"end":{"line":48,"column":20}},"19":{"start":{"line":50,"column":4},"end":{"line":50,"column":49}}},"fnMap":{"0":{"name":"(anonymous_0)","decl":{"start":{"line":3,"column":29},"end":{"line":3,"column":30}},"loc":{"start":{"line":3,"column":45},"end":{"line":16,"column":1}},"line":3},"1":{"name":"(anonymous_1)","decl":{"start":{"line":17,"column":29},"end":{"line":17,"column":30}},"loc":{"start":{"line":17,"column":85},"end":{"line":30,"column":1}},"line":17},"2":{"name":"(anonymous_2)","decl":{"start":{"line":31,"column":29},"end":{"line":31,"column":30}},"loc":{"start":{"line":31,"column":89},"end":{"line":44,"column":1}},"line":31},"3":{"name":"(anonymous_3)","decl":{"start":{"line":45,"column":29},"end":{"line":45,"column":30}},"loc":{"start":{"line":45,"column":43},"end":{"line":52,"column":1}},"line":45}},"branchMap":{},"s":{"0":4,"1":5,"2":5,"3":5,"4":0,"5":4,"6":0,"7":0,"8":0,"9":0,"10":4,"11":0,"12":0,"13":0,"14":0,"15":4,"16":0,"17":0,"18":0,"19":0},"f":{"0":5,"1":0,"2":0,"3":0},"b":{},"_coverageSchema":"1a1c01bbd47fc00a2c39e90264f33305004495a9","hash":"d6173e31512b23e77305ecdb9c5985f5e20367f4"}
,"D:\\doan_KTPM\\FloginFE_BE\\frontend\\src\\services\\api.js": {"path":"D:\\doan_KTPM\\FloginFE_BE\\frontend\\src\\services\\api.js","statementMap":{"0":{"start":{"line":3,"column":0},"end":{"line":3,"column":38}},"1":{"start":{"line":5,"column":12},"end":{"line":11,"column":2}}},"fnMap":{},"branchMap":{},"s":{"0":4,"1":4},"f":{},"b":{},"_coverageSchema":"1a1c01bbd47fc00a2c39e90264f33305004495a9","hash":"09e1213ab89e7ae69694c31732ca93790363d5e4"}
}
