{"D:\\Data\\SOFTWARETESTING\\frontend\\src\\components\\Dashboard.jsx": {"path":"D:\\Data\\SOFTWARETESTING\\frontend\\src\\components\\Dashboard.jsx","statementMap":{"0":{"start":{"line":14,"column":42},"end":{"line":14,"column":57}},"1":{"start":{"line":15,"column":48},"end":{"line":15,"column":63}},"2":{"start":{"line":16,"column":46},"end":{"line":16,"column":60}},"3":{"start":{"line":17,"column":34},"end":{"line":17,"column":46}},"4":{"start":{"line":18,"column":26},"end":{"line":18,"column":37}},"5":{"start":{"line":19,"column":38},"end":{"line":19,"column":49}},"6":{"start":{"line":20,"column":30},"end":{"line":20,"column":42}},"7":{"start":{"line":21,"column":28},"end":{"line":21,"column":42}},"8":{"start":{"line":23,"column":2},"end":{"line":25,"column":9}},"9":{"start":{"line":24,"column":4},"end":{"line":24,"column":20}},"10":{"start":{"line":26,"column":24},"end":{"line":44,"column":3}},"11":{"start":{"line":27,"column":4},"end":{"line":43,"column":5}},"12":{"start":{"line":28,"column":21},"end":{"line":28,"column":52}},"13":{"start":{"line":30,"column":6},"end":{"line":38,"column":7}},"14":{"start":{"line":31,"column":8},"end":{"line":31,"column":37}},"15":{"start":{"line":32,"column":8},"end":{"line":32,"column":24}},"16":{"start":{"line":34,"column":8},"end":{"line":34,"column":23}},"17":{"start":{"line":35,"column":8},"end":{"line":35,"column":36}},"18":{"start":{"line":36,"column":8},"end":{"line":36,"column":28}},"19":{"start":{"line":37,"column":8},"end":{"line":37,"column":46}},"20":{"start":{"line":40,"column":6},"end":{"line":40,"column":54}},"21":{"start":{"line":41,"column":6},"end":{"line":41,"column":41}},"22":{"start":{"line":42,"column":6},"end":{"line":42,"column":22}},"23":{"start":{"line":46,"column":26},"end":{"line":50,"column":3}},"24":{"start":{"line":47,"column":4},"end":{"line":47,"column":30}},"25":{"start":{"line":48,"column":4},"end":{"line":48,"column":31}},"26":{"start":{"line":49,"column":4},"end":{"line":49,"column":26}},"27":{"start":{"line":52,"column":25},"end":{"line":58,"column":3}},"28":{"start":{"line":54,"column":4},"end":{"line":57,"column":5}},"29":{"start":{"line":55,"column":6},"end":{"line":55,"column":33}},"30":{"start":{"line":56,"column":6},"end":{"line":56,"column":31}},"31":{"start":{"line":60,"column":23},"end":{"line":69,"column":3}},"32":{"start":{"line":61,"column":4},"end":{"line":68,"column":5}},"33":{"start":{"line":62,"column":18},"end":{"line":62,"column":56}},"34":{"start":{"line":63,"column":6},"end":{"line":63,"column":76}},"35":{"start":{"line":63,"column":28},"end":{"line":63,"column":74}},"36":{"start":{"line":63,"column":47},"end":{"line":63,"column":73}},"37":{"start":{"line":64,"column":6},"end":{"line":64,"column":40}},"38":{"start":{"line":66,"column":6},"end":{"line":66,"column":52}},"39":{"start":{"line":67,"column":6},"end":{"line":67,"column":61}},"40":{"start":{"line":70,"column":25},"end":{"line":83,"column":3}},"41":{"start":{"line":71,"column":4},"end":{"line":82,"column":5}},"42":{"start":{"line":72,"column":18},"end":{"line":72,"column":53}},"43":{"start":{"line":73,"column":6},"end":{"line":73,"column":29}},"44":{"start":{"line":74,"column":6},"end":{"line":76,"column":8}},"45":{"start":{"line":75,"column":8},"end":{"line":75,"column":76}},"46":{"start":{"line":75,"column":25},"end":{"line":75,"column":74}},"47":{"start":{"line":77,"column":6},"end":{"line":77,"column":28}},"48":{"start":{"line":78,"column":6},"end":{"line":78,"column":45}},"49":{"start":{"line":80,"column":6},"end":{"line":80,"column":57}},"50":{"start":{"line":81,"column":6},"end":{"line":81,"column":66}},"51":{"start":{"line":84,"column":27},"end":{"line":86,"column":3}},"52":{"start":{"line":85,"column":4},"end":{"line":85,"column":55}},"53":{"start":{"line":87,"column":2},"end":{"line":194,"column":4}},"54":{"start":{"line":94,"column":27},"end":{"line":94,"column":52}},"55":{"start":{"line":119,"column":18},"end":{"line":152,"column":23}},"56":{"start":{"line":122,"column":35},"end":{"line":122,"column":59}},"57":{"start":{"line":137,"column":38},"end":{"line":137,"column":57}},"58":{"start":{"line":141,"column":39},"end":{"line":141,"column":64}},"59":{"start":{"line":147,"column":39},"end":{"line":147,"column":61}},"60":{"start":{"line":160,"column":54},"end":{"line":160,"column":77}},"61":{"start":{"line":166,"column":27},"end":{"line":166,"column":50}},"62":{"start":{"line":175,"column":55},"end":{"line":175,"column":77}},"63":{"start":{"line":178,"column":27},"end":{"line":178,"column":49}},"64":{"start":{"line":187,"column":25},"end":{"line":187,"column":50}}},"fnMap":{"0":{"name":"Dashboard","decl":{"start":{"line":13,"column":24},"end":{"line":13,"column":33}},"loc":{"start":{"line":13,"column":36},"end":{"line":195,"column":1}},"line":13},"1":{"name":"(anonymous_1)","decl":{"start":{"line":23,"column":12},"end":{"line":23,"column":13}},"loc":{"start":{"line":23,"column":18},"end":{"line":25,"column":3}},"line":23},"2":{"name":"(anonymous_2)","decl":{"start":{"line":26,"column":24},"end":{"line":26,"column":25}},"loc":{"start":{"line":26,"column":50},"end":{"line":44,"column":3}},"line":26},"3":{"name":"(anonymous_3)","decl":{"start":{"line":46,"column":26},"end":{"line":46,"column":27}},"loc":{"start":{"line":46,"column":39},"end":{"line":50,"column":3}},"line":46},"4":{"name":"(anonymous_4)","decl":{"start":{"line":52,"column":25},"end":{"line":52,"column":26}},"loc":{"start":{"line":52,"column":38},"end":{"line":58,"column":3}},"line":52},"5":{"name":"(anonymous_5)","decl":{"start":{"line":60,"column":23},"end":{"line":60,"column":24}},"loc":{"start":{"line":60,"column":49},"end":{"line":69,"column":3}},"line":60},"6":{"name":"(anonymous_6)","decl":{"start":{"line":63,"column":18},"end":{"line":63,"column":19}},"loc":{"start":{"line":63,"column":28},"end":{"line":63,"column":74}},"line":63},"7":{"name":"(anonymous_7)","decl":{"start":{"line":63,"column":40},"end":{"line":63,"column":41}},"loc":{"start":{"line":63,"column":47},"end":{"line":63,"column":73}},"line":63},"8":{"name":"(anonymous_8)","decl":{"start":{"line":70,"column":25},"end":{"line":70,"column":26}},"loc":{"start":{"line":70,"column":51},"end":{"line":83,"column":3}},"line":70},"9":{"name":"(anonymous_9)","decl":{"start":{"line":74,"column":18},"end":{"line":74,"column":19}},"loc":{"start":{"line":75,"column":8},"end":{"line":75,"column":76}},"line":75},"10":{"name":"(anonymous_10)","decl":{"start":{"line":75,"column":17},"end":{"line":75,"column":18}},"loc":{"start":{"line":75,"column":25},"end":{"line":75,"column":74}},"line":75},"11":{"name":"(anonymous_11)","decl":{"start":{"line":84,"column":43},"end":{"line":84,"column":44}},"loc":{"start":{"line":85,"column":4},"end":{"line":85,"column":55}},"line":85},"12":{"name":"(anonymous_12)","decl":{"start":{"line":94,"column":20},"end":{"line":94,"column":21}},"loc":{"start":{"line":94,"column":27},"end":{"line":94,"column":52}},"line":94},"13":{"name":"(anonymous_13)","decl":{"start":{"line":118,"column":37},"end":{"line":118,"column":38}},"loc":{"start":{"line":119,"column":18},"end":{"line":152,"column":23}},"line":119},"14":{"name":"(anonymous_14)","decl":{"start":{"line":122,"column":29},"end":{"line":122,"column":30}},"loc":{"start":{"line":122,"column":35},"end":{"line":122,"column":59}},"line":122},"15":{"name":"(anonymous_15)","decl":{"start":{"line":137,"column":31},"end":{"line":137,"column":32}},"loc":{"start":{"line":137,"column":38},"end":{"line":137,"column":57}},"line":137},"16":{"name":"(anonymous_16)","decl":{"start":{"line":141,"column":33},"end":{"line":141,"column":34}},"loc":{"start":{"line":141,"column":39},"end":{"line":141,"column":64}},"line":141},"17":{"name":"(anonymous_17)","decl":{"start":{"line":147,"column":33},"end":{"line":147,"column":34}},"loc":{"start":{"line":147,"column":39},"end":{"line":147,"column":61}},"line":147},"18":{"name":"(anonymous_18)","decl":{"start":{"line":160,"column":48},"end":{"line":160,"column":49}},"loc":{"start":{"line":160,"column":54},"end":{"line":160,"column":77}},"line":160},"19":{"name":"(anonymous_19)","decl":{"start":{"line":166,"column":21},"end":{"line":166,"column":22}},"loc":{"start":{"line":166,"column":27},"end":{"line":166,"column":50}},"line":166},"20":{"name":"(anonymous_20)","decl":{"start":{"line":175,"column":49},"end":{"line":175,"column":50}},"loc":{"start":{"line":175,"column":55},"end":{"line":175,"column":77}},"line":175},"21":{"name":"(anonymous_21)","decl":{"start":{"line":178,"column":21},"end":{"line":178,"column":22}},"loc":{"start":{"line":178,"column":27},"end":{"line":178,"column":49}},"line":178},"22":{"name":"(anonymous_22)","decl":{"start":{"line":187,"column":19},"end":{"line":187,"column":20}},"loc":{"start":{"line":187,"column":25},"end":{"line":187,"column":50}},"line":187}},"branchMap":{"0":{"loc":{"start":{"line":26,"column":31},"end":{"line":26,"column":45}},"type":"default-arg","locations":[{"start":{"line":26,"column":44},"end":{"line":26,"column":45}}],"line":26},"1":{"loc":{"start":{"line":30,"column":6},"end":{"line":38,"column":7}},"type":"if","locations":[{"start":{"line":30,"column":6},"end":{"line":38,"column":7}},{"start":{"line":33,"column":13},"end":{"line":38,"column":7}}],"line":30},"2":{"loc":{"start":{"line":30,"column":10},"end":{"line":30,"column":67}},"type":"binary-expr","locations":[{"start":{"line":30,"column":10},"end":{"line":30,"column":17}},{"start":{"line":30,"column":21},"end":{"line":30,"column":36}},{"start":{"line":30,"column":40},"end":{"line":30,"column":67}}],"line":30},"3":{"loc":{"start":{"line":37,"column":22},"end":{"line":37,"column":44}},"type":"binary-expr","locations":[{"start":{"line":37,"column":22},"end":{"line":37,"column":39}},{"start":{"line":37,"column":43},"end":{"line":37,"column":44}}],"line":37},"4":{"loc":{"start":{"line":54,"column":4},"end":{"line":57,"column":5}},"type":"if","locations":[{"start":{"line":54,"column":4},"end":{"line":57,"column":5}},{"start":{},"end":{}}],"line":54},"5":{"loc":{"start":{"line":75,"column":25},"end":{"line":75,"column":74}},"type":"cond-expr","locations":[{"start":{"line":75,"column":54},"end":{"line":75,"column":70}},{"start":{"line":75,"column":73},"end":{"line":75,"column":74}}],"line":75},"6":{"loc":{"start":{"line":111,"column":15},"end":{"line":154,"column":15}},"type":"cond-expr","locations":[{"start":{"line":112,"column":16},"end":{"line":116,"column":21}},{"start":{"line":118,"column":16},"end":{"line":153,"column":18}}],"line":111},"7":{"loc":{"start":{"line":132,"column":25},"end":{"line":132,"column":72}},"type":"cond-expr","locations":[{"start":{"line":132,"column":49},"end":{"line":132,"column":59}},{"start":{"line":132,"column":62},"end":{"line":132,"column":72}}],"line":132},"8":{"loc":{"start":{"line":174,"column":7},"end":{"line":182,"column":7}},"type":"binary-expr","locations":[{"start":{"line":174,"column":7},"end":{"line":174,"column":19}},{"start":{"line":175,"column":8},"end":{"line":181,"column":20}}],"line":174},"9":{"loc":{"start":{"line":184,"column":7},"end":{"line":192,"column":7}},"type":"binary-expr","locations":[{"start":{"line":184,"column":7},"end":{"line":184,"column":22}},{"start":{"line":185,"column":8},"end":{"line":191,"column":20}}],"line":184}},"s":{"0":18,"1":18,"2":18,"3":18,"4":18,"5":18,"6":18,"7":18,"8":18,"9":7,"10":18,"11":7,"12":7,"13":7,"14":2,"15":2,"16":5,"17":5,"18":5,"19":5,"20":0,"21":0,"22":0,"23":18,"24":0,"25":0,"26":0,"27":18,"28":5,"29":5,"30":5,"31":18,"32":0,"33":0,"34":0,"35":0,"36":0,"37":0,"38":0,"39":0,"40":18,"41":0,"42":0,"43":0,"44":0,"45":0,"46":0,"47":0,"48":0,"49":0,"50":0,"51":18,"52":10,"53":18,"54":0,"55":10,"56":5,"57":0,"58":0,"59":0,"60":0,"61":0,"62":0,"63":0,"64":0},"f":{"0":18,"1":7,"2":7,"3":0,"4":5,"5":0,"6":0,"7":0,"8":0,"9":0,"10":0,"11":10,"12":0,"13":10,"14":5,"15":0,"16":0,"17":0,"18":0,"19":0,"20":0,"21":0,"22":0},"b":{"0":[7],"1":[2,5],"2":[7,7,5],"3":[5,5],"4":[5,0],"5":[0,0],"6":[8,10],"7":[10,0],"8":[18,0],"9":[18,5]},"_coverageSchema":"1a1c01bbd47fc00a2c39e90264f33305004495a9","hash":"7935c5c87ac20ba0cd48bcae92aed11c6f5e2497"}
,"D:\\Data\\SOFTWARETESTING\\frontend\\src\\components\\FormModel.jsx": {"path":"D:\\Data\\SOFTWARETESTING\\frontend\\src\\components\\FormModel.jsx","statementMap":{"0":{"start":{"line":4,"column":18},"end":{"line":33,"column":1}},"1":{"start":{"line":5,"column":24},"end":{"line":16,"column":3}},"2":{"start":{"line":6,"column":4},"end":{"line":15,"column":5}},"3":{"start":{"line":8,"column":8},"end":{"line":8,"column":32}},"4":{"start":{"line":10,"column":8},"end":{"line":10,"column":32}},"5":{"start":{"line":12,"column":8},"end":{"line":12,"column":33}},"6":{"start":{"line":14,"column":8},"end":{"line":14,"column":32}},"7":{"start":{"line":18,"column":2},"end":{"line":32,"column":4}}},"fnMap":{"0":{"name":"(anonymous_0)","decl":{"start":{"line":4,"column":18},"end":{"line":4,"column":19}},"loc":{"start":{"line":4,"column":72},"end":{"line":33,"column":1}},"line":4},"1":{"name":"(anonymous_1)","decl":{"start":{"line":5,"column":24},"end":{"line":5,"column":25}},"loc":{"start":{"line":5,"column":39},"end":{"line":16,"column":3}},"line":5}},"branchMap":{"0":{"loc":{"start":{"line":4,"column":47},"end":{"line":4,"column":65}},"type":"default-arg","locations":[{"start":{"line":4,"column":55},"end":{"line":4,"column":65}}],"line":4},"1":{"loc":{"start":{"line":6,"column":4},"end":{"line":15,"column":5}},"type":"switch","locations":[{"start":{"line":7,"column":6},"end":{"line":8,"column":32}},{"start":{"line":9,"column":6},"end":{"line":10,"column":32}},{"start":{"line":11,"column":6},"end":{"line":12,"column":33}},{"start":{"line":13,"column":6},"end":{"line":14,"column":32}}],"line":6}},"s":{"0":1,"1":0,"2":0,"3":0,"4":0,"5":0,"6":0,"7":0},"f":{"0":0,"1":0},"b":{"0":[0],"1":[0,0,0,0]},"_coverageSchema":"1a1c01bbd47fc00a2c39e90264f33305004495a9","hash":"caf58a62c2cce3a3a9d14ced7c5912cad944a29a"}
,"D:\\Data\\SOFTWARETESTING\\frontend\\src\\components\\Login.jsx": {"path":"D:\\Data\\SOFTWARETESTING\\frontend\\src\\components\\Login.jsx","statementMap":{"0":{"start":{"line":8,"column":32},"end":{"line":8,"column":44}},"1":{"start":{"line":15,"column":6},"end":{"line":19,"column":4}},"2":{"start":{"line":21,"column":19},"end":{"line":30,"column":3}},"3":{"start":{"line":22,"column":4},"end":{"line":29,"column":5}},"4":{"start":{"line":23,"column":18},"end":{"line":23,"column":42}},"5":{"start":{"line":24,"column":6},"end":{"line":24,"column":57}},"6":{"start":{"line":26,"column":6},"end":{"line":26,"column":14}},"7":{"start":{"line":28,"column":6},"end":{"line":28,"column":52}},"8":{"start":{"line":32,"column":2},"end":{"line":104,"column":4}}},"fnMap":{"0":{"name":"Login","decl":{"start":{"line":7,"column":24},"end":{"line":7,"column":29}},"loc":{"start":{"line":7,"column":54},"end":{"line":105,"column":1}},"line":7},"1":{"name":"(anonymous_1)","decl":{"start":{"line":21,"column":19},"end":{"line":21,"column":20}},"loc":{"start":{"line":21,"column":35},"end":{"line":30,"column":3}},"line":21}},"branchMap":{"0":{"loc":{"start":{"line":24,"column":17},"end":{"line":24,"column":55}},"type":"binary-expr","locations":[{"start":{"line":24,"column":17},"end":{"line":24,"column":28}},{"start":{"line":24,"column":32},"end":{"line":24,"column":55}}],"line":24},"1":{"loc":{"start":{"line":50,"column":11},"end":{"line":57,"column":11}},"type":"binary-expr","locations":[{"start":{"line":50,"column":11},"end":{"line":50,"column":26}},{"start":{"line":51,"column":12},"end":{"line":56,"column":16}}],"line":50},"2":{"loc":{"start":{"line":68,"column":11},"end":{"line":75,"column":11}},"type":"binary-expr","locations":[{"start":{"line":68,"column":11},"end":{"line":68,"column":26}},{"start":{"line":69,"column":12},"end":{"line":74,"column":16}}],"line":68},"3":{"loc":{"start":{"line":94,"column":9},"end":{"line":101,"column":9}},"type":"binary-expr","locations":[{"start":{"line":94,"column":9},"end":{"line":94,"column":16}},{"start":{"line":95,"column":10},"end":{"line":100,"column":14}}],"line":94}},"s":{"0":23,"1":23,"2":23,"3":5,"4":5,"5":3,"6":3,"7":2,"8":23},"f":{"0":23,"1":5},"b":{"0":[3,0],"1":[23,2],"2":[23,1],"3":[23,5]},"_coverageSchema":"1a1c01bbd47fc00a2c39e90264f33305004495a9","hash":"6dfa9ce6a1f51fdfcdc5e47f328470e8fe6f1a78"}
,"D:\\Data\\SOFTWARETESTING\\frontend\\src\\components\\ProductAdd.jsx": {"path":"D:\\Data\\SOFTWARETESTING\\frontend\\src\\components\\ProductAdd.jsx","statementMap":{"0":{"start":{"line":8,"column":32},"end":{"line":14,"column":4}},"1":{"start":{"line":15,"column":30},"end":{"line":15,"column":42}},"2":{"start":{"line":17,"column":23},"end":{"line":20,"column":3}},"3":{"start":{"line":18,"column":28},"end":{"line":18,"column":36}},"4":{"start":{"line":19,"column":4},"end":{"line":19,"column":55}},"5":{"start":{"line":19,"column":26},"end":{"line":19,"column":52}},"6":{"start":{"line":22,"column":23},"end":{"line":47,"column":3}},"7":{"start":{"line":23,"column":4},"end":{"line":23,"column":23}},"8":{"start":{"line":24,"column":29},"end":{"line":24,"column":53}},"9":{"start":{"line":25,"column":4},"end":{"line":28,"column":5}},"10":{"start":{"line":26,"column":6},"end":{"line":26,"column":34}},"11":{"start":{"line":27,"column":6},"end":{"line":27,"column":13}},"12":{"start":{"line":29,"column":4},"end":{"line":46,"column":5}},"13":{"start":{"line":30,"column":25},"end":{"line":30,"column":53}},"14":{"start":{"line":31,"column":6},"end":{"line":31,"column":59}},"15":{"start":{"line":34,"column":6},"end":{"line":34,"column":43}},"16":{"start":{"line":35,"column":6},"end":{"line":41,"column":9}},"17":{"start":{"line":42,"column":6},"end":{"line":42,"column":20}},"18":{"start":{"line":44,"column":6},"end":{"line":44,"column":53}},"19":{"start":{"line":45,"column":6},"end":{"line":45,"column":58}},"20":{"start":{"line":49,"column":23},"end":{"line":58,"column":3}},"21":{"start":{"line":50,"column":4},"end":{"line":50,"column":35}},"22":{"start":{"line":51,"column":4},"end":{"line":57,"column":7}},"23":{"start":{"line":60,"column":2},"end":{"line":183,"column":4}}},"fnMap":{"0":{"name":"ProductAdd","decl":{"start":{"line":7,"column":24},"end":{"line":7,"column":34}},"loc":{"start":{"line":7,"column":37},"end":{"line":184,"column":1}},"line":7},"1":{"name":"(anonymous_1)","decl":{"start":{"line":17,"column":23},"end":{"line":17,"column":24}},"loc":{"start":{"line":17,"column":30},"end":{"line":20,"column":3}},"line":17},"2":{"name":"(anonymous_2)","decl":{"start":{"line":19,"column":15},"end":{"line":19,"column":16}},"loc":{"start":{"line":19,"column":26},"end":{"line":19,"column":52}},"line":19},"3":{"name":"(anonymous_3)","decl":{"start":{"line":22,"column":23},"end":{"line":22,"column":24}},"loc":{"start":{"line":22,"column":36},"end":{"line":47,"column":3}},"line":22},"4":{"name":"(anonymous_4)","decl":{"start":{"line":49,"column":23},"end":{"line":49,"column":24}},"loc":{"start":{"line":49,"column":29},"end":{"line":58,"column":3}},"line":49}},"branchMap":{"0":{"loc":{"start":{"line":25,"column":4},"end":{"line":28,"column":5}},"type":"if","locations":[{"start":{"line":25,"column":4},"end":{"line":28,"column":5}},{"start":{},"end":{}}],"line":25},"1":{"loc":{"start":{"line":81,"column":11},"end":{"line":85,"column":11}},"type":"binary-expr","locations":[{"start":{"line":81,"column":11},"end":{"line":81,"column":22}},{"start":{"line":82,"column":12},"end":{"line":84,"column":16}}],"line":81},"2":{"loc":{"start":{"line":101,"column":11},"end":{"line":105,"column":11}},"type":"binary-expr","locations":[{"start":{"line":101,"column":11},"end":{"line":101,"column":29}},{"start":{"line":102,"column":12},"end":{"line":104,"column":16}}],"line":101},"3":{"loc":{"start":{"line":120,"column":11},"end":{"line":124,"column":11}},"type":"binary-expr","locations":[{"start":{"line":120,"column":11},"end":{"line":120,"column":23}},{"start":{"line":121,"column":12},"end":{"line":123,"column":16}}],"line":120},"4":{"loc":{"start":{"line":140,"column":11},"end":{"line":144,"column":11}},"type":"binary-expr","locations":[{"start":{"line":140,"column":11},"end":{"line":140,"column":26}},{"start":{"line":141,"column":12},"end":{"line":143,"column":16}}],"line":140},"5":{"loc":{"start":{"line":161,"column":11},"end":{"line":165,"column":11}},"type":"binary-expr","locations":[{"start":{"line":161,"column":11},"end":{"line":161,"column":26}},{"start":{"line":162,"column":12},"end":{"line":164,"column":16}}],"line":161}},"s":{"0":28,"1":28,"2":28,"3":20,"4":20,"5":20,"6":28,"7":4,"8":4,"9":4,"10":4,"11":4,"12":0,"13":0,"14":0,"15":0,"16":0,"17":0,"18":0,"19":0,"20":28,"21":0,"22":0,"23":28},"f":{"0":28,"1":20,"2":20,"3":4,"4":0},"b":{"0":[4,0],"1":[28,1],"2":[28,1],"3":[28,1],"4":[28,4],"5":[28,1]},"_coverageSchema":"1a1c01bbd47fc00a2c39e90264f33305004495a9","hash":"e2102f15bb5c65c135f8ebbd086977cad7a8149c"}
,"D:\\Data\\SOFTWARETESTING\\frontend\\src\\components\\ProductEditForm.jsx": {"path":"D:\\Data\\SOFTWARETESTING\\frontend\\src\\components\\ProductEditForm.jsx","statementMap":{"0":{"start":{"line":6,"column":44},"end":{"line":14,"column":3}},"1":{"start":{"line":15,"column":30},"end":{"line":15,"column":42}},"2":{"start":{"line":17,"column":2},"end":{"line":21,"column":20}},"3":{"start":{"line":18,"column":4},"end":{"line":20,"column":5}},"4":{"start":{"line":19,"column":6},"end":{"line":19,"column":36}},"5":{"start":{"line":23,"column":23},"end":{"line":26,"column":3}},"6":{"start":{"line":24,"column":28},"end":{"line":24,"column":36}},"7":{"start":{"line":25,"column":4},"end":{"line":25,"column":61}},"8":{"start":{"line":25,"column":32},"end":{"line":25,"column":58}},"9":{"start":{"line":28,"column":23},"end":{"line":48,"column":3}},"10":{"start":{"line":29,"column":4},"end":{"line":29,"column":23}},"11":{"start":{"line":30,"column":29},"end":{"line":36,"column":6}},"12":{"start":{"line":39,"column":4},"end":{"line":42,"column":5}},"13":{"start":{"line":40,"column":6},"end":{"line":40,"column":34}},"14":{"start":{"line":41,"column":6},"end":{"line":41,"column":13}},"15":{"start":{"line":45,"column":4},"end":{"line":45,"column":18}},"16":{"start":{"line":46,"column":4},"end":{"line":46,"column":26}},"17":{"start":{"line":47,"column":4},"end":{"line":47,"column":14}},"18":{"start":{"line":50,"column":2},"end":{"line":142,"column":4}}},"fnMap":{"0":{"name":"ProductEditForm","decl":{"start":{"line":5,"column":24},"end":{"line":5,"column":39}},"loc":{"start":{"line":5,"column":74},"end":{"line":143,"column":1}},"line":5},"1":{"name":"(anonymous_1)","decl":{"start":{"line":17,"column":12},"end":{"line":17,"column":13}},"loc":{"start":{"line":17,"column":18},"end":{"line":21,"column":3}},"line":17},"2":{"name":"(anonymous_2)","decl":{"start":{"line":23,"column":23},"end":{"line":23,"column":24}},"loc":{"start":{"line":23,"column":30},"end":{"line":26,"column":3}},"line":23},"3":{"name":"(anonymous_3)","decl":{"start":{"line":25,"column":21},"end":{"line":25,"column":22}},"loc":{"start":{"line":25,"column":32},"end":{"line":25,"column":58}},"line":25},"4":{"name":"(anonymous_4)","decl":{"start":{"line":28,"column":23},"end":{"line":28,"column":24}},"loc":{"start":{"line":28,"column":30},"end":{"line":48,"column":3}},"line":28}},"branchMap":{"0":{"loc":{"start":{"line":7,"column":4},"end":{"line":13,"column":5}},"type":"binary-expr","locations":[{"start":{"line":7,"column":4},"end":{"line":7,"column":15}},{"start":{"line":7,"column":19},"end":{"line":13,"column":5}}],"line":7},"1":{"loc":{"start":{"line":18,"column":4},"end":{"line":20,"column":5}},"type":"if","locations":[{"start":{"line":18,"column":4},"end":{"line":20,"column":5}},{"start":{},"end":{}}],"line":18},"2":{"loc":{"start":{"line":39,"column":4},"end":{"line":42,"column":5}},"type":"if","locations":[{"start":{"line":39,"column":4},"end":{"line":42,"column":5}},{"start":{},"end":{}}],"line":39},"3":{"loc":{"start":{"line":67,"column":9},"end":{"line":67,"column":67}},"type":"binary-expr","locations":[{"start":{"line":67,"column":9},"end":{"line":67,"column":20}},{"start":{"line":67,"column":24},"end":{"line":67,"column":67}}],"line":67},"4":{"loc":{"start":{"line":82,"column":9},"end":{"line":84,"column":9}},"type":"binary-expr","locations":[{"start":{"line":82,"column":9},"end":{"line":82,"column":27}},{"start":{"line":83,"column":10},"end":{"line":83,"column":60}}],"line":82},"5":{"loc":{"start":{"line":99,"column":9},"end":{"line":99,"column":69}},"type":"binary-expr","locations":[{"start":{"line":99,"column":9},"end":{"line":99,"column":21}},{"start":{"line":99,"column":25},"end":{"line":99,"column":69}}],"line":99},"6":{"loc":{"start":{"line":114,"column":9},"end":{"line":114,"column":75}},"type":"binary-expr","locations":[{"start":{"line":114,"column":9},"end":{"line":114,"column":24}},{"start":{"line":114,"column":28},"end":{"line":114,"column":75}}],"line":114},"7":{"loc":{"start":{"line":130,"column":7},"end":{"line":130,"column":73}},"type":"binary-expr","locations":[{"start":{"line":130,"column":7},"end":{"line":130,"column":22}},{"start":{"line":130,"column":26},"end":{"line":130,"column":73}}],"line":130}},"s":{"0":16,"1":16,"2":16,"3":4,"4":4,"5":16,"6":4,"7":4,"8":4,"9":16,"10":4,"11":4,"12":4,"13":4,"14":4,"15":0,"16":0,"17":0,"18":16},"f":{"0":16,"1":4,"2":4,"3":4,"4":4},"b":{"0":[16,0],"1":[4,0],"2":[4,0],"3":[16,1],"4":[16,1],"5":[16,1],"6":[16,4],"7":[16,1]},"_coverageSchema":"1a1c01bbd47fc00a2c39e90264f33305004495a9","hash":"5f32edb7b14d6cc4701d14790b99810d809fc1bb"}
,"D:\\Data\\SOFTWARETESTING\\frontend\\src\\components\\ProductValidate.js": {"path":"D:\\Data\\SOFTWARETESTING\\frontend\\src\\components\\ProductValidate.js","statementMap":{"0":{"start":{"line":2,"column":17},"end":{"line":2,"column":19}},"1":{"start":{"line":3,"column":2},"end":{"line":5,"column":3}},"2":{"start":{"line":4,"column":4},"end":{"line":4,"column":82}},"3":{"start":{"line":7,"column":2},"end":{"line":9,"column":3}},"4":{"start":{"line":8,"column":4},"end":{"line":8,"column":58}},"5":{"start":{"line":11,"column":2},"end":{"line":13,"column":3}},"6":{"start":{"line":12,"column":4},"end":{"line":12,"column":67}},"7":{"start":{"line":15,"column":2},"end":{"line":17,"column":3}},"8":{"start":{"line":16,"column":4},"end":{"line":16,"column":59}},"9":{"start":{"line":19,"column":26},"end":{"line":29,"column":1}},"10":{"start":{"line":30,"column":2},"end":{"line":32,"column":3}},"11":{"start":{"line":31,"column":4},"end":{"line":31,"column":47}},"12":{"start":{"line":34,"column":2},"end":{"line":34,"column":16}}},"fnMap":{"0":{"name":"validateProduct","decl":{"start":{"line":1,"column":9},"end":{"line":1,"column":24}},"loc":{"start":{"line":1,"column":34},"end":{"line":35,"column":1}},"line":1}},"branchMap":{"0":{"loc":{"start":{"line":3,"column":2},"end":{"line":5,"column":3}},"type":"if","locations":[{"start":{"line":3,"column":2},"end":{"line":5,"column":3}},{"start":{},"end":{}}],"line":3},"1":{"loc":{"start":{"line":3,"column":6},"end":{"line":3,"column":53}},"type":"binary-expr","locations":[{"start":{"line":3,"column":6},"end":{"line":3,"column":19}},{"start":{"line":3,"column":23},"end":{"line":3,"column":53}}],"line":3},"2":{"loc":{"start":{"line":7,"column":2},"end":{"line":9,"column":3}},"type":"if","locations":[{"start":{"line":7,"column":2},"end":{"line":9,"column":3}},{"start":{},"end":{}}],"line":7},"3":{"loc":{"start":{"line":7,"column":6},"end":{"line":7,"column":53}},"type":"binary-expr","locations":[{"start":{"line":7,"column":6},"end":{"line":7,"column":24}},{"start":{"line":7,"column":28},"end":{"line":7,"column":53}}],"line":7},"4":{"loc":{"start":{"line":11,"column":2},"end":{"line":13,"column":3}},"type":"if","locations":[{"start":{"line":11,"column":2},"end":{"line":13,"column":3}},{"start":{},"end":{}}],"line":11},"5":{"loc":{"start":{"line":11,"column":6},"end":{"line":11,"column":55}},"type":"binary-expr","locations":[{"start":{"line":11,"column":6},"end":{"line":11,"column":27}},{"start":{"line":11,"column":31},"end":{"line":11,"column":55}}],"line":11},"6":{"loc":{"start":{"line":15,"column":2},"end":{"line":17,"column":3}},"type":"if","locations":[{"start":{"line":15,"column":2},"end":{"line":17,"column":3}},{"start":{},"end":{}}],"line":15},"7":{"loc":{"start":{"line":15,"column":6},"end":{"line":15,"column":61}},"type":"binary-expr","locations":[{"start":{"line":15,"column":6},"end":{"line":15,"column":25}},{"start":{"line":15,"column":29},"end":{"line":15,"column":61}}],"line":15},"8":{"loc":{"start":{"line":30,"column":2},"end":{"line":32,"column":3}},"type":"if","locations":[{"start":{"line":30,"column":2},"end":{"line":32,"column":3}},{"start":{},"end":{}}],"line":30}},"s":{"0":13,"1":13,"2":3,"3":13,"4":3,"5":13,"6":3,"7":13,"8":3,"9":13,"10":13,"11":13,"12":13},"f":{"0":13},"b":{"0":[3,10],"1":[13,12],"2":[3,10],"3":[13,10],"4":[3,10],"5":[13,11],"6":[3,10],"7":[13,10],"8":[13,0]},"_coverageSchema":"1a1c01bbd47fc00a2c39e90264f33305004495a9","hash":"68857accf23c500ed07f67d1e9f53ff73856f8eb"}
,"D:\\Data\\SOFTWARETESTING\\frontend\\src\\components\\ProductView.jsx": {"path":"D:\\Data\\SOFTWARETESTING\\frontend\\src\\components\\ProductView.jsx","statementMap":{"0":{"start":{"line":5,"column":15},"end":{"line":12,"column":3}},"1":{"start":{"line":14,"column":2},"end":{"line":45,"column":4}}},"fnMap":{"0":{"name":"ProductDetailsView","decl":{"start":{"line":4,"column":24},"end":{"line":4,"column":42}},"loc":{"start":{"line":4,"column":60},"end":{"line":46,"column":1}},"line":4}},"branchMap":{"0":{"loc":{"start":{"line":5,"column":15},"end":{"line":12,"column":3}},"type":"binary-expr","locations":[{"start":{"line":5,"column":15},"end":{"line":5,"column":26}},{"start":{"line":5,"column":30},"end":{"line":12,"column":3}}],"line":5},"1":{"loc":{"start":{"line":25,"column":13},"end":{"line":25,"column":57}},"type":"binary-expr","locations":[{"start":{"line":25,"column":13},"end":{"line":25,"column":29}},{"start":{"line":25,"column":33},"end":{"line":25,"column":57}}],"line":25}},"s":{"0":5,"1":5},"f":{"0":5},"b":{"0":[5,0],"1":[5,0]},"_coverageSchema":"1a1c01bbd47fc00a2c39e90264f33305004495a9","hash":"14f104dc1665caa385153fdd6fa581bd70113d17"}
,"D:\\Data\\SOFTWARETESTING\\frontend\\src\\services\\ProductApi.js": {"path":"D:\\Data\\SOFTWARETESTING\\frontend\\src\\services\\ProductApi.js","statementMap":{"0":{"start":{"line":3,"column":29},"end":{"line":16,"column":1}},"1":{"start":{"line":4,"column":3},"end":{"line":15,"column":3}},"2":{"start":{"line":5,"column":16},"end":{"line":7,"column":6}},"3":{"start":{"line":8,"column":5},"end":{"line":12,"column":6}},"4":{"start":{"line":14,"column":4},"end":{"line":14,"column":52}},"5":{"start":{"line":17,"column":29},"end":{"line":30,"column":1}},"6":{"start":{"line":18,"column":4},"end":{"line":29,"column":3}},"7":{"start":{"line":19,"column":16},"end":{"line":25,"column":6}},"8":{"start":{"line":26,"column":4},"end":{"line":26,"column":20}},"9":{"start":{"line":28,"column":4},"end":{"line":28,"column":50}},"10":{"start":{"line":31,"column":29},"end":{"line":44,"column":1}},"11":{"start":{"line":32,"column":4},"end":{"line":43,"column":3}},"12":{"start":{"line":33,"column":16},"end":{"line":39,"column":6}},"13":{"start":{"line":40,"column":4},"end":{"line":40,"column":20}},"14":{"start":{"line":42,"column":4},"end":{"line":42,"column":55}},"15":{"start":{"line":45,"column":29},"end":{"line":52,"column":1}},"16":{"start":{"line":46,"column":2},"end":{"line":51,"column":3}},"17":{"start":{"line":47,"column":16},"end":{"line":47,"column":51}},"18":{"start":{"line":48,"column":4},"end":{"line":48,"column":20}},"19":{"start":{"line":50,"column":4},"end":{"line":50,"column":49}}},"fnMap":{"0":{"name":"(anonymous_0)","decl":{"start":{"line":3,"column":29},"end":{"line":3,"column":30}},"loc":{"start":{"line":3,"column":45},"end":{"line":16,"column":1}},"line":3},"1":{"name":"(anonymous_1)","decl":{"start":{"line":17,"column":29},"end":{"line":17,"column":30}},"loc":{"start":{"line":17,"column":85},"end":{"line":30,"column":1}},"line":17},"2":{"name":"(anonymous_2)","decl":{"start":{"line":31,"column":29},"end":{"line":31,"column":30}},"loc":{"start":{"line":31,"column":89},"end":{"line":44,"column":1}},"line":31},"3":{"name":"(anonymous_3)","decl":{"start":{"line":45,"column":29},"end":{"line":45,"column":30}},"loc":{"start":{"line":45,"column":43},"end":{"line":52,"column":1}},"line":45}},"branchMap":{},"s":{"0":4,"1":5,"2":5,"3":5,"4":0,"5":4,"6":0,"7":0,"8":0,"9":0,"10":4,"11":0,"12":0,"13":0,"14":0,"15":4,"16":0,"17":0,"18":0,"19":0},"f":{"0":5,"1":0,"2":0,"3":0},"b":{},"_coverageSchema":"1a1c01bbd47fc00a2c39e90264f33305004495a9","hash":"a4f27435b2dba57f29793b25bfe48eb130094769"}
,"D:\\Data\\SOFTWARETESTING\\frontend\\src\\services\\api.js": {"path":"D:\\Data\\SOFTWARETESTING\\frontend\\src\\services\\api.js","statementMap":{"0":{"start":{"line":3,"column":0},"end":{"line":3,"column":38}},"1":{"start":{"line":5,"column":12},"end":{"line":11,"column":2}}},"fnMap":{},"branchMap":{},"s":{"0":4,"1":4},"f":{},"b":{},"_coverageSchema":"1a1c01bbd47fc00a2c39e90264f33305004495a9","hash":"cb7f475c57f844ac2183936494179fbbb66af9e5"}
,"D:\\Data\\SOFTWARETESTING\\frontend\\src\\services\\authService.js": {"path":"D:\\Data\\SOFTWARETESTING\\frontend\\src\\services\\authService.js","statementMap":{"0":{"start":{"line":5,"column":4},"end":{"line":5,"column":70}},"1":{"start":{"line":9,"column":4},"end":{"line":10,"column":66}},"2":{"start":{"line":10,"column":6},"end":{"line":10,"column":66}},"3":{"start":{"line":11,"column":4},"end":{"line":11,"column":67}},"4":{"start":{"line":11,"column":19},"end":{"line":11,"column":67}},"5":{"start":{"line":12,"column":4},"end":{"line":12,"column":67}},"6":{"start":{"line":12,"column":19},"end":{"line":12,"column":67}},"7":{"start":{"line":14,"column":17},"end":{"line":14,"column":64}},"8":{"start":{"line":14,"column":40},"end":{"line":14,"column":63}},"9":{"start":{"line":15,"column":4},"end":{"line":15,"column":57}},"10":{"start":{"line":15,"column":15},"end":{"line":15,"column":57}},"11":{"start":{"line":17,"column":4},"end":{"line":18,"column":50}},"12":{"start":{"line":18,"column":6},"end":{"line":18,"column":50}},"13":{"start":{"line":20,"column":4},"end":{"line":24,"column":6}},"14":{"start":{"line":28,"column":21},"end":{"line":28,"column":38}},"15":{"start":{"line":30,"column":21},"end":{"line":32,"column":1}},"16":{"start":{"line":31,"column":2},"end":{"line":31,"column":48}}},"fnMap":{"0":{"name":"(anonymous_0)","decl":{"start":{"line":4,"column":2},"end":{"line":4,"column":3}},"loc":{"start":{"line":4,"column":21},"end":{"line":6,"column":3}},"line":4},"1":{"name":"(anonymous_1)","decl":{"start":{"line":8,"column":2},"end":{"line":8,"column":3}},"loc":{"start":{"line":8,"column":28},"end":{"line":25,"column":3}},"line":8},"2":{"name":"(anonymous_2)","decl":{"start":{"line":14,"column":33},"end":{"line":14,"column":34}},"loc":{"start":{"line":14,"column":40},"end":{"line":14,"column":63}},"line":14},"3":{"name":"(anonymous_3)","decl":{"start":{"line":30,"column":21},"end":{"line":30,"column":22}},"loc":{"start":{"line":30,"column":55},"end":{"line":32,"column":1}},"line":30}},"branchMap":{"0":{"loc":{"start":{"line":5,"column":17},"end":{"line":5,"column":69}},"type":"binary-expr","locations":[{"start":{"line":5,"column":17},"end":{"line":5,"column":22}},{"start":{"line":5,"column":26},"end":{"line":5,"column":69}}],"line":5},"1":{"loc":{"start":{"line":9,"column":4},"end":{"line":10,"column":66}},"type":"if","locations":[{"start":{"line":9,"column":4},"end":{"line":10,"column":66}},{"start":{},"end":{}}],"line":9},"2":{"loc":{"start":{"line":9,"column":8},"end":{"line":9,"column":30}},"type":"binary-expr","locations":[{"start":{"line":9,"column":8},"end":{"line":9,"column":17}},{"start":{"line":9,"column":21},"end":{"line":9,"column":30}}],"line":9},"3":{"loc":{"start":{"line":11,"column":4},"end":{"line":11,"column":67}},"type":"if","locations":[{"start":{"line":11,"column":4},"end":{"line":11,"column":67}},{"start":{},"end":{}}],"line":11},"4":{"loc":{"start":{"line":12,"column":4},"end":{"line":12,"column":67}},"type":"if","locations":[{"start":{"line":12,"column":4},"end":{"line":12,"column":67}},{"start":{},"end":{}}],"line":12},"5":{"loc":{"start":{"line":15,"column":4},"end":{"line":15,"column":57}},"type":"if","locations":[{"start":{"line":15,"column":4},"end":{"line":15,"column":57}},{"start":{},"end":{}}],"line":15},"6":{"loc":{"start":{"line":17,"column":4},"end":{"line":18,"column":50}},"type":"if","locations":[{"start":{"line":17,"column":4},"end":{"line":18,"column":50}},{"start":{},"end":{}}],"line":17}},"s":{"0":1,"1":0,"2":0,"3":0,"4":0,"5":0,"6":0,"7":0,"8":0,"9":0,"10":0,"11":0,"12":0,"13":0,"14":1,"15":1,"16":0},"f":{"0":1,"1":0,"2":0,"3":0},"b":{"0":[1,1],"1":[0,0],"2":[0,0],"3":[0,0],"4":[0,0],"5":[0,0],"6":[0,0]},"_coverageSchema":"1a1c01bbd47fc00a2c39e90264f33305004495a9","hash":"d26a92ebf125e21dad8f11e6bd03de84562e2129"}
,"D:\\Data\\SOFTWARETESTING\\frontend\\src\\utils\\validation.js": {"path":"D:\\Data\\SOFTWARETESTING\\frontend\\src\\utils\\validation.js","statementMap":{"0":{"start":{"line":4,"column":19},"end":{"line":36,"column":1}},"1":{"start":{"line":6,"column":4},"end":{"line":8,"column":5}},"2":{"start":{"line":7,"column":6},"end":{"line":7,"column":44}},"3":{"start":{"line":9,"column":4},"end":{"line":11,"column":5}},"4":{"start":{"line":10,"column":6},"end":{"line":10,"column":48}},"5":{"start":{"line":12,"column":4},"end":{"line":14,"column":5}},"6":{"start":{"line":13,"column":6},"end":{"line":13,"column":53}},"7":{"start":{"line":15,"column":4},"end":{"line":17,"column":5}},"8":{"start":{"line":16,"column":6},"end":{"line":16,"column":63}},"9":{"start":{"line":18,"column":4},"end":{"line":18,"column":14}},"10":{"start":{"line":22,"column":4},"end":{"line":24,"column":5}},"11":{"start":{"line":23,"column":6},"end":{"line":23,"column":44}},"12":{"start":{"line":25,"column":4},"end":{"line":27,"column":5}},"13":{"start":{"line":26,"column":6},"end":{"line":26,"column":48}},"14":{"start":{"line":28,"column":4},"end":{"line":30,"column":5}},"15":{"start":{"line":29,"column":6},"end":{"line":29,"column":53}},"16":{"start":{"line":31,"column":4},"end":{"line":33,"column":5}},"17":{"start":{"line":32,"column":6},"end":{"line":32,"column":47}},"18":{"start":{"line":34,"column":4},"end":{"line":34,"column":14}},"19":{"start":{"line":39,"column":27},"end":{"line":53,"column":2}},"20":{"start":{"line":50,"column":15},"end":{"line":50,"column":56}}},"fnMap":{"0":{"name":"(anonymous_0)","decl":{"start":{"line":5,"column":2},"end":{"line":5,"column":3}},"loc":{"start":{"line":5,"column":29},"end":{"line":19,"column":3}},"line":5},"1":{"name":"(anonymous_1)","decl":{"start":{"line":21,"column":2},"end":{"line":21,"column":3}},"loc":{"start":{"line":21,"column":29},"end":{"line":35,"column":3}},"line":21},"2":{"name":"(anonymous_2)","decl":{"start":{"line":50,"column":6},"end":{"line":50,"column":7}},"loc":{"start":{"line":50,"column":15},"end":{"line":50,"column":56}},"line":50}},"branchMap":{"0":{"loc":{"start":{"line":6,"column":4},"end":{"line":8,"column":5}},"type":"if","locations":[{"start":{"line":6,"column":4},"end":{"line":8,"column":5}},{"start":{},"end":{}}],"line":6},"1":{"loc":{"start":{"line":6,"column":8},"end":{"line":6,"column":43}},"type":"binary-expr","locations":[{"start":{"line":6,"column":8},"end":{"line":6,"column":17}},{"start":{"line":6,"column":21},"end":{"line":6,"column":43}}],"line":6},"2":{"loc":{"start":{"line":9,"column":4},"end":{"line":11,"column":5}},"type":"if","locations":[{"start":{"line":9,"column":4},"end":{"line":11,"column":5}},{"start":{},"end":{}}],"line":9},"3":{"loc":{"start":{"line":12,"column":4},"end":{"line":14,"column":5}},"type":"if","locations":[{"start":{"line":12,"column":4},"end":{"line":14,"column":5}},{"start":{},"end":{}}],"line":12},"4":{"loc":{"start":{"line":15,"column":4},"end":{"line":17,"column":5}},"type":"if","locations":[{"start":{"line":15,"column":4},"end":{"line":17,"column":5}},{"start":{},"end":{}}],"line":15},"5":{"loc":{"start":{"line":22,"column":4},"end":{"line":24,"column":5}},"type":"if","locations":[{"start":{"line":22,"column":4},"end":{"line":24,"column":5}},{"start":{},"end":{}}],"line":22},"6":{"loc":{"start":{"line":22,"column":8},"end":{"line":22,"column":43}},"type":"binary-expr","locations":[{"start":{"line":22,"column":8},"end":{"line":22,"column":17}},{"start":{"line":22,"column":21},"end":{"line":22,"column":43}}],"line":22},"7":{"loc":{"start":{"line":25,"column":4},"end":{"line":27,"column":5}},"type":"if","locations":[{"start":{"line":25,"column":4},"end":{"line":27,"column":5}},{"start":{},"end":{}}],"line":25},"8":{"loc":{"start":{"line":28,"column":4},"end":{"line":30,"column":5}},"type":"if","locations":[{"start":{"line":28,"column":4},"end":{"line":30,"column":5}},{"start":{},"end":{}}],"line":28},"9":{"loc":{"start":{"line":31,"column":4},"end":{"line":33,"column":5}},"type":"if","locations":[{"start":{"line":31,"column":4},"end":{"line":33,"column":5}},{"start":{},"end":{}}],"line":31},"10":{"loc":{"start":{"line":31,"column":8},"end":{"line":31,"column":61}},"type":"binary-expr","locations":[{"start":{"line":31,"column":8},"end":{"line":31,"column":34}},{"start":{"line":31,"column":38},"end":{"line":31,"column":61}}],"line":31},"11":{"loc":{"start":{"line":50,"column":15},"end":{"line":50,"column":56}},"type":"binary-expr","locations":[{"start":{"line":50,"column":15},"end":{"line":50,"column":35}},{"start":{"line":50,"column":39},"end":{"line":50,"column":56}}],"line":50}},"s":{"0":3,"1":7,"2":2,"3":5,"4":1,"5":4,"6":1,"7":3,"8":2,"9":1,"10":8,"11":2,"12":6,"13":1,"14":5,"15":1,"16":4,"17":2,"18":2,"19":3,"20":7},"f":{"0":7,"1":8,"2":7},"b":{"0":[2,5],"1":[7,6],"2":[1,4],"3":[1,3],"4":[2,1],"5":[2,6],"6":[8,7],"7":[1,5],"8":[1,4],"9":[2,2],"10":[4,3],"11":[7,6]},"_coverageSchema":"1a1c01bbd47fc00a2c39e90264f33305004495a9","hash":"40a5b0074211f14cde9a1b4dc173bf204b4791c7"}
}
