TN:
SF:src\components\Dashboard.jsx
FN:9,Dashboard
FN:19,(anonymous_1)
FN:22,(anonymous_2)
FN:42,(anonymous_3)
FN:48,(anonymous_4)
FN:56,(anonymous_5)
FN:59,(anonymous_6)
FN:59,(anonymous_7)
FN:66,(anonymous_8)
FN:70,(anonymous_9)
FN:71,(anonymous_10)
FN:82,(anonymous_11)
FN:92,(anonymous_12)
FN:114,(anonymous_13)
FN:116,(anonymous_14)
FN:127,(anonymous_15)
FN:131,(anonymous_16)
FN:137,(anonymous_17)
FN:151,(anonymous_18)
FN:158,(anonymous_19)
FN:169,(anonymous_20)
FN:173,(anonymous_21)
FN:182,(anonymous_22)
FNF:23
FNH:7
FNDA:18,Dashboard
FNDA:7,(anonymous_1)
FNDA:7,(anonymous_2)
FNDA:0,(anonymous_3)
FNDA:5,(anonymous_4)
FNDA:0,(anonymous_5)
FNDA:0,(anonymous_6)
FNDA:0,(anonymous_7)
FNDA:0,(anonymous_8)
FNDA:0,(anonymous_9)
FNDA:0,(anonymous_10)
FNDA:10,(anonymous_11)
FNDA:0,(anonymous_12)
FNDA:10,(anonymous_13)
FNDA:5,(anonymous_14)
FNDA:0,(anonymous_15)
FNDA:0,(anonymous_16)
FNDA:0,(anonymous_17)
FNDA:0,(anonymous_18)
FNDA:0,(anonymous_19)
FNDA:0,(anonymous_20)
FNDA:0,(anonymous_21)
FNDA:0,(anonymous_22)
DA:10,18
DA:11,18
DA:12,18
DA:13,18
DA:14,18
DA:15,18
DA:16,18
DA:17,18
DA:19,18
DA:20,7
DA:22,18
DA:23,7
DA:24,7
DA:26,7
DA:27,2
DA:28,2
DA:30,5
DA:31,5
DA:32,5
DA:33,5
DA:36,0
DA:37,0
DA:38,0
DA:42,18
DA:43,0
DA:44,0
DA:45,0
DA:48,18
DA:50,5
DA:51,5
DA:52,5
DA:56,18
DA:57,0
DA:58,0
DA:59,0
DA:60,0
DA:62,0
DA:63,0
DA:66,18
DA:67,0
DA:68,0
DA:69,0
DA:70,0
DA:71,0
DA:72,0
DA:75,0
DA:76,0
DA:78,0
DA:79,0
DA:82,18
DA:83,10
DA:85,18
DA:92,0
DA:115,10
DA:116,5
DA:127,0
DA:131,0
DA:137,0
DA:151,0
DA:158,0
DA:169,0
DA:173,0
DA:182,0
LF:63
LH:32
BRDA:22,0,0,7
BRDA:26,1,0,2
BRDA:26,1,1,5
BRDA:26,2,0,7
BRDA:26,2,1,7
BRDA:26,2,2,5
BRDA:33,3,0,5
BRDA:33,3,1,5
BRDA:50,4,0,5
BRDA:50,4,1,0
BRDA:72,5,0,0
BRDA:72,5,1,0
BRDA:109,6,0,8
BRDA:109,6,1,10
BRDA:123,7,0,10
BRDA:123,7,1,0
BRDA:166,8,0,18
BRDA:166,8,1,0
BRDA:179,9,0,18
BRDA:179,9,1,5
BRF:20
BRH:15
end_of_record
TN:
SF:src\components\FormModel.jsx
FN:4,(anonymous_0)
FN:6,(anonymous_1)
FNF:2
FNH:0
FNDA:0,(anonymous_0)
FNDA:0,(anonymous_1)
DA:4,1
DA:6,0
DA:7,0
DA:9,0
DA:11,0
DA:13,0
DA:15,0
DA:19,0
LF:8
LH:1
BRDA:4,0,0,0
BRDA:7,1,0,0
BRDA:7,1,1,0
BRDA:7,1,2,0
BRDA:7,1,3,0
BRF:5
BRH:0
end_of_record
TN:
SF:src\components\ProductAdd.jsx
FN:7,ProductAdd
FN:17,(anonymous_1)
FN:19,(anonymous_2)
FN:22,(anonymous_3)
FN:43,(anonymous_4)
FNF:5
FNH:4
FNDA:28,ProductAdd
FNDA:20,(anonymous_1)
FNDA:20,(anonymous_2)
FNDA:4,(anonymous_3)
FNDA:0,(anonymous_4)
DA:8,28
DA:15,28
DA:17,28
DA:18,20
DA:19,20
DA:22,28
DA:23,4
DA:24,4
DA:25,4
DA:26,4
DA:27,4
DA:29,0
DA:30,0
DA:31,0
DA:34,0
DA:35,0
DA:36,0
DA:38,0
DA:39,0
DA:43,28
DA:44,0
DA:45,0
DA:48,28
LF:23
LH:13
BRDA:25,0,0,4
BRDA:25,0,1,0
BRDA:69,1,0,28
BRDA:69,1,1,1
BRDA:83,2,0,28
BRDA:83,2,1,1
BRDA:96,3,0,28
BRDA:96,3,1,1
BRDA:110,4,0,28
BRDA:110,4,1,4
BRDA:125,5,0,28
BRDA:125,5,1,1
BRF:12
BRH:11
end_of_record
TN:
SF:src\components\ProductEditForm.jsx
FN:5,ProductEditForm
FN:15,(anonymous_1)
FN:21,(anonymous_2)
FN:23,(anonymous_3)
FN:26,(anonymous_4)
FNF:5
FNH:5
FNDA:16,ProductEditForm
FNDA:4,(anonymous_1)
FNDA:4,(anonymous_2)
FNDA:4,(anonymous_3)
FNDA:4,(anonymous_4)
DA:6,16
DA:13,16
DA:15,16
DA:16,4
DA:17,4
DA:21,16
DA:22,4
DA:23,4
DA:26,16
DA:27,4
DA:28,4
DA:37,4
DA:38,4
DA:39,4
DA:43,0
DA:44,0
DA:45,0
DA:48,16
LF:18
LH:15
BRDA:6,0,0,16
BRDA:6,0,1,0
BRDA:16,1,0,4
BRDA:16,1,1,0
BRDA:37,2,0,4
BRDA:37,2,1,0
BRDA:65,3,0,16
BRDA:65,3,1,1
BRDA:78,4,0,16
BRDA:78,4,1,1
BRDA:91,5,0,16
BRDA:91,5,1,1
BRDA:104,6,0,16
BRDA:104,6,1,4
BRDA:118,7,0,16
BRDA:118,7,1,1
BRF:16
BRH:13
end_of_record
TN:
SF:src\components\ProductValidate.js
FN:1,validateProduct
FNF:1
FNH:1
FNDA:13,validateProduct
DA:2,13
DA:3,13
DA:4,3
DA:7,13
DA:8,3
DA:11,13
DA:12,3
DA:15,13
DA:16,3
DA:19,13
DA:30,13
DA:31,13
DA:34,13
LF:13
LH:13
BRDA:3,0,0,3
BRDA:3,0,1,10
BRDA:3,1,0,13
BRDA:3,1,1,12
BRDA:7,2,0,3
BRDA:7,2,1,10
BRDA:7,3,0,13
BRDA:7,3,1,10
BRDA:11,4,0,3
BRDA:11,4,1,10
BRDA:11,5,0,13
BRDA:11,5,1,11
BRDA:15,6,0,3
BRDA:15,6,1,10
BRDA:15,7,0,13
BRDA:15,7,1,10
BRDA:30,8,0,13
BRDA:30,8,1,0
BRF:18
BRH:17
end_of_record
TN:
SF:src\components\ProductView.jsx
FN:5,ProductDetailsView
FNF:1
FNH:1
FNDA:5,ProductDetailsView
DA:6,5
DA:15,5
LF:2
LH:2
BRDA:6,0,0,5
BRDA:6,0,1,0
BRDA:25,1,0,5
BRDA:25,1,1,0
BRF:4
BRH:2
end_of_record
TN:
SF:src\services\ProductApi.js
FN:3,(anonymous_0)
FN:17,(anonymous_1)
FN:31,(anonymous_2)
FN:45,(anonymous_3)
FNF:4
FNH:1
FNDA:5,(anonymous_0)
FNDA:0,(anonymous_1)
FNDA:0,(anonymous_2)
FNDA:0,(anonymous_3)
DA:3,4
DA:4,5
DA:5,5
DA:8,5
DA:14,0
DA:17,4
DA:18,0
DA:19,0
DA:26,0
DA:28,0
DA:31,4
DA:32,0
DA:33,0
DA:40,0
DA:42,0
DA:45,4
DA:46,0
DA:47,0
DA:48,0
DA:50,0
LF:20
LH:7
BRF:0
BRH:0
end_of_record
TN:
SF:src\services\api.js
FNF:0
FNH:0
DA:3,4
DA:5,4
LF:2
LH:2
BRF:0
BRH:0
end_of_record
