TN:
SF:src\components\Dashboard.jsx
FN:13,Dashboard
FN:14,(anonymous_1)
FN:24,(anonymous_2)
FN:27,(anonymous_3)
FN:47,(anonymous_4)
FN:53,(anonymous_5)
FN:61,(anonymous_6)
FN:64,(anonymous_7)
FN:64,(anonymous_8)
FN:71,(anonymous_9)
FN:75,(anonymous_10)
FN:76,(anonymous_11)
FN:85,(anonymous_12)
FN:95,(anonymous_13)
FN:120,(anonymous_14)
FN:125,(anonymous_15)
FN:141,(anonymous_16)
FN:145,(anonymous_17)
FN:151,(anonymous_18)
FN:165,(anonymous_19)
FN:171,(anonymous_20)
FN:180,(anonymous_21)
FN:183,(anonymous_22)
FN:192,(anonymous_23)
FNF:24
FNH:8
FNDA:18,Dashboard
FNDA:54,(anonymous_1)
FNDA:7,(anonymous_2)
FNDA:7,(anonymous_3)
FNDA:0,(anonymous_4)
FNDA:5,(anonymous_5)
FNDA:0,(anonymous_6)
FNDA:0,(anonymous_7)
FNDA:0,(anonymous_8)
FNDA:0,(anonymous_9)
FNDA:0,(anonymous_10)
FNDA:0,(anonymous_11)
FNDA:10,(anonymous_12)
FNDA:0,(anonymous_13)
FNDA:10,(anonymous_14)
FNDA:5,(anonymous_15)
FNDA:0,(anonymous_16)
FNDA:0,(anonymous_17)
FNDA:0,(anonymous_18)
FNDA:0,(anonymous_19)
FNDA:0,(anonymous_20)
FNDA:0,(anonymous_21)
FNDA:0,(anonymous_22)
FNDA:0,(anonymous_23)
DA:14,54
DA:15,18
DA:16,18
DA:17,18
DA:18,18
DA:19,18
DA:20,18
DA:21,18
DA:22,18
DA:24,18
DA:25,7
DA:27,18
DA:28,7
DA:29,7
DA:31,7
DA:32,2
DA:33,2
DA:35,5
DA:36,5
DA:37,5
DA:38,5
DA:41,0
DA:42,0
DA:43,0
DA:47,18
DA:48,0
DA:49,0
DA:50,0
DA:53,18
DA:55,5
DA:56,5
DA:57,5
DA:61,18
DA:62,0
DA:63,0
DA:64,0
DA:65,0
DA:67,0
DA:68,0
DA:71,18
DA:72,0
DA:73,0
DA:74,0
DA:75,0
DA:76,0
DA:78,0
DA:79,0
DA:81,0
DA:82,0
DA:85,18
DA:86,10
DA:88,18
DA:95,0
DA:121,10
DA:125,5
DA:141,0
DA:145,0
DA:151,0
DA:165,0
DA:171,0
DA:180,0
DA:183,0
DA:192,0
LF:63
LH:33
BRDA:27,0,0,7
BRDA:31,1,0,2
BRDA:31,1,1,5
BRDA:31,2,0,7
BRDA:31,2,1,7
BRDA:31,2,2,5
BRDA:38,3,0,5
BRDA:38,3,1,5
BRDA:55,4,0,5
BRDA:55,4,1,0
BRDA:76,5,0,0
BRDA:76,5,1,0
BRDA:113,6,0,8
BRDA:113,6,1,10
BRDA:135,7,0,10
BRDA:135,7,1,0
BRDA:138,8,0,10
BRDA:138,8,1,0
BRDA:179,9,0,18
BRDA:179,9,1,0
BRDA:189,10,0,18
BRDA:189,10,1,5
BRF:22
BRH:16
end_of_record
TN:
SF:src\components\FormModel.jsx
FN:4,(anonymous_0)
FN:5,(anonymous_1)
FNF:2
FNH:0
FNDA:0,(anonymous_0)
FNDA:0,(anonymous_1)
DA:4,1
DA:5,0
DA:6,0
DA:8,0
DA:10,0
DA:12,0
DA:14,0
DA:18,0
LF:8
LH:1
BRDA:4,0,0,0
BRDA:6,1,0,0
BRDA:6,1,1,0
BRDA:6,1,2,0
BRDA:6,1,3,0
BRF:5
BRH:0
end_of_record
TN:
SF:src\components\Login.jsx
FN:10,Login
FN:30,(anonymous_1)
FN:52,(anonymous_2)
FN:55,(anonymous_3)
FN:67,(anonymous_4)
FN:70,(anonymous_5)
FN:111,(anonymous_6)
FNF:7
FNH:7
FNDA:58,Login
FNDA:17,(anonymous_1)
FNDA:23,(anonymous_2)
FNDA:1,(anonymous_3)
FNDA:5,(anonymous_4)
FNDA:15,(anonymous_5)
FNDA:5,(anonymous_6)
DA:11,58
DA:12,58
DA:13,58
DA:14,58
DA:15,58
DA:16,58
DA:23,58
DA:30,58
DA:31,17
DA:32,17
DA:34,17
DA:35,4
DA:36,4
DA:37,4
DA:38,4
DA:41,0
DA:42,0
DA:46,17
DA:47,7
DA:52,58
DA:53,23
DA:55,5
DA:56,1
DA:57,1
DA:58,1
DA:59,1
DA:60,1
DA:61,1
DA:62,1
DA:63,1
DA:67,5
DA:70,58
DA:72,15
DA:73,0
DA:74,0
DA:75,0
DA:78,15
DA:79,15
DA:82,5
DA:83,5
DA:84,5
DA:86,5
DA:87,5
DA:88,5
DA:89,5
DA:90,5
DA:92,10
DA:93,10
DA:94,10
DA:96,10
DA:98,1
DA:99,1
DA:100,1
DA:101,1
DA:103,1
DA:105,9
DA:111,58
DA:112,5
DA:113,5
DA:116,58
LF:60
LH:55
BRDA:34,0,0,4
BRDA:34,0,1,13
BRDA:36,1,0,4
BRDA:36,1,1,0
BRDA:46,2,0,7
BRDA:46,2,1,10
BRDA:53,3,0,18
BRDA:53,3,1,5
BRDA:53,4,0,23
BRDA:53,4,1,5
BRDA:57,5,0,1
BRDA:57,5,1,0
BRDA:72,6,0,0
BRDA:72,6,1,15
BRDA:86,7,0,5
BRDA:86,7,1,0
BRDA:96,8,0,1
BRDA:96,8,1,9
BRDA:112,9,0,0
BRDA:112,9,1,5
BRDA:112,10,0,5
BRDA:112,10,1,5
BRDA:132,11,0,58
BRDA:132,11,1,2
BRDA:148,12,0,58
BRDA:148,12,1,2
BRDA:160,13,0,5
BRDA:160,13,1,53
BRDA:168,14,0,58
BRDA:168,14,1,20
BRDA:169,15,0,1
BRDA:169,15,1,19
BRF:32
BRH:27
end_of_record
TN:
SF:src\components\ProductAdd.jsx
FN:8,ProductAdd
FN:9,(anonymous_1)
FN:11,(anonymous_2)
FN:25,(anonymous_3)
FN:27,(anonymous_4)
FN:30,(anonymous_5)
FN:53,(anonymous_6)
FNF:7
FNH:6
FNDA:53,ProductAdd
FNDA:171,(anonymous_1)
FNDA:12,(anonymous_2)
FNDA:30,(anonymous_3)
FNDA:30,(anonymous_4)
FNDA:6,(anonymous_5)
FNDA:0,(anonymous_6)
DA:9,171
DA:10,53
DA:11,53
DA:12,12
DA:13,12
DA:16,53
DA:23,53
DA:25,53
DA:26,30
DA:27,30
DA:30,53
DA:31,6
DA:32,6
DA:33,6
DA:34,4
DA:35,4
DA:37,2
DA:38,2
DA:39,1
DA:40,1
DA:47,1
DA:49,1
DA:53,53
DA:54,0
DA:55,0
DA:64,53
LF:26
LH:24
BRDA:12,0,0,12
BRDA:12,0,1,0
BRDA:33,1,0,4
BRDA:33,1,1,2
BRDA:85,2,0,53
BRDA:85,2,1,1
BRDA:105,3,0,53
BRDA:105,3,1,1
BRDA:124,4,0,53
BRDA:124,4,1,1
BRDA:154,5,0,53
BRDA:154,5,1,0
BRDA:175,6,0,53
BRDA:175,6,1,1
BRF:14
BRH:12
end_of_record
TN:
SF:src\components\ProductEditForm.jsx
FN:5,ProductEditForm
FN:17,(anonymous_1)
FN:23,(anonymous_2)
FN:25,(anonymous_3)
FN:28,(anonymous_4)
FNF:5
FNH:5
FNDA:15,ProductEditForm
FNDA:5,(anonymous_1)
FNDA:4,(anonymous_2)
FNDA:4,(anonymous_3)
FNDA:1,(anonymous_4)
DA:6,15
DA:15,15
DA:17,15
DA:18,5
DA:19,5
DA:23,15
DA:24,4
DA:25,4
DA:28,15
DA:29,1
DA:30,1
DA:39,1
DA:40,0
DA:41,0
DA:45,1
DA:46,1
DA:47,1
DA:50,15
LF:18
LH:16
BRDA:7,0,0,15
BRDA:7,0,1,0
BRDA:18,1,0,5
BRDA:18,1,1,0
BRDA:39,2,0,0
BRDA:39,2,1,1
BRDA:67,3,0,15
BRDA:67,3,1,0
BRDA:82,4,0,15
BRDA:82,4,1,0
BRDA:99,5,0,15
BRDA:99,5,1,0
BRDA:124,6,0,15
BRDA:124,6,1,0
BRDA:140,7,0,15
BRDA:140,7,1,0
BRF:16
BRH:8
end_of_record
TN:
SF:src\components\ProductValidate.js
FN:1,validateProduct
FNF:1
FNH:1
FNDA:9,validateProduct
DA:2,9
DA:3,9
DA:4,2
DA:7,9
DA:8,2
DA:11,9
DA:12,2
DA:15,9
DA:16,2
DA:19,9
DA:30,9
DA:31,5
DA:34,9
LF:13
LH:13
BRDA:3,0,0,2
BRDA:3,0,1,7
BRDA:3,1,0,9
BRDA:3,1,1,8
BRDA:7,2,0,2
BRDA:7,2,1,7
BRDA:7,3,0,9
BRDA:7,3,1,7
BRDA:11,4,0,2
BRDA:11,4,1,7
BRDA:11,5,0,9
BRDA:11,5,1,8
BRDA:15,6,0,2
BRDA:15,6,1,7
BRDA:15,7,0,9
BRDA:15,7,1,6
BRDA:30,8,0,5
BRDA:30,8,1,4
BRF:18
BRH:18
end_of_record
TN:
SF:src\components\ProductView.jsx
FN:4,ProductDetailsView
FNF:1
FNH:1
FNDA:5,ProductDetailsView
DA:5,5
DA:14,5
LF:2
LH:2
BRDA:5,0,0,5
BRDA:5,0,1,0
BRDA:25,1,0,5
BRDA:25,1,1,0
BRF:4
BRH:2
end_of_record
TN:
SF:src\services\ProductApi.js
FN:2,(anonymous_0)
FN:16,(anonymous_1)
FN:34,(anonymous_2)
FN:55,(anonymous_3)
FNF:4
FNH:1
FNDA:5,(anonymous_0)
FNDA:0,(anonymous_1)
FNDA:0,(anonymous_2)
FNDA:0,(anonymous_3)
DA:2,5
DA:3,5
DA:4,5
DA:7,5
DA:13,0
DA:16,5
DA:23,0
DA:32,0
DA:34,5
DA:42,0
DA:43,0
DA:50,0
DA:52,0
DA:55,5
DA:56,0
DA:57,0
DA:58,0
DA:60,0
LF:18
LH:7
BRF:0
BRH:0
end_of_record
TN:
SF:src\services\api.js
FN:13,(anonymous_0)
FN:20,(anonymous_1)
FNF:2
FNH:0
FNDA:0,(anonymous_0)
FNDA:0,(anonymous_1)
DA:3,6
DA:5,6
DA:12,6
DA:14,0
DA:15,0
DA:16,0
DA:18,0
DA:21,0
LF:8
LH:3
BRDA:15,0,0,0
BRDA:15,0,1,0
BRDA:15,1,0,0
BRDA:15,1,1,0
BRF:4
BRH:0
end_of_record
TN:
SF:src\services\authService.js
FN:4,(anonymous_0)
FN:8,(anonymous_1)
FN:14,(anonymous_2)
FN:26,(anonymous_3)
FNF:4
FNH:1
FNDA:1,(anonymous_0)
FNDA:0,(anonymous_1)
FNDA:0,(anonymous_2)
FNDA:0,(anonymous_3)
DA:5,1
DA:9,0
DA:10,0
DA:11,0
DA:12,0
DA:14,0
DA:15,0
DA:16,0
DA:17,0
DA:19,0
DA:24,1
DA:26,1
DA:27,0
LF:13
LH:3
BRDA:5,0,0,1
BRDA:5,0,1,1
BRDA:9,1,0,0
BRDA:9,1,1,0
BRDA:9,2,0,0
BRDA:9,2,1,0
BRDA:11,3,0,0
BRDA:11,3,1,0
BRDA:12,4,0,0
BRDA:12,4,1,0
BRF:10
BRH:2
end_of_record
TN:
SF:src\storage\useAuthStorage.js
FN:8,(anonymous_0)
FN:12,(anonymous_1)
FN:16,(anonymous_2)
FN:23,(anonymous_3)
FNF:4
FNH:2
FNDA:6,(anonymous_0)
FNDA:3,(anonymous_1)
FNDA:0,(anonymous_2)
FNDA:0,(anonymous_3)
DA:6,6
DA:8,6
DA:13,3
DA:17,0
DA:18,0
DA:23,0
LF:6
LH:3
BRF:0
BRH:0
end_of_record
TN:
SF:src\utils\validation.js
FN:5,(anonymous_0)
FN:21,(anonymous_1)
FN:50,(anonymous_2)
FNF:3
FNH:3
FNDA:7,(anonymous_0)
FNDA:8,(anonymous_1)
FNDA:18,(anonymous_2)
DA:4,4
DA:6,7
DA:7,2
DA:9,5
DA:10,1
DA:12,4
DA:13,1
DA:15,3
DA:16,2
DA:18,1
DA:22,8
DA:23,2
DA:25,6
DA:26,1
DA:28,5
DA:29,1
DA:31,4
DA:32,2
DA:34,2
DA:39,4
DA:50,18
LF:21
LH:21
BRDA:6,0,0,2
BRDA:6,0,1,5
BRDA:6,1,0,7
BRDA:6,1,1,6
BRDA:9,2,0,1
BRDA:9,2,1,4
BRDA:12,3,0,1
BRDA:12,3,1,3
BRDA:15,4,0,2
BRDA:15,4,1,1
BRDA:22,5,0,2
BRDA:22,5,1,6
BRDA:22,6,0,8
BRDA:22,6,1,7
BRDA:25,7,0,1
BRDA:25,7,1,5
BRDA:28,8,0,1
BRDA:28,8,1,4
BRDA:31,9,0,2
BRDA:31,9,1,2
BRDA:31,10,0,4
BRDA:31,10,1,3
BRDA:50,11,0,18
BRDA:50,11,1,17
BRF:24
BRH:24
end_of_record
