{"numFailedTestSuites":0,"numFailedTests":0,"numPassedTestSuites":11,"numPassedTests":63,"numPendingTestSuites":0,"numPendingTests":0,"numRuntimeErrorTestSuites":0,"numTodoTests":0,"numTotalTestSuites":11,"numTotalTests":63,"openHandles":[],"snapshot":{"added":0,"didUpdate":false,"failure":false,"filesAdded":0,"filesRemoved":0,"filesRemovedList":[],"filesUnmatched":0,"filesUpdated":0,"matched":0,"total":0,"unchecked":0,"uncheckedKeysByFile":[],"unmatched":0,"updated":0},"startTime":1764040025511,"success":true,"testResults":[{"assertionResults":[{"ancestorTitles":["Login Mock Test"],"duration":189,"failing":false,"failureDetails":[],"failureMessages":[],"fullName":"Login Mock Test TC_01: Login thành công","invocations":1,"location":null,"numPassingAsserts":2,"retryReasons":[],"startAt":1764040030495,"status":"passed","title":"TC_01: Login thành công"},{"ancestorTitles":["Login Mock Test"],"duration":84,"failing":false,"failureDetails":[],"failureMessages":[],"fullName":"Login Mock Test TC_02: Login thất bại","invocations":1,"location":null,"numPassingAsserts":2,"retryReasons":[],"startAt":1764040030686,"status":"passed","title":"TC_02: Login thất bại"}],"endTime":1764040030773,"message":"","name":"D:\\Data\\SOFTWARETESTING\\frontend\\src\\tests\\MockTest\\Login.mock.test.js","startTime":1764040028105,"status":"passed","summary":""},{"assertionResults":[{"ancestorTitles":["Login Integration Test"],"duration":437,"failing":false,"failureDetails":[],"failureMessages":[],"fullName":"Login Integration Test TC01 - Hiển thị lỗi khi submit form rỗng","invocations":1,"location":null,"numPassingAsserts":2,"retryReasons":[],"startAt":1764040030443,"status":"passed","title":"TC01 - Hiển thị lỗi khi submit form rỗng"},{"ancestorTitles":["Login Integration Test"],"duration":51,"failing":false,"failureDetails":[],"failureMessages":[],"fullName":"Login Integration Test TC02 - Nhập thông tin input và kiểm tra giá trị cập nhật","invocations":1,"location":null,"numPassingAsserts":2,"retryReasons":[],"startAt":1764040030881,"status":"passed","title":"TC02 - Nhập thông tin input và kiểm tra giá trị cập nhật"},{"ancestorTitles":["Login Integration Test"],"duration":92,"failing":false,"failureDetails":[],"failureMessages":[],"fullName":"Login Integration Test TC03 - Không gọi API khi form không hợp lệ (username sai định dạng)","invocations":1,"location":null,"numPassingAsserts":2,"retryReasons":[],"startAt":1764040030933,"status":"passed","title":"TC03 - Không gọi API khi form không hợp lệ (username sai định dạng)"},{"ancestorTitles":["Login Integration Test"],"duration":78,"failing":false,"failureDetails":[],"failureMessages":[],"fullName":"Login Integration Test TC04 - Gọi API khi submit form hợp lệ","invocations":1,"location":null,"numPassingAsserts":2,"retryReasons":[],"startAt":1764040031026,"status":"passed","title":"TC04 - Gọi API khi submit form hợp lệ"},{"ancestorTitles":["Login Integration Test"],"duration":52,"failing":false,"failureDetails":[],"failureMessages":[],"fullName":"Login Integration Test TC05 - Hiển thị thông báo lỗi khi đăng nhập thất bại","invocations":1,"location":null,"numPassingAsserts":1,"retryReasons":[],"startAt":1764040031105,"status":"passed","title":"TC05 - Hiển thị thông báo lỗi khi đăng nhập thất bại"},{"ancestorTitles":["Login Integration Test"],"duration":50,"failing":false,"failureDetails":[],"failureMessages":[],"fullName":"Login Integration Test TC06 - Reset form sau khi đăng nhập thành công","invocations":1,"location":null,"numPassingAsserts":3,"retryReasons":[],"startAt":1764040031158,"status":"passed","title":"TC06 - Reset form sau khi đăng nhập thành công"}],"endTime":1764040031213,"message":"","name":"D:\\Data\\SOFTWARETESTING\\frontend\\src\\tests\\IntegrationTest\\Login.integration.test.js","startTime":1764040028090,"status":"passed","summary":""},{"assertionResults":[{"ancestorTitles":["ProductForm UnitTest"],"duration":659,"failing":false,"failureDetails":[],"failureMessages":[],"fullName":"ProductForm UnitTest TC_01 Success khi thêm sản phẩm hợp lệ","invocations":1,"location":null,"numPassingAsserts":2,"retryReasons":[],"startAt":1764040030658,"status":"passed","title":"TC_01 Success khi thêm sản phẩm hợp lệ"},{"ancestorTitles":["ProductForm UnitTest"],"duration":210,"failing":false,"failureDetails":[],"failureMessages":[],"fullName":"ProductForm UnitTest TC_02 Hiển thị alert lỗi khi createProduct bị lỗi","invocations":1,"location":null,"numPassingAsserts":1,"retryReasons":[],"startAt":1764040031319,"status":"passed","title":"TC_02 Hiển thị alert lỗi khi createProduct bị lỗi"},{"ancestorTitles":["ProductForm UnitTest"],"duration":70,"failing":false,"failureDetails":[],"failureMessages":[],"fullName":"ProductForm UnitTest Submit form thành công gọi setErrors({}), onSave và onClose","invocations":1,"location":null,"numPassingAsserts":3,"retryReasons":[],"startAt":1764040031529,"status":"passed","title":"Submit form thành công gọi setErrors({}), onSave và onClose"}],"endTime":1764040031604,"message":"","name":"D:\\Data\\SOFTWARETESTING\\frontend\\src\\tests\\UnitTest\\ProductForm.test.js","startTime":1764040028129,"status":"passed","summary":""},{"assertionResults":[{"ancestorTitles":["Tính năng khóa tài khoản đăng nhập"],"duration":247,"failing":false,"failureDetails":[],"failureMessages":[],"fullName":"Tính năng khóa tài khoản đăng nhập nên khóa tài khoản sau 5 lần đăng nhập sai","invocations":1,"location":null,"numPassingAsserts":17,"retryReasons":[],"startAt":1764040031240,"status":"passed","title":"nên khóa tài khoản sau 5 lần đăng nhập sai"},{"ancestorTitles":["Tính năng khóa tài khoản đăng nhập"],"duration":79,"failing":false,"failureDetails":[],"failureMessages":[],"fullName":"Tính năng khóa tài khoản đăng nhập nên reset số lần thất bại khi đăng nhập thành công","invocations":1,"location":null,"numPassingAsserts":5,"retryReasons":[],"startAt":1764040031487,"status":"passed","title":"nên reset số lần thất bại khi đăng nhập thành công"},{"ancestorTitles":["Tính năng khóa tài khoản đăng nhập"],"duration":18,"failing":false,"failureDetails":[],"failureMessages":[],"fullName":"Tính năng khóa tài khoản đăng nhập nên khôi phục trạng thái khóa từ localStorage khi component mount","invocations":1,"location":null,"numPassingAsserts":4,"retryReasons":[],"startAt":1764040031566,"status":"passed","title":"nên khôi phục trạng thái khóa từ localStorage khi component mount"},{"ancestorTitles":["Tính năng khóa tài khoản đăng nhập"],"duration":23,"failing":false,"failureDetails":[],"failureMessages":[],"fullName":"Tính năng khóa tài khoản đăng nhập nên ngăn chặn đăng nhập khi tài khoản bị khóa","invocations":1,"location":null,"numPassingAsserts":4,"retryReasons":[],"startAt":1764040031584,"status":"passed","title":"nên ngăn chặn đăng nhập khi tài khoản bị khóa"},{"ancestorTitles":["Tính năng khóa tài khoản đăng nhập"],"duration":38,"failing":false,"failureDetails":[],"failureMessages":[],"fullName":"Tính năng khóa tài khoản đăng nhập nên hiển thị lỗi validation khi nhập liệu không hợp lệ","invocations":1,"location":null,"numPassingAsserts":2,"retryReasons":[],"startAt":1764040031608,"status":"passed","title":"nên hiển thị lỗi validation khi nhập liệu không hợp lệ"},{"ancestorTitles":["Tính năng khóa tài khoản đăng nhập"],"duration":99,"failing":false,"failureDetails":[],"failureMessages":[],"fullName":"Tính năng khóa tài khoản đăng nhập nên hiển thị số lần thử còn lại sau mỗi lần đăng nhập sai","invocations":1,"location":null,"numPassingAsserts":6,"retryReasons":[],"startAt":1764040031647,"status":"passed","title":"nên hiển thị số lần thử còn lại sau mỗi lần đăng nhập sai"},{"ancestorTitles":["Tính năng khóa tài khoản đăng nhập"],"duration":38,"failing":false,"failureDetails":[],"failureMessages":[],"fullName":"Tính năng khóa tài khoản đăng nhập nên hiển thị thông báo khóa khi cố đăng nhập trong trạng thái khóa","invocations":1,"location":null,"numPassingAsserts":3,"retryReasons":[],"startAt":1764040031747,"status":"passed","title":"nên hiển thị thông báo khóa khi cố đăng nhập trong trạng thái khóa"},{"ancestorTitles":["Tính năng khóa tài khoản đăng nhập"],"duration":28,"failing":false,"failureDetails":[],"failureMessages":[],"fullName":"Tính năng khóa tài khoản đăng nhập nên tự động mở khóa sau khi hết thời gian","invocations":1,"location":null,"numPassingAsserts":5,"retryReasons":[],"startAt":1764040031786,"status":"passed","title":"nên tự động mở khóa sau khi hết thời gian"},{"ancestorTitles":["Tính năng khóa tài khoản đăng nhập"],"duration":52,"failing":false,"failureDetails":[],"failureMessages":[],"fullName":"Tính năng khóa tài khoản đăng nhập không nên khóa tài khoản khi đăng nhập thành công trước 5 lần thất bại","invocations":1,"location":null,"numPassingAsserts":5,"retryReasons":[],"startAt":1764040031814,"status":"passed","title":"không nên khóa tài khoản khi đăng nhập thành công trước 5 lần thất bại"}],"endTime":1764040031869,"message":"","name":"D:\\Data\\SOFTWARETESTING\\frontend\\src\\tests\\UnitTest\\Login.test.js","startTime":1764040030822,"status":"passed","summary":""},{"assertionResults":[{"ancestorTitles":["ProductView Integration Test"],"duration":97,"failing":false,"failureDetails":[],"failureMessages":[],"fullName":"ProductView Integration Test  Khi click vào sản phẩm, hiển thị modal ProductDetailsView với đúng thông tin","invocations":1,"location":null,"numPassingAsserts":6,"retryReasons":[],"startAt":1764040032098,"status":"passed","title":" Khi click vào sản phẩm, hiển thị modal ProductDetailsView với đúng thông tin"},{"ancestorTitles":["ProductView Integration Test"],"duration":67,"failing":false,"failureDetails":[],"failureMessages":[],"fullName":"ProductView Integration Test TC_01 Hiển thị sai giá sản phẩm FAIL","invocations":1,"location":null,"numPassingAsserts":1,"retryReasons":[],"startAt":1764040032196,"status":"passed","title":"TC_01 Hiển thị sai giá sản phẩm FAIL"},{"ancestorTitles":["ProductView Integration Test"],"duration":36,"failing":false,"failureDetails":[],"failureMessages":[],"fullName":"ProductView Integration Test TC_02 Hiển thị sai số lượng sản phẩm FAIL","invocations":1,"location":null,"numPassingAsserts":1,"retryReasons":[],"startAt":1764040032263,"status":"passed","title":"TC_02 Hiển thị sai số lượng sản phẩm FAIL"},{"ancestorTitles":["ProductView Integration Test"],"duration":50,"failing":false,"failureDetails":[],"failureMessages":[],"fullName":"ProductView Integration Test TC_03 Hiển thị sai mô tả sản phẩm FAIL","invocations":1,"location":null,"numPassingAsserts":1,"retryReasons":[],"startAt":1764040032299,"status":"passed","title":"TC_03 Hiển thị sai mô tả sản phẩm FAIL"},{"ancestorTitles":["ProductView Integration Test"],"duration":48,"failing":false,"failureDetails":[],"failureMessages":[],"fullName":"ProductView Integration Test TC_04 Hiển thị sai danh mục sản phẩm FAIL","invocations":1,"location":null,"numPassingAsserts":1,"retryReasons":[],"startAt":1764040032349,"status":"passed","title":"TC_04 Hiển thị sai danh mục sản phẩm FAIL"}],"endTime":1764040032399,"message":"","name":"D:\\Data\\SOFTWARETESTING\\frontend\\src\\tests\\IntegrationTest\\ProductView.integration.test.js","startTime":1764040031650,"status":"passed","summary":""},{"assertionResults":[{"ancestorTitles":["ProductAdd Integration Test"],"duration":200,"failing":false,"failureDetails":[],"failureMessages":[],"fullName":"ProductAdd Integration Test TC01_Fail khi độ dài tên sản phẩm < 3","invocations":1,"location":null,"numPassingAsserts":1,"retryReasons":[],"startAt":1764040031850,"status":"passed","title":"TC01_Fail khi độ dài tên sản phẩm < 3"},{"ancestorTitles":["ProductAdd Integration Test"],"duration":109,"failing":false,"failureDetails":[],"failureMessages":[],"fullName":"ProductAdd Integration Test TC_02 Fail khi price < 0 hoặc > 999999999","invocations":1,"location":null,"numPassingAsserts":1,"retryReasons":[],"startAt":1764040032050,"status":"passed","title":"TC_02 Fail khi price < 0 hoặc > 999999999"},{"ancestorTitles":["ProductAdd Integration Test"],"duration":108,"failing":false,"failureDetails":[],"failureMessages":[],"fullName":"ProductAdd Integration Test TC_03 Fail khi quantity < 0 hoặc > 100000","invocations":1,"location":null,"numPassingAsserts":1,"retryReasons":[],"startAt":1764040032159,"status":"passed","title":"TC_03 Fail khi quantity < 0 hoặc > 100000"},{"ancestorTitles":["ProductAdd Integration Test"],"duration":122,"failing":false,"failureDetails":[],"failureMessages":[],"fullName":"ProductAdd Integration Test TC_04 Fail khi description quá 200 ký tự","invocations":1,"location":null,"numPassingAsserts":1,"retryReasons":[],"startAt":1764040032267,"status":"passed","title":"TC_04 Fail khi description quá 200 ký tự"}],"endTime":1764040032391,"message":"","name":"D:\\Data\\SOFTWARETESTING\\frontend\\src\\tests\\IntegrationTest\\ProductCreate.integration.test.js","startTime":1764040031255,"status":"passed","summary":""},{"assertionResults":[{"ancestorTitles":["ProductList Integration Test"],"duration":74,"failing":false,"failureDetails":[],"failureMessages":[],"fullName":"ProductList Integration Test TC_01: Hiển thị 'Không có dữ liệu' khi API trả về mảng rỗng","invocations":1,"location":null,"numPassingAsserts":1,"retryReasons":[],"startAt":1764040032416,"status":"passed","title":"TC_01: Hiển thị 'Không có dữ liệu' khi API trả về mảng rỗng"},{"ancestorTitles":["ProductList Integration Test"],"duration":19,"failing":false,"failureDetails":[],"failureMessages":[],"fullName":"ProductList Integration Test TC_02: Không hiển thị sản phẩm nếu API rỗng","invocations":1,"location":null,"numPassingAsserts":1,"retryReasons":[],"startAt":1764040032490,"status":"passed","title":"TC_02: Không hiển thị sản phẩm nếu API rỗng"}],"endTime":1764040032511,"message":"","name":"D:\\Data\\SOFTWARETESTING\\frontend\\src\\tests\\IntegrationTest\\ProductList.integration.test.js","startTime":1764040031905,"status":"passed","summary":""},{"assertionResults":[{"ancestorTitles":["ProductCRUD Mock Test"],"duration":5,"failing":false,"failureDetails":[],"failureMessages":[],"fullName":"ProductCRUD Mock Test TC_01 createProduct thành công","invocations":1,"location":null,"numPassingAsserts":3,"retryReasons":[],"startAt":1764040032692,"status":"passed","title":"TC_01 createProduct thành công"},{"ancestorTitles":["ProductCRUD Mock Test"],"duration":43,"failing":false,"failureDetails":[],"failureMessages":[],"fullName":"ProductCRUD Mock Test TC_02 createProduct thất bại","invocations":1,"location":null,"numPassingAsserts":2,"retryReasons":[],"startAt":1764040032698,"status":"passed","title":"TC_02 createProduct thất bại"},{"ancestorTitles":["ProductCRUD Mock Test"],"duration":2,"failing":false,"failureDetails":[],"failureMessages":[],"fullName":"ProductCRUD Mock Test TC_03 getAllProduct thành công","invocations":1,"location":null,"numPassingAsserts":3,"retryReasons":[],"startAt":1764040032741,"status":"passed","title":"TC_03 getAllProduct thành công"},{"ancestorTitles":["ProductCRUD Mock Test"],"duration":3,"failing":false,"failureDetails":[],"failureMessages":[],"fullName":"ProductCRUD Mock Test TC_04 getAllProduct thất bại","invocations":1,"location":null,"numPassingAsserts":2,"retryReasons":[],"startAt":1764040032743,"status":"passed","title":"TC_04 getAllProduct thất bại"},{"ancestorTitles":["ProductCRUD Mock Test"],"duration":3,"failing":false,"failureDetails":[],"failureMessages":[],"fullName":"ProductCRUD Mock Test TC_05 updateProduct thành công","invocations":1,"location":null,"numPassingAsserts":3,"retryReasons":[],"startAt":1764040032746,"status":"passed","title":"TC_05 updateProduct thành công"},{"ancestorTitles":["ProductCRUD Mock Test"],"duration":3,"failing":false,"failureDetails":[],"failureMessages":[],"fullName":"ProductCRUD Mock Test TC_06 updateProduct thất bại","invocations":1,"location":null,"numPassingAsserts":2,"retryReasons":[],"startAt":1764040032750,"status":"passed","title":"TC_06 updateProduct thất bại"},{"ancestorTitles":["ProductCRUD Mock Test"],"duration":2,"failing":false,"failureDetails":[],"failureMessages":[],"fullName":"ProductCRUD Mock Test TC_07 deleteProduct thành công","invocations":1,"location":null,"numPassingAsserts":3,"retryReasons":[],"startAt":1764040032753,"status":"passed","title":"TC_07 deleteProduct thành công"},{"ancestorTitles":["ProductCRUD Mock Test"],"duration":6,"failing":false,"failureDetails":[],"failureMessages":[],"fullName":"ProductCRUD Mock Test TC_08 deleteProduct thất bại","invocations":1,"location":null,"numPassingAsserts":2,"retryReasons":[],"startAt":1764040032756,"status":"passed","title":"TC_08 deleteProduct thất bại"}],"endTime":1764040032764,"message":"","name":"D:\\Data\\SOFTWARETESTING\\frontend\\src\\tests\\MockTest\\ProductCRUD.mock.test.js","startTime":1764040032426,"status":"passed","summary":""},{"assertionResults":[{"ancestorTitles":["Login Validate Tests","validateUsername()"],"duration":4,"failing":false,"failureDetails":[],"failureMessages":[],"fullName":"Login Validate Tests validateUsername() TC01: Username rỗng -> báo lỗi","invocations":1,"location":null,"numPassingAsserts":1,"retryReasons":[],"startAt":1764040032844,"status":"passed","title":"TC01: Username rỗng -> báo lỗi"},{"ancestorTitles":["Login Validate Tests","validateUsername()"],"duration":1,"failing":false,"failureDetails":[],"failureMessages":[],"fullName":"Login Validate Tests validateUsername() TC02: Username chỉ có khoảng trắng -> báo lỗi","invocations":1,"location":null,"numPassingAsserts":1,"retryReasons":[],"startAt":1764040032849,"status":"passed","title":"TC02: Username chỉ có khoảng trắng -> báo lỗi"},{"ancestorTitles":["Login Validate Tests","validateUsername()"],"duration":1,"failing":false,"failureDetails":[],"failureMessages":[],"fullName":"Login Validate Tests validateUsername() TC03: Username quá ngắn (<6 ký tự) -> báo lỗi","invocations":1,"location":null,"numPassingAsserts":1,"retryReasons":[],"startAt":1764040032851,"status":"passed","title":"TC03: Username quá ngắn (<6 ký tự) -> báo lỗi"},{"ancestorTitles":["Login Validate Tests","validateUsername()"],"duration":1,"failing":false,"failureDetails":[],"failureMessages":[],"fullName":"Login Validate Tests validateUsername() TC04: Username quá dài (>20 ký tự) -> báo lỗi","invocations":1,"location":null,"numPassingAsserts":1,"retryReasons":[],"startAt":1764040032852,"status":"passed","title":"TC04: Username quá dài (>20 ký tự) -> báo lỗi"},{"ancestorTitles":["Login Validate Tests","validateUsername()"],"duration":1,"failing":false,"failureDetails":[],"failureMessages":[],"fullName":"Login Validate Tests validateUsername() TC05: Username có ký tự đặc biệt -> báo lỗi","invocations":1,"location":null,"numPassingAsserts":1,"retryReasons":[],"startAt":1764040032853,"status":"passed","title":"TC05: Username có ký tự đặc biệt -> báo lỗi"},{"ancestorTitles":["Login Validate Tests","validateUsername()"],"duration":1,"failing":false,"failureDetails":[],"failureMessages":[],"fullName":"Login Validate Tests validateUsername() TC06: Username hợp lệ -> không có lỗi","invocations":1,"location":null,"numPassingAsserts":1,"retryReasons":[],"startAt":1764040032854,"status":"passed","title":"TC06: Username hợp lệ -> không có lỗi"},{"ancestorTitles":["Login Validate Tests","validateUsername()"],"duration":1,"failing":false,"failureDetails":[],"failureMessages":[],"fullName":"Login Validate Tests validateUsername() TC14: Username có khoảng trắng giữa -> báo lỗi","invocations":1,"location":null,"numPassingAsserts":1,"retryReasons":[],"startAt":1764040032855,"status":"passed","title":"TC14: Username có khoảng trắng giữa -> báo lỗi"},{"ancestorTitles":["Login Validate Tests","validatePassword()"],"duration":1,"failing":false,"failureDetails":[],"failureMessages":[],"fullName":"Login Validate Tests validatePassword() TC07: Password rỗng -> báo lỗi","invocations":1,"location":null,"numPassingAsserts":1,"retryReasons":[],"startAt":1764040032857,"status":"passed","title":"TC07: Password rỗng -> báo lỗi"},{"ancestorTitles":["Login Validate Tests","validatePassword()"],"duration":1,"failing":false,"failureDetails":[],"failureMessages":[],"fullName":"Login Validate Tests validatePassword() TC08: Password chỉ có khoảng trắng -> báo lỗi","invocations":1,"location":null,"numPassingAsserts":1,"retryReasons":[],"startAt":1764040032858,"status":"passed","title":"TC08: Password chỉ có khoảng trắng -> báo lỗi"},{"ancestorTitles":["Login Validate Tests","validatePassword()"],"duration":4,"failing":false,"failureDetails":[],"failureMessages":[],"fullName":"Login Validate Tests validatePassword() TC09: Password quá ngắn (<6 ký tự) -> báo lỗi","invocations":1,"location":null,"numPassingAsserts":1,"retryReasons":[],"startAt":1764040032860,"status":"passed","title":"TC09: Password quá ngắn (<6 ký tự) -> báo lỗi"},{"ancestorTitles":["Login Validate Tests","validatePassword()"],"duration":1,"failing":false,"failureDetails":[],"failureMessages":[],"fullName":"Login Validate Tests validatePassword() TC10: Password quá dài (>20 ký tự) -> báo lỗi","invocations":1,"location":null,"numPassingAsserts":1,"retryReasons":[],"startAt":1764040032865,"status":"passed","title":"TC10: Password quá dài (>20 ký tự) -> báo lỗi"},{"ancestorTitles":["Login Validate Tests","validatePassword()"],"duration":4,"failing":false,"failureDetails":[],"failureMessages":[],"fullName":"Login Validate Tests validatePassword() TC11: Password không có số -> báo lỗi","invocations":1,"location":null,"numPassingAsserts":1,"retryReasons":[],"startAt":1764040032866,"status":"passed","title":"TC11: Password không có số -> báo lỗi"},{"ancestorTitles":["Login Validate Tests","validatePassword()"],"duration":3,"failing":false,"failureDetails":[],"failureMessages":[],"fullName":"Login Validate Tests validatePassword() TC12: Password không có chữ -> báo lỗi","invocations":1,"location":null,"numPassingAsserts":1,"retryReasons":[],"startAt":1764040032870,"status":"passed","title":"TC12: Password không có chữ -> báo lỗi"},{"ancestorTitles":["Login Validate Tests","validatePassword()"],"duration":1,"failing":false,"failureDetails":[],"failureMessages":[],"fullName":"Login Validate Tests validatePassword() TC13: Password hợp lệ -> không có lỗi","invocations":1,"location":null,"numPassingAsserts":1,"retryReasons":[],"startAt":1764040032874,"status":"passed","title":"TC13: Password hợp lệ -> không có lỗi"},{"ancestorTitles":["Login Validate Tests","validatePassword()"],"duration":1,"failing":false,"failureDetails":[],"failureMessages":[],"fullName":"Login Validate Tests validatePassword() TC15: Password có ký tự đặc biệt nhưng hợp lệ -> không lỗi","invocations":1,"location":null,"numPassingAsserts":1,"retryReasons":[],"startAt":1764040032875,"status":"passed","title":"TC15: Password có ký tự đặc biệt nhưng hợp lệ -> không lỗi"}],"endTime":1764040032879,"message":"","name":"D:\\Data\\SOFTWARETESTING\\frontend\\src\\tests\\UnitTest\\validation.test.js","startTime":1764040032542,"status":"passed","summary":""},{"assertionResults":[{"ancestorTitles":["ProductUpdate Integration Test"],"duration":84,"failing":false,"failureDetails":[],"failureMessages":[],"fullName":"ProductUpdate Integration Test TC_01 FAIL khi tên sản phẩm bị để trống","invocations":1,"location":null,"numPassingAsserts":1,"retryReasons":[],"startAt":1764040032801,"status":"passed","title":"TC_01 FAIL khi tên sản phẩm bị để trống"},{"ancestorTitles":["ProductUpdate Integration Test"],"duration":106,"failing":false,"failureDetails":[],"failureMessages":[],"fullName":"ProductUpdate Integration Test TC_02 FAIL khi giá sản phẩm âm","invocations":1,"location":null,"numPassingAsserts":1,"retryReasons":[],"startAt":1764040032886,"status":"passed","title":"TC_02 FAIL khi giá sản phẩm âm"},{"ancestorTitles":["ProductUpdate Integration Test"],"duration":81,"failing":false,"failureDetails":[],"failureMessages":[],"fullName":"ProductUpdate Integration Test TC_03 FAIL khi số lượng tồn kho < 0","invocations":1,"location":null,"numPassingAsserts":1,"retryReasons":[],"startAt":1764040032993,"status":"passed","title":"TC_03 FAIL khi số lượng tồn kho < 0"},{"ancestorTitles":["ProductUpdate Integration Test"],"duration":50,"failing":false,"failureDetails":[],"failureMessages":[],"fullName":"ProductUpdate Integration Test TC04_ FAIL khi mô tả vượt quá 200 ký tự","invocations":1,"location":null,"numPassingAsserts":1,"retryReasons":[],"startAt":1764040033075,"status":"passed","title":"TC04_ FAIL khi mô tả vượt quá 200 ký tự"}],"endTime":1764040033130,"message":"","name":"D:\\Data\\SOFTWARETESTING\\frontend\\src\\tests\\IntegrationTest\\ProductUpdate.integration.test.js","startTime":1764040032427,"status":"passed","summary":""},{"assertionResults":[{"ancestorTitles":["Product Validate Test"],"duration":2,"failing":false,"failureDetails":[],"failureMessages":[],"fullName":"Product Validate Test TC1: Product name rong - nen tra ve loi","invocations":1,"location":null,"numPassingAsserts":1,"retryReasons":[],"startAt":1764040033184,"status":"passed","title":"TC1: Product name rong - nen tra ve loi"},{"ancestorTitles":["Product Validate Test"],"duration":2,"failing":false,"failureDetails":[],"failureMessages":[],"fullName":"Product Validate Test TC2: Price am - nen tra ve loi","invocations":1,"location":null,"numPassingAsserts":1,"retryReasons":[],"startAt":1764040033187,"status":"passed","title":"TC2: Price am - nen tra ve loi"},{"ancestorTitles":["Product Validate Test"],"duration":1,"failing":false,"failureDetails":[],"failureMessages":[],"fullName":"Product Validate Test TC3: Quantity am - nen tra ve loi","invocations":1,"location":null,"numPassingAsserts":1,"retryReasons":[],"startAt":1764040033189,"status":"passed","title":"TC3: Quantity am - nen tra ve loi"},{"ancestorTitles":["Product Validate Test"],"duration":1,"failing":false,"failureDetails":[],"failureMessages":[],"fullName":"Product Validate Test TC4: Description qua 200 ky tu - nen tra ve loi","invocations":1,"location":null,"numPassingAsserts":1,"retryReasons":[],"startAt":1764040033190,"status":"passed","title":"TC4: Description qua 200 ky tu - nen tra ve loi"},{"ancestorTitles":["Product Validate Test"],"duration":1,"failing":false,"failureDetails":[],"failureMessages":[],"fullName":"Product Validate Test TC5: Category khong ton tai - nen tra ve loi","invocations":1,"location":null,"numPassingAsserts":1,"retryReasons":[],"startAt":1764040033191,"status":"passed","title":"TC5: Category khong ton tai - nen tra ve loi"}],"endTime":1764040033194,"message":"","name":"D:\\Data\\SOFTWARETESTING\\frontend\\src\\tests\\UnitTest\\Product.test.js","startTime":1764040032792,"status":"passed","summary":""}],"wasInterrupted":false}
