{"numFailedTestSuites":0,"numFailedTests":0,"numPassedTestSuites":10,"numPassedTests":54,"numPendingTestSuites":0,"numPendingTests":0,"numRuntimeErrorTestSuites":0,"numTodoTests":0,"numTotalTestSuites":10,"numTotalTests":54,"openHandles":[],"snapshot":{"added":0,"didUpdate":false,"failure":false,"filesAdded":0,"filesRemoved":0,"filesRemovedList":[],"filesUnmatched":0,"filesUpdated":0,"matched":0,"total":0,"unchecked":0,"uncheckedKeysByFile":[],"unmatched":0,"updated":0},"startTime":1764000990056,"success":true,"testResults":[{"assertionResults":[{"ancestorTitles":["Product Validate Test"],"duration":7,"failing":false,"failureDetails":[],"failureMessages":[],"fullName":"Product Validate Test TC1: Product name rong - nen tra ve loi","invocations":1,"location":null,"numPassingAsserts":1,"retryReasons":[],"startAt":1764000995307,"status":"passed","title":"TC1: Product name rong - nen tra ve loi"},{"ancestorTitles":["Product Validate Test"],"duration":0,"failing":false,"failureDetails":[],"failureMessages":[],"fullName":"Product Validate Test TC2: Price am - nen tra ve loi","invocations":1,"location":null,"numPassingAsserts":1,"retryReasons":[],"startAt":1764000995315,"status":"passed","title":"TC2: Price am - nen tra ve loi"},{"ancestorTitles":["Product Validate Test"],"duration":1,"failing":false,"failureDetails":[],"failureMessages":[],"fullName":"Product Validate Test TC3: Quantity am - nen tra ve loi","invocations":1,"location":null,"numPassingAsserts":1,"retryReasons":[],"startAt":1764000995315,"status":"passed","title":"TC3: Quantity am - nen tra ve loi"},{"ancestorTitles":["Product Validate Test"],"duration":1,"failing":false,"failureDetails":[],"failureMessages":[],"fullName":"Product Validate Test TC4: Description qua 200 ky tu - nen tra ve loi","invocations":1,"location":null,"numPassingAsserts":1,"retryReasons":[],"startAt":1764000995316,"status":"passed","title":"TC4: Description qua 200 ky tu - nen tra ve loi"},{"ancestorTitles":["Product Validate Test"],"duration":1,"failing":false,"failureDetails":[],"failureMessages":[],"fullName":"Product Validate Test TC5: Category khong ton tai - nen tra ve loi","invocations":1,"location":null,"numPassingAsserts":1,"retryReasons":[],"startAt":1764000995317,"status":"passed","title":"TC5: Category khong ton tai - nen tra ve loi"}],"endTime":1764000995320,"message":"","name":"C:\\VSCODE\\KTPM\\FloginFE_BE\\frontend\\src\\tests\\UnitTest\\Product.test.js","startTime":1764000994077,"status":"passed","summary":""},{"assertionResults":[{"ancestorTitles":["ProductCRUD Mock Test"],"duration":15,"failing":false,"failureDetails":[],"failureMessages":[],"fullName":"ProductCRUD Mock Test TC_01 createProduct thành công","invocations":1,"location":null,"numPassingAsserts":3,"retryReasons":[],"startAt":1764000995477,"status":"passed","title":"TC_01 createProduct thành công"},{"ancestorTitles":["ProductCRUD Mock Test"],"duration":27,"failing":false,"failureDetails":[],"failureMessages":[],"fullName":"ProductCRUD Mock Test TC_02 createProduct thất bại","invocations":1,"location":null,"numPassingAsserts":2,"retryReasons":[],"startAt":1764000995493,"status":"passed","title":"TC_02 createProduct thất bại"},{"ancestorTitles":["ProductCRUD Mock Test"],"duration":2,"failing":false,"failureDetails":[],"failureMessages":[],"fullName":"ProductCRUD Mock Test TC_03 getAllProduct thành công","invocations":1,"location":null,"numPassingAsserts":3,"retryReasons":[],"startAt":1764000995521,"status":"passed","title":"TC_03 getAllProduct thành công"},{"ancestorTitles":["ProductCRUD Mock Test"],"duration":2,"failing":false,"failureDetails":[],"failureMessages":[],"fullName":"ProductCRUD Mock Test TC_04 getAllProduct thất bại","invocations":1,"location":null,"numPassingAsserts":2,"retryReasons":[],"startAt":1764000995523,"status":"passed","title":"TC_04 getAllProduct thất bại"},{"ancestorTitles":["ProductCRUD Mock Test"],"duration":1,"failing":false,"failureDetails":[],"failureMessages":[],"fullName":"ProductCRUD Mock Test TC_05 updateProduct thành công","invocations":1,"location":null,"numPassingAsserts":3,"retryReasons":[],"startAt":1764000995525,"status":"passed","title":"TC_05 updateProduct thành công"},{"ancestorTitles":["ProductCRUD Mock Test"],"duration":2,"failing":false,"failureDetails":[],"failureMessages":[],"fullName":"ProductCRUD Mock Test TC_06 updateProduct thất bại","invocations":1,"location":null,"numPassingAsserts":2,"retryReasons":[],"startAt":1764000995527,"status":"passed","title":"TC_06 updateProduct thất bại"},{"ancestorTitles":["ProductCRUD Mock Test"],"duration":4,"failing":false,"failureDetails":[],"failureMessages":[],"fullName":"ProductCRUD Mock Test TC_07 deleteProduct thành công","invocations":1,"location":null,"numPassingAsserts":3,"retryReasons":[],"startAt":1764000995529,"status":"passed","title":"TC_07 deleteProduct thành công"},{"ancestorTitles":["ProductCRUD Mock Test"],"duration":2,"failing":false,"failureDetails":[],"failureMessages":[],"fullName":"ProductCRUD Mock Test TC_08 deleteProduct thất bại","invocations":1,"location":null,"numPassingAsserts":2,"retryReasons":[],"startAt":1764000995533,"status":"passed","title":"TC_08 deleteProduct thất bại"}],"endTime":1764000995537,"message":"","name":"C:\\VSCODE\\KTPM\\FloginFE_BE\\frontend\\src\\tests\\MockTest\\ProductCRUD.mock.test.js","startTime":1764000994145,"status":"passed","summary":""},{"assertionResults":[{"ancestorTitles":["ProductList Integration Test"],"duration":91,"failing":false,"failureDetails":[],"failureMessages":[],"fullName":"ProductList Integration Test TC_01: Hiển thị 'Không có dữ liệu' khi API trả về mảng rỗng","invocations":1,"location":null,"numPassingAsserts":1,"retryReasons":[],"startAt":1764000995542,"status":"passed","title":"TC_01: Hiển thị 'Không có dữ liệu' khi API trả về mảng rỗng"},{"ancestorTitles":["ProductList Integration Test"],"duration":22,"failing":false,"failureDetails":[],"failureMessages":[],"fullName":"ProductList Integration Test TC_02: Không hiển thị sản phẩm nếu API rỗng","invocations":1,"location":null,"numPassingAsserts":1,"retryReasons":[],"startAt":1764000995633,"status":"passed","title":"TC_02: Không hiển thị sản phẩm nếu API rỗng"}],"endTime":1764000995660,"message":"","name":"C:\\VSCODE\\KTPM\\FloginFE_BE\\frontend\\src\\tests\\IntegrationTest\\ProductList.integration.test.js","startTime":1764000994084,"status":"passed","summary":""},{"assertionResults":[{"ancestorTitles":["Login Validate Tests","validateUsername()"],"duration":6,"failing":false,"failureDetails":[],"failureMessages":[],"fullName":"Login Validate Tests validateUsername() TC01: Username rỗng -> báo lỗi","invocations":1,"location":null,"numPassingAsserts":1,"retryReasons":[],"startAt":1764000995706,"status":"passed","title":"TC01: Username rỗng -> báo lỗi"},{"ancestorTitles":["Login Validate Tests","validateUsername()"],"duration":1,"failing":false,"failureDetails":[],"failureMessages":[],"fullName":"Login Validate Tests validateUsername() TC02: Username chỉ có khoảng trắng -> báo lỗi","invocations":1,"location":null,"numPassingAsserts":1,"retryReasons":[],"startAt":1764000995713,"status":"passed","title":"TC02: Username chỉ có khoảng trắng -> báo lỗi"},{"ancestorTitles":["Login Validate Tests","validateUsername()"],"duration":1,"failing":false,"failureDetails":[],"failureMessages":[],"fullName":"Login Validate Tests validateUsername() TC03: Username quá ngắn (<6 ký tự) -> báo lỗi","invocations":1,"location":null,"numPassingAsserts":1,"retryReasons":[],"startAt":1764000995714,"status":"passed","title":"TC03: Username quá ngắn (<6 ký tự) -> báo lỗi"},{"ancestorTitles":["Login Validate Tests","validateUsername()"],"duration":1,"failing":false,"failureDetails":[],"failureMessages":[],"fullName":"Login Validate Tests validateUsername() TC04: Username quá dài (>20 ký tự) -> báo lỗi","invocations":1,"location":null,"numPassingAsserts":1,"retryReasons":[],"startAt":1764000995715,"status":"passed","title":"TC04: Username quá dài (>20 ký tự) -> báo lỗi"},{"ancestorTitles":["Login Validate Tests","validateUsername()"],"duration":1,"failing":false,"failureDetails":[],"failureMessages":[],"fullName":"Login Validate Tests validateUsername() TC05: Username có ký tự đặc biệt -> báo lỗi","invocations":1,"location":null,"numPassingAsserts":1,"retryReasons":[],"startAt":1764000995716,"status":"passed","title":"TC05: Username có ký tự đặc biệt -> báo lỗi"},{"ancestorTitles":["Login Validate Tests","validateUsername()"],"duration":0,"failing":false,"failureDetails":[],"failureMessages":[],"fullName":"Login Validate Tests validateUsername() TC06: Username hợp lệ -> không có lỗi","invocations":1,"location":null,"numPassingAsserts":1,"retryReasons":[],"startAt":1764000995717,"status":"passed","title":"TC06: Username hợp lệ -> không có lỗi"},{"ancestorTitles":["Login Validate Tests","validateUsername()"],"duration":0,"failing":false,"failureDetails":[],"failureMessages":[],"fullName":"Login Validate Tests validateUsername() TC14: Username có khoảng trắng giữa -> báo lỗi","invocations":1,"location":null,"numPassingAsserts":1,"retryReasons":[],"startAt":1764000995717,"status":"passed","title":"TC14: Username có khoảng trắng giữa -> báo lỗi"},{"ancestorTitles":["Login Validate Tests","validatePassword()"],"duration":0,"failing":false,"failureDetails":[],"failureMessages":[],"fullName":"Login Validate Tests validatePassword() TC07: Password rỗng -> báo lỗi","invocations":1,"location":null,"numPassingAsserts":1,"retryReasons":[],"startAt":1764000995718,"status":"passed","title":"TC07: Password rỗng -> báo lỗi"},{"ancestorTitles":["Login Validate Tests","validatePassword()"],"duration":1,"failing":false,"failureDetails":[],"failureMessages":[],"fullName":"Login Validate Tests validatePassword() TC08: Password chỉ có khoảng trắng -> báo lỗi","invocations":1,"location":null,"numPassingAsserts":1,"retryReasons":[],"startAt":1764000995718,"status":"passed","title":"TC08: Password chỉ có khoảng trắng -> báo lỗi"},{"ancestorTitles":["Login Validate Tests","validatePassword()"],"duration":1,"failing":false,"failureDetails":[],"failureMessages":[],"fullName":"Login Validate Tests validatePassword() TC09: Password quá ngắn (<6 ký tự) -> báo lỗi","invocations":1,"location":null,"numPassingAsserts":1,"retryReasons":[],"startAt":1764000995719,"status":"passed","title":"TC09: Password quá ngắn (<6 ký tự) -> báo lỗi"},{"ancestorTitles":["Login Validate Tests","validatePassword()"],"duration":0,"failing":false,"failureDetails":[],"failureMessages":[],"fullName":"Login Validate Tests validatePassword() TC10: Password quá dài (>20 ký tự) -> báo lỗi","invocations":1,"location":null,"numPassingAsserts":1,"retryReasons":[],"startAt":1764000995720,"status":"passed","title":"TC10: Password quá dài (>20 ký tự) -> báo lỗi"},{"ancestorTitles":["Login Validate Tests","validatePassword()"],"duration":1,"failing":false,"failureDetails":[],"failureMessages":[],"fullName":"Login Validate Tests validatePassword() TC11: Password không có số -> báo lỗi","invocations":1,"location":null,"numPassingAsserts":1,"retryReasons":[],"startAt":1764000995720,"status":"passed","title":"TC11: Password không có số -> báo lỗi"},{"ancestorTitles":["Login Validate Tests","validatePassword()"],"duration":0,"failing":false,"failureDetails":[],"failureMessages":[],"fullName":"Login Validate Tests validatePassword() TC12: Password không có chữ -> báo lỗi","invocations":1,"location":null,"numPassingAsserts":1,"retryReasons":[],"startAt":1764000995721,"status":"passed","title":"TC12: Password không có chữ -> báo lỗi"},{"ancestorTitles":["Login Validate Tests","validatePassword()"],"duration":0,"failing":false,"failureDetails":[],"failureMessages":[],"fullName":"Login Validate Tests validatePassword() TC13: Password hợp lệ -> không có lỗi","invocations":1,"location":null,"numPassingAsserts":1,"retryReasons":[],"startAt":1764000995722,"status":"passed","title":"TC13: Password hợp lệ -> không có lỗi"},{"ancestorTitles":["Login Validate Tests","validatePassword()"],"duration":1,"failing":false,"failureDetails":[],"failureMessages":[],"fullName":"Login Validate Tests validatePassword() TC15: Password có ký tự đặc biệt nhưng hợp lệ -> không lỗi","invocations":1,"location":null,"numPassingAsserts":1,"retryReasons":[],"startAt":1764000995722,"status":"passed","title":"TC15: Password có ký tự đặc biệt nhưng hợp lệ -> không lỗi"}],"endTime":1764000995725,"message":"","name":"C:\\VSCODE\\KTPM\\FloginFE_BE\\frontend\\src\\tests\\UnitTest\\validation.test.js","startTime":1764000994035,"status":"passed","summary":""},{"assertionResults":[{"ancestorTitles":["ProductUpdate Integration Test"],"duration":146,"failing":false,"failureDetails":[],"failureMessages":[],"fullName":"ProductUpdate Integration Test TC_01 FAIL khi tên sản phẩm bị để trống","invocations":1,"location":null,"numPassingAsserts":1,"retryReasons":[],"startAt":1764000995548,"status":"passed","title":"TC_01 FAIL khi tên sản phẩm bị để trống"},{"ancestorTitles":["ProductUpdate Integration Test"],"duration":25,"failing":false,"failureDetails":[],"failureMessages":[],"fullName":"ProductUpdate Integration Test TC_02 FAIL khi giá sản phẩm âm","invocations":1,"location":null,"numPassingAsserts":1,"retryReasons":[],"startAt":1764000995695,"status":"passed","title":"TC_02 FAIL khi giá sản phẩm âm"},{"ancestorTitles":["ProductUpdate Integration Test"],"duration":25,"failing":false,"failureDetails":[],"failureMessages":[],"fullName":"ProductUpdate Integration Test TC_03 FAIL khi số lượng tồn kho < 0","invocations":1,"location":null,"numPassingAsserts":1,"retryReasons":[],"startAt":1764000995720,"status":"passed","title":"TC_03 FAIL khi số lượng tồn kho < 0"},{"ancestorTitles":["ProductUpdate Integration Test"],"duration":19,"failing":false,"failureDetails":[],"failureMessages":[],"fullName":"ProductUpdate Integration Test TC04_ FAIL khi mô tả vượt quá 200 ký tự","invocations":1,"location":null,"numPassingAsserts":1,"retryReasons":[],"startAt":1764000995745,"status":"passed","title":"TC04_ FAIL khi mô tả vượt quá 200 ký tự"}],"endTime":1764000995765,"message":"","name":"C:\\VSCODE\\KTPM\\FloginFE_BE\\frontend\\src\\tests\\IntegrationTest\\ProductUpdate.integration.test.js","startTime":1764000994051,"status":"passed","summary":""},{"assertionResults":[{"ancestorTitles":["ProductView Integration Test"],"duration":126,"failing":false,"failureDetails":[],"failureMessages":[],"fullName":"ProductView Integration Test  Khi click vào sản phẩm, hiển thị modal ProductDetailsView với đúng thông tin","invocations":1,"location":null,"numPassingAsserts":6,"retryReasons":[],"startAt":1764000995557,"status":"passed","title":" Khi click vào sản phẩm, hiển thị modal ProductDetailsView với đúng thông tin"},{"ancestorTitles":["ProductView Integration Test"],"duration":44,"failing":false,"failureDetails":[],"failureMessages":[],"fullName":"ProductView Integration Test TC_01 Hiển thị sai giá sản phẩm FAIL","invocations":1,"location":null,"numPassingAsserts":1,"retryReasons":[],"startAt":1764000995684,"status":"passed","title":"TC_01 Hiển thị sai giá sản phẩm FAIL"},{"ancestorTitles":["ProductView Integration Test"],"duration":64,"failing":false,"failureDetails":[],"failureMessages":[],"fullName":"ProductView Integration Test TC_02 Hiển thị sai số lượng sản phẩm FAIL","invocations":1,"location":null,"numPassingAsserts":1,"retryReasons":[],"startAt":1764000995728,"status":"passed","title":"TC_02 Hiển thị sai số lượng sản phẩm FAIL"},{"ancestorTitles":["ProductView Integration Test"],"duration":46,"failing":false,"failureDetails":[],"failureMessages":[],"fullName":"ProductView Integration Test TC_03 Hiển thị sai mô tả sản phẩm FAIL","invocations":1,"location":null,"numPassingAsserts":1,"retryReasons":[],"startAt":1764000995792,"status":"passed","title":"TC_03 Hiển thị sai mô tả sản phẩm FAIL"},{"ancestorTitles":["ProductView Integration Test"],"duration":35,"failing":false,"failureDetails":[],"failureMessages":[],"fullName":"ProductView Integration Test TC_04 Hiển thị sai danh mục sản phẩm FAIL","invocations":1,"location":null,"numPassingAsserts":1,"retryReasons":[],"startAt":1764000995838,"status":"passed","title":"TC_04 Hiển thị sai danh mục sản phẩm FAIL"}],"endTime":1764000995874,"message":"","name":"C:\\VSCODE\\KTPM\\FloginFE_BE\\frontend\\src\\tests\\IntegrationTest\\ProductView.integration.test.js","startTime":1764000994067,"status":"passed","summary":""},{"assertionResults":[{"ancestorTitles":["Login Integration Test"],"duration":219,"failing":false,"failureDetails":[],"failureMessages":[],"fullName":"Login Integration Test TC01 - Hiển thị lỗi khi submit form rỗng","invocations":1,"location":null,"numPassingAsserts":2,"retryReasons":[],"startAt":1764000995534,"status":"passed","title":"TC01 - Hiển thị lỗi khi submit form rỗng"},{"ancestorTitles":["Login Integration Test"],"duration":16,"failing":false,"failureDetails":[],"failureMessages":[],"fullName":"Login Integration Test TC02 - Nhập thông tin input và kiểm tra giá trị cập nhật","invocations":1,"location":null,"numPassingAsserts":2,"retryReasons":[],"startAt":1764000995754,"status":"passed","title":"TC02 - Nhập thông tin input và kiểm tra giá trị cập nhật"},{"ancestorTitles":["Login Integration Test"],"duration":46,"failing":false,"failureDetails":[],"failureMessages":[],"fullName":"Login Integration Test TC03 - Không gọi API khi form không hợp lệ (username sai định dạng)","invocations":1,"location":null,"numPassingAsserts":2,"retryReasons":[],"startAt":1764000995770,"status":"passed","title":"TC03 - Không gọi API khi form không hợp lệ (username sai định dạng)"},{"ancestorTitles":["Login Integration Test"],"duration":30,"failing":false,"failureDetails":[],"failureMessages":[],"fullName":"Login Integration Test TC04 - Gọi API khi submit form hợp lệ","invocations":1,"location":null,"numPassingAsserts":2,"retryReasons":[],"startAt":1764000995817,"status":"passed","title":"TC04 - Gọi API khi submit form hợp lệ"},{"ancestorTitles":["Login Integration Test"],"duration":16,"failing":false,"failureDetails":[],"failureMessages":[],"fullName":"Login Integration Test TC05 - Hiển thị thông báo lỗi khi đăng nhập thất bại","invocations":1,"location":null,"numPassingAsserts":1,"retryReasons":[],"startAt":1764000995847,"status":"passed","title":"TC05 - Hiển thị thông báo lỗi khi đăng nhập thất bại"},{"ancestorTitles":["Login Integration Test"],"duration":31,"failing":false,"failureDetails":[],"failureMessages":[],"fullName":"Login Integration Test TC06 - Reset form sau khi đăng nhập thành công","invocations":1,"location":null,"numPassingAsserts":3,"retryReasons":[],"startAt":1764000995863,"status":"passed","title":"TC06 - Reset form sau khi đăng nhập thành công"}],"endTime":1764000995896,"message":"","name":"C:\\VSCODE\\KTPM\\FloginFE_BE\\frontend\\src\\tests\\IntegrationTest\\Login.integration.test.js","startTime":1764000993991,"status":"passed","summary":""},{"assertionResults":[{"ancestorTitles":["Login Mock Test"],"duration":107,"failing":false,"failureDetails":[],"failureMessages":[],"fullName":"Login Mock Test TC_01: Login thành công","invocations":1,"location":null,"numPassingAsserts":2,"retryReasons":[],"startAt":1764000995773,"status":"passed","title":"TC_01: Login thành công"},{"ancestorTitles":["Login Mock Test"],"duration":31,"failing":false,"failureDetails":[],"failureMessages":[],"fullName":"Login Mock Test TC_02: Login thất bại","invocations":1,"location":null,"numPassingAsserts":2,"retryReasons":[],"startAt":1764000995881,"status":"passed","title":"TC_02: Login thất bại"}],"endTime":1764000995914,"message":"","name":"C:\\VSCODE\\KTPM\\FloginFE_BE\\frontend\\src\\tests\\MockTest\\Login.mock.test.js","startTime":1764000994134,"status":"passed","summary":""},{"assertionResults":[{"ancestorTitles":["ProductForm UnitTest"],"duration":231,"failing":false,"failureDetails":[],"failureMessages":[],"fullName":"ProductForm UnitTest TC_01 Success khi thêm sản phẩm hợp lệ","invocations":1,"location":null,"numPassingAsserts":2,"retryReasons":[],"startAt":1764000995636,"status":"passed","title":"TC_01 Success khi thêm sản phẩm hợp lệ"},{"ancestorTitles":["ProductForm UnitTest"],"duration":119,"failing":false,"failureDetails":[],"failureMessages":[],"fullName":"ProductForm UnitTest TC_02 Hiển thị alert lỗi khi createProduct bị lỗi","invocations":1,"location":null,"numPassingAsserts":1,"retryReasons":[],"startAt":1764000995868,"status":"passed","title":"TC_02 Hiển thị alert lỗi khi createProduct bị lỗi"},{"ancestorTitles":["ProductForm UnitTest"],"duration":32,"failing":false,"failureDetails":[],"failureMessages":[],"fullName":"ProductForm UnitTest Submit form thành công gọi setErrors({}), onSave và onClose","invocations":1,"location":null,"numPassingAsserts":3,"retryReasons":[],"startAt":1764000995988,"status":"passed","title":"Submit form thành công gọi setErrors({}), onSave và onClose"}],"endTime":1764000996021,"message":"","name":"C:\\VSCODE\\KTPM\\FloginFE_BE\\frontend\\src\\tests\\UnitTest\\ProductForm.test.js","startTime":1764000994022,"status":"passed","summary":""},{"assertionResults":[{"ancestorTitles":["ProductAdd Integration Test"],"duration":118,"failing":false,"failureDetails":[],"failureMessages":[],"fullName":"ProductAdd Integration Test TC01_Fail khi độ dài tên sản phẩm < 3","invocations":1,"location":null,"numPassingAsserts":1,"retryReasons":[],"startAt":1764000995831,"status":"passed","title":"TC01_Fail khi độ dài tên sản phẩm < 3"},{"ancestorTitles":["ProductAdd Integration Test"],"duration":37,"failing":false,"failureDetails":[],"failureMessages":[],"fullName":"ProductAdd Integration Test TC_02 Fail khi price < 0 hoặc > 999999999","invocations":1,"location":null,"numPassingAsserts":1,"retryReasons":[],"startAt":1764000995950,"status":"passed","title":"TC_02 Fail khi price < 0 hoặc > 999999999"},{"ancestorTitles":["ProductAdd Integration Test"],"duration":30,"failing":false,"failureDetails":[],"failureMessages":[],"fullName":"ProductAdd Integration Test TC_03 Fail khi quantity < 0 hoặc > 100000","invocations":1,"location":null,"numPassingAsserts":1,"retryReasons":[],"startAt":1764000995988,"status":"passed","title":"TC_03 Fail khi quantity < 0 hoặc > 100000"},{"ancestorTitles":["ProductAdd Integration Test"],"duration":30,"failing":false,"failureDetails":[],"failureMessages":[],"fullName":"ProductAdd Integration Test TC_04 Fail khi description quá 200 ký tự","invocations":1,"location":null,"numPassingAsserts":1,"retryReasons":[],"startAt":1764000996019,"status":"passed","title":"TC_04 Fail khi description quá 200 ký tự"}],"endTime":1764000996051,"message":"","name":"C:\\VSCODE\\KTPM\\FloginFE_BE\\frontend\\src\\tests\\IntegrationTest\\ProductCreate.integration.test.js","startTime":1764000994173,"status":"passed","summary":""}],"wasInterrupted":false}
