{"numFailedTestSuites":0,"numFailedTests":0,"numPassedTestSuites":11,"numPassedTests":63,"numPendingTestSuites":0,"numPendingTests":0,"numRuntimeErrorTestSuites":0,"numTodoTests":0,"numTotalTestSuites":11,"numTotalTests":63,"openHandles":[],"snapshot":{"added":0,"didUpdate":false,"failure":false,"filesAdded":0,"filesRemoved":0,"filesRemovedList":[],"filesUnmatched":0,"filesUpdated":0,"matched":0,"total":0,"unchecked":0,"uncheckedKeysByFile":[],"unmatched":0,"updated":0},"startTime":1763995795993,"success":true,"testResults":[{"assertionResults":[{"ancestorTitles":["Integration Test - Login Component (6 Test Cases)"],"duration":441,"failing":false,"failureDetails":[],"failureMessages":[],"fullName":"Integration Test - Login Component (6 Test Cases) TC01 - Hiển thị lỗi khi submit form rỗng","invocations":1,"location":null,"numPassingAsserts":2,"retryReasons":[],"startAt":1763995800655,"status":"passed","title":"TC01 - Hiển thị lỗi khi submit form rỗng"},{"ancestorTitles":["Integration Test - Login Component (6 Test Cases)"],"duration":27,"failing":false,"failureDetails":[],"failureMessages":[],"fullName":"Integration Test - Login Component (6 Test Cases) TC02 - Nhập thông tin input và kiểm tra giá trị cập nhật","invocations":1,"location":null,"numPassingAsserts":2,"retryReasons":[],"startAt":1763995801097,"status":"passed","title":"TC02 - Nhập thông tin input và kiểm tra giá trị cập nhật"},{"ancestorTitles":["Integration Test - Login Component (6 Test Cases)"],"duration":86,"failing":false,"failureDetails":[],"failureMessages":[],"fullName":"Integration Test - Login Component (6 Test Cases) TC03 - Không gọi API khi form không hợp lệ (username sai định dạng)","invocations":1,"location":null,"numPassingAsserts":2,"retryReasons":[],"startAt":1763995801124,"status":"passed","title":"TC03 - Không gọi API khi form không hợp lệ (username sai định dạng)"},{"ancestorTitles":["Integration Test - Login Component (6 Test Cases)"],"duration":71,"failing":false,"failureDetails":[],"failureMessages":[],"fullName":"Integration Test - Login Component (6 Test Cases) TC04 - Gọi API khi submit form hợp lệ","invocations":1,"location":null,"numPassingAsserts":2,"retryReasons":[],"startAt":1763995801210,"status":"passed","title":"TC04 - Gọi API khi submit form hợp lệ"},{"ancestorTitles":["Integration Test - Login Component (6 Test Cases)"],"duration":47,"failing":false,"failureDetails":[],"failureMessages":[],"fullName":"Integration Test - Login Component (6 Test Cases) TC05 - Hiển thị thông báo lỗi khi đăng nhập thất bại","invocations":1,"location":null,"numPassingAsserts":1,"retryReasons":[],"startAt":1763995801281,"status":"passed","title":"TC05 - Hiển thị thông báo lỗi khi đăng nhập thất bại"},{"ancestorTitles":["Integration Test - Login Component (6 Test Cases)"],"duration":47,"failing":false,"failureDetails":[],"failureMessages":[],"fullName":"Integration Test - Login Component (6 Test Cases) TC06 - Reset form sau khi đăng nhập thành công","invocations":1,"location":null,"numPassingAsserts":3,"retryReasons":[],"startAt":1763995801328,"status":"passed","title":"TC06 - Reset form sau khi đăng nhập thành công"}],"endTime":1763995801378,"message":"","name":"D:\\Data\\SOFTWARETESTING\\frontend\\src\\tests\\IntegrationTest\\Login.integration.test.jsx","startTime":1763995798064,"status":"passed","summary":""},{"assertionResults":[{"ancestorTitles":["Unit test form AddProduct and UpdateProduct"],"duration":509,"failing":false,"failureDetails":[],"failureMessages":[],"fullName":"Unit test form AddProduct and UpdateProduct TC_01 Success khi thêm sản phẩm hợp lệ","invocations":1,"location":null,"numPassingAsserts":2,"retryReasons":[],"startAt":1763995800728,"status":"passed","title":"TC_01 Success khi thêm sản phẩm hợp lệ"},{"ancestorTitles":["Unit test form AddProduct and UpdateProduct"],"duration":204,"failing":false,"failureDetails":[],"failureMessages":[],"fullName":"Unit test form AddProduct and UpdateProduct TC_02 Hiển thị alert lỗi khi createProduct bị lỗi","invocations":1,"location":null,"numPassingAsserts":1,"retryReasons":[],"startAt":1763995801239,"status":"passed","title":"TC_02 Hiển thị alert lỗi khi createProduct bị lỗi"},{"ancestorTitles":["Unit test form AddProduct and UpdateProduct"],"duration":91,"failing":false,"failureDetails":[],"failureMessages":[],"fullName":"Unit test form AddProduct and UpdateProduct Submit form thành công gọi setErrors({}), onSave và onClose","invocations":1,"location":null,"numPassingAsserts":3,"retryReasons":[],"startAt":1763995801443,"status":"passed","title":"Submit form thành công gọi setErrors({}), onSave và onClose"}],"endTime":1763995801536,"message":"","name":"D:\\Data\\SOFTWARETESTING\\frontend\\src\\tests\\UnitTest\\ProductForm.test.js","startTime":1763995798110,"status":"passed","summary":""},{"assertionResults":[{"ancestorTitles":["Tính năng khóa tài khoản đăng nhập"],"duration":460,"failing":false,"failureDetails":[],"failureMessages":[],"fullName":"Tính năng khóa tài khoản đăng nhập nên khóa tài khoản sau 5 lần đăng nhập sai","invocations":1,"location":null,"numPassingAsserts":17,"retryReasons":[],"startAt":1763995800638,"status":"passed","title":"nên khóa tài khoản sau 5 lần đăng nhập sai"},{"ancestorTitles":["Tính năng khóa tài khoản đăng nhập"],"duration":111,"failing":false,"failureDetails":[],"failureMessages":[],"fullName":"Tính năng khóa tài khoản đăng nhập nên reset số lần thất bại khi đăng nhập thành công","invocations":1,"location":null,"numPassingAsserts":5,"retryReasons":[],"startAt":1763995801099,"status":"passed","title":"nên reset số lần thất bại khi đăng nhập thành công"},{"ancestorTitles":["Tính năng khóa tài khoản đăng nhập"],"duration":41,"failing":false,"failureDetails":[],"failureMessages":[],"fullName":"Tính năng khóa tài khoản đăng nhập nên khôi phục trạng thái khóa từ localStorage khi component mount","invocations":1,"location":null,"numPassingAsserts":4,"retryReasons":[],"startAt":1763995801211,"status":"passed","title":"nên khôi phục trạng thái khóa từ localStorage khi component mount"},{"ancestorTitles":["Tính năng khóa tài khoản đăng nhập"],"duration":31,"failing":false,"failureDetails":[],"failureMessages":[],"fullName":"Tính năng khóa tài khoản đăng nhập nên ngăn chặn đăng nhập khi tài khoản bị khóa","invocations":1,"location":null,"numPassingAsserts":4,"retryReasons":[],"startAt":1763995801252,"status":"passed","title":"nên ngăn chặn đăng nhập khi tài khoản bị khóa"},{"ancestorTitles":["Tính năng khóa tài khoản đăng nhập"],"duration":45,"failing":false,"failureDetails":[],"failureMessages":[],"fullName":"Tính năng khóa tài khoản đăng nhập nên hiển thị lỗi validation khi nhập liệu không hợp lệ","invocations":1,"location":null,"numPassingAsserts":2,"retryReasons":[],"startAt":1763995801283,"status":"passed","title":"nên hiển thị lỗi validation khi nhập liệu không hợp lệ"},{"ancestorTitles":["Tính năng khóa tài khoản đăng nhập"],"duration":112,"failing":false,"failureDetails":[],"failureMessages":[],"fullName":"Tính năng khóa tài khoản đăng nhập nên hiển thị số lần thử còn lại sau mỗi lần đăng nhập sai","invocations":1,"location":null,"numPassingAsserts":6,"retryReasons":[],"startAt":1763995801329,"status":"passed","title":"nên hiển thị số lần thử còn lại sau mỗi lần đăng nhập sai"},{"ancestorTitles":["Tính năng khóa tài khoản đăng nhập"],"duration":56,"failing":false,"failureDetails":[],"failureMessages":[],"fullName":"Tính năng khóa tài khoản đăng nhập nên hiển thị thông báo khóa khi cố đăng nhập trong trạng thái khóa","invocations":1,"location":null,"numPassingAsserts":3,"retryReasons":[],"startAt":1763995801442,"status":"passed","title":"nên hiển thị thông báo khóa khi cố đăng nhập trong trạng thái khóa"},{"ancestorTitles":["Tính năng khóa tài khoản đăng nhập"],"duration":31,"failing":false,"failureDetails":[],"failureMessages":[],"fullName":"Tính năng khóa tài khoản đăng nhập nên tự động mở khóa sau khi hết thời gian","invocations":1,"location":null,"numPassingAsserts":5,"retryReasons":[],"startAt":1763995801502,"status":"passed","title":"nên tự động mở khóa sau khi hết thời gian"},{"ancestorTitles":["Tính năng khóa tài khoản đăng nhập"],"duration":46,"failing":false,"failureDetails":[],"failureMessages":[],"fullName":"Tính năng khóa tài khoản đăng nhập không nên khóa tài khoản khi đăng nhập thành công trước 5 lần thất bại","invocations":1,"location":null,"numPassingAsserts":5,"retryReasons":[],"startAt":1763995801533,"status":"passed","title":"không nên khóa tài khoản khi đăng nhập thành công trước 5 lần thất bại"}],"endTime":1763995801585,"message":"","name":"D:\\Data\\SOFTWARETESTING\\frontend\\src\\tests\\UnitTest\\Login.test.js","startTime":1763995798074,"status":"passed","summary":""},{"assertionResults":[{"ancestorTitles":["ProductEditForm - Update Fail cases"],"duration":83,"failing":false,"failureDetails":[],"failureMessages":[],"fullName":"ProductEditForm - Update Fail cases TC_01 FAIL khi tên sản phẩm bị để trống","invocations":1,"location":null,"numPassingAsserts":1,"retryReasons":[],"startAt":1763995802046,"status":"passed","title":"TC_01 FAIL khi tên sản phẩm bị để trống"},{"ancestorTitles":["ProductEditForm - Update Fail cases"],"duration":45,"failing":false,"failureDetails":[],"failureMessages":[],"fullName":"ProductEditForm - Update Fail cases TC_02 FAIL khi giá sản phẩm âm","invocations":1,"location":null,"numPassingAsserts":1,"retryReasons":[],"startAt":1763995802129,"status":"passed","title":"TC_02 FAIL khi giá sản phẩm âm"},{"ancestorTitles":["ProductEditForm - Update Fail cases"],"duration":53,"failing":false,"failureDetails":[],"failureMessages":[],"fullName":"ProductEditForm - Update Fail cases TC_03 FAIL khi số lượng tồn kho < 0","invocations":1,"location":null,"numPassingAsserts":1,"retryReasons":[],"startAt":1763995802174,"status":"passed","title":"TC_03 FAIL khi số lượng tồn kho < 0"},{"ancestorTitles":["ProductEditForm - Update Fail cases"],"duration":36,"failing":false,"failureDetails":[],"failureMessages":[],"fullName":"ProductEditForm - Update Fail cases TC04_ FAIL khi mô tả vượt quá 200 ký tự","invocations":1,"location":null,"numPassingAsserts":1,"retryReasons":[],"startAt":1763995802227,"status":"passed","title":"TC04_ FAIL khi mô tả vượt quá 200 ký tự"}],"endTime":1763995802264,"message":"","name":"D:\\Data\\SOFTWARETESTING\\frontend\\src\\tests\\IntegrationTest\\ProductUpdate.integration.test.js","startTime":1763995801641,"status":"passed","summary":""},{"assertionResults":[{"ancestorTitles":["Integration Test - Dashboard ↔ ProductDetailsView"],"duration":88,"failing":false,"failureDetails":[],"failureMessages":[],"fullName":"Integration Test - Dashboard ↔ ProductDetailsView  Khi click vào sản phẩm, hiển thị modal ProductDetailsView với đúng thông tin","invocations":1,"location":null,"numPassingAsserts":6,"retryReasons":[],"startAt":1763995801963,"status":"passed","title":" Khi click vào sản phẩm, hiển thị modal ProductDetailsView với đúng thông tin"},{"ancestorTitles":["Integration Test - Dashboard ↔ ProductDetailsView"],"duration":57,"failing":false,"failureDetails":[],"failureMessages":[],"fullName":"Integration Test - Dashboard ↔ ProductDetailsView TC_01 Hiển thị sai giá sản phẩm FAIL","invocations":1,"location":null,"numPassingAsserts":1,"retryReasons":[],"startAt":1763995802052,"status":"passed","title":"TC_01 Hiển thị sai giá sản phẩm FAIL"},{"ancestorTitles":["Integration Test - Dashboard ↔ ProductDetailsView"],"duration":72,"failing":false,"failureDetails":[],"failureMessages":[],"fullName":"Integration Test - Dashboard ↔ ProductDetailsView TC_02 Hiển thị sai số lượng sản phẩm FAIL","invocations":1,"location":null,"numPassingAsserts":1,"retryReasons":[],"startAt":1763995802110,"status":"passed","title":"TC_02 Hiển thị sai số lượng sản phẩm FAIL"},{"ancestorTitles":["Integration Test - Dashboard ↔ ProductDetailsView"],"duration":49,"failing":false,"failureDetails":[],"failureMessages":[],"fullName":"Integration Test - Dashboard ↔ ProductDetailsView TC_03 Hiển thị sai mô tả sản phẩm FAIL","invocations":1,"location":null,"numPassingAsserts":1,"retryReasons":[],"startAt":1763995802182,"status":"passed","title":"TC_03 Hiển thị sai mô tả sản phẩm FAIL"},{"ancestorTitles":["Integration Test - Dashboard ↔ ProductDetailsView"],"duration":41,"failing":false,"failureDetails":[],"failureMessages":[],"fullName":"Integration Test - Dashboard ↔ ProductDetailsView TC_04 Hiển thị sai danh mục sản phẩm FAIL","invocations":1,"location":null,"numPassingAsserts":1,"retryReasons":[],"startAt":1763995802231,"status":"passed","title":"TC_04 Hiển thị sai danh mục sản phẩm FAIL"}],"endTime":1763995802274,"message":"","name":"D:\\Data\\SOFTWARETESTING\\frontend\\src\\tests\\IntegrationTest\\ProductView.integration.test.js","startTime":1763995801579,"status":"passed","summary":""},{"assertionResults":[{"ancestorTitles":["ProductAdd Integration test"],"duration":144,"failing":false,"failureDetails":[],"failureMessages":[],"fullName":"ProductAdd Integration test TC01_Fail khi độ dài tên sản phẩm < 3","invocations":1,"location":null,"numPassingAsserts":1,"retryReasons":[],"startAt":1763995801980,"status":"passed","title":"TC01_Fail khi độ dài tên sản phẩm < 3"},{"ancestorTitles":["ProductAdd Integration test"],"duration":122,"failing":false,"failureDetails":[],"failureMessages":[],"fullName":"ProductAdd Integration test TC_02 Fail khi price < 0 hoặc > 999999999","invocations":1,"location":null,"numPassingAsserts":1,"retryReasons":[],"startAt":1763995802125,"status":"passed","title":"TC_02 Fail khi price < 0 hoặc > 999999999"},{"ancestorTitles":["ProductAdd Integration test"],"duration":155,"failing":false,"failureDetails":[],"failureMessages":[],"fullName":"ProductAdd Integration test TC_03 Fail khi quantity < 0 hoặc > 100000","invocations":1,"location":null,"numPassingAsserts":1,"retryReasons":[],"startAt":1763995802247,"status":"passed","title":"TC_03 Fail khi quantity < 0 hoặc > 100000"},{"ancestorTitles":["ProductAdd Integration test"],"duration":168,"failing":false,"failureDetails":[],"failureMessages":[],"fullName":"ProductAdd Integration test TC_04 Fail khi description quá 200 ký tự","invocations":1,"location":null,"numPassingAsserts":1,"retryReasons":[],"startAt":1763995802403,"status":"passed","title":"TC_04 Fail khi description quá 200 ký tự"}],"endTime":1763995802575,"message":"","name":"D:\\Data\\SOFTWARETESTING\\frontend\\src\\tests\\IntegrationTest\\ProductCreate.integration.test.js","startTime":1763995801412,"status":"passed","summary":""},{"assertionResults":[{"ancestorTitles":["Integration Test - ProductList với API (TDD)"],"duration":27,"failing":false,"failureDetails":[],"failureMessages":[],"fullName":"Integration Test - ProductList với API (TDD) TC_01: Hiển thị 'Không có dữ liệu' khi API trả về mảng rỗng","invocations":1,"location":null,"numPassingAsserts":1,"retryReasons":[],"startAt":1763995802801,"status":"passed","title":"TC_01: Hiển thị 'Không có dữ liệu' khi API trả về mảng rỗng"},{"ancestorTitles":["Integration Test - ProductList với API (TDD)"],"duration":25,"failing":false,"failureDetails":[],"failureMessages":[],"fullName":"Integration Test - ProductList với API (TDD) TC_02: Không hiển thị sản phẩm nếu API rỗng","invocations":1,"location":null,"numPassingAsserts":1,"retryReasons":[],"startAt":1763995802828,"status":"passed","title":"TC_02: Không hiển thị sản phẩm nếu API rỗng"}],"endTime":1763995802855,"message":"","name":"D:\\Data\\SOFTWARETESTING\\frontend\\src\\tests\\IntegrationTest\\ProductList.integration.test.js","startTime":1763995802294,"status":"passed","summary":""},{"assertionResults":[{"ancestorTitles":["🧩 TDD - Product API Mock Testing (Full CRUD)"],"duration":4,"failing":false,"failureDetails":[],"failureMessages":[],"fullName":"🧩 TDD - Product API Mock Testing (Full CRUD) TC_01 createProduct thành công","invocations":1,"location":null,"numPassingAsserts":3,"retryReasons":[],"startAt":1763995802840,"status":"passed","title":"TC_01 createProduct thành công"},{"ancestorTitles":["🧩 TDD - Product API Mock Testing (Full CRUD)"],"duration":36,"failing":false,"failureDetails":[],"failureMessages":[],"fullName":"🧩 TDD - Product API Mock Testing (Full CRUD) TC_02 createProduct thất bại","invocations":1,"location":null,"numPassingAsserts":2,"retryReasons":[],"startAt":1763995802844,"status":"passed","title":"TC_02 createProduct thất bại"},{"ancestorTitles":["🧩 TDD - Product API Mock Testing (Full CRUD)"],"duration":3,"failing":false,"failureDetails":[],"failureMessages":[],"fullName":"🧩 TDD - Product API Mock Testing (Full CRUD) TC_03 getAllProduct thành công","invocations":1,"location":null,"numPassingAsserts":3,"retryReasons":[],"startAt":1763995802880,"status":"passed","title":"TC_03 getAllProduct thành công"},{"ancestorTitles":["🧩 TDD - Product API Mock Testing (Full CRUD)"],"duration":3,"failing":false,"failureDetails":[],"failureMessages":[],"fullName":"🧩 TDD - Product API Mock Testing (Full CRUD) TC_04 getAllProduct thất bại","invocations":1,"location":null,"numPassingAsserts":2,"retryReasons":[],"startAt":1763995802883,"status":"passed","title":"TC_04 getAllProduct thất bại"},{"ancestorTitles":["🧩 TDD - Product API Mock Testing (Full CRUD)"],"duration":5,"failing":false,"failureDetails":[],"failureMessages":[],"fullName":"🧩 TDD - Product API Mock Testing (Full CRUD) TC_05 updateProduct thành công","invocations":1,"location":null,"numPassingAsserts":3,"retryReasons":[],"startAt":1763995802886,"status":"passed","title":"TC_05 updateProduct thành công"},{"ancestorTitles":["🧩 TDD - Product API Mock Testing (Full CRUD)"],"duration":14,"failing":false,"failureDetails":[],"failureMessages":[],"fullName":"🧩 TDD - Product API Mock Testing (Full CRUD) TC_06 updateProduct thất bại","invocations":1,"location":null,"numPassingAsserts":2,"retryReasons":[],"startAt":1763995802891,"status":"passed","title":"TC_06 updateProduct thất bại"},{"ancestorTitles":["🧩 TDD - Product API Mock Testing (Full CRUD)"],"duration":3,"failing":false,"failureDetails":[],"failureMessages":[],"fullName":"🧩 TDD - Product API Mock Testing (Full CRUD) TC_07 deleteProduct thành công","invocations":1,"location":null,"numPassingAsserts":3,"retryReasons":[],"startAt":1763995802906,"status":"passed","title":"TC_07 deleteProduct thành công"},{"ancestorTitles":["🧩 TDD - Product API Mock Testing (Full CRUD)"],"duration":8,"failing":false,"failureDetails":[],"failureMessages":[],"fullName":"🧩 TDD - Product API Mock Testing (Full CRUD) TC_08 deleteProduct thất bại","invocations":1,"location":null,"numPassingAsserts":2,"retryReasons":[],"startAt":1763995802909,"status":"passed","title":"TC_08 deleteProduct thất bại"}],"endTime":1763995802919,"message":"","name":"D:\\Data\\SOFTWARETESTING\\frontend\\src\\tests\\MockTest\\ProductCRUD.mock.test.js","startTime":1763995802609,"status":"passed","summary":""},{"assertionResults":[{"ancestorTitles":["Login Mock Tests"],"duration":91,"failing":false,"failureDetails":[],"failureMessages":[],"fullName":"Login Mock Tests Mock: Login thành công","invocations":1,"location":null,"numPassingAsserts":2,"retryReasons":[],"startAt":1763995802951,"status":"passed","title":"Mock: Login thành công"},{"ancestorTitles":["Login Mock Tests"],"duration":62,"failing":false,"failureDetails":[],"failureMessages":[],"fullName":"Login Mock Tests Mock: Login thất bại","invocations":1,"location":null,"numPassingAsserts":2,"retryReasons":[],"startAt":1763995803042,"status":"passed","title":"Mock: Login thất bại"}],"endTime":1763995803106,"message":"","name":"D:\\Data\\SOFTWARETESTING\\frontend\\src\\tests\\MockTest\\Login.mock.test.jsx","startTime":1763995802304,"status":"passed","summary":""},{"assertionResults":[{"ancestorTitles":["Product Validate Test"],"duration":4,"failing":false,"failureDetails":[],"failureMessages":[],"fullName":"Product Validate Test TC1: Product name rong - nen tra ve loi","invocations":1,"location":null,"numPassingAsserts":1,"retryReasons":[],"startAt":1763995803335,"status":"passed","title":"TC1: Product name rong - nen tra ve loi"},{"ancestorTitles":["Product Validate Test"],"duration":1,"failing":false,"failureDetails":[],"failureMessages":[],"fullName":"Product Validate Test TC2: Price am - nen tra ve loi","invocations":1,"location":null,"numPassingAsserts":1,"retryReasons":[],"startAt":1763995803340,"status":"passed","title":"TC2: Price am - nen tra ve loi"},{"ancestorTitles":["Product Validate Test"],"duration":0,"failing":false,"failureDetails":[],"failureMessages":[],"fullName":"Product Validate Test TC3: Quantity am - nen tra ve loi","invocations":1,"location":null,"numPassingAsserts":1,"retryReasons":[],"startAt":1763995803341,"status":"passed","title":"TC3: Quantity am - nen tra ve loi"},{"ancestorTitles":["Product Validate Test"],"duration":2,"failing":false,"failureDetails":[],"failureMessages":[],"fullName":"Product Validate Test TC4: Description qua 200 ky tu - nen tra ve loi","invocations":1,"location":null,"numPassingAsserts":1,"retryReasons":[],"startAt":1763995803341,"status":"passed","title":"TC4: Description qua 200 ky tu - nen tra ve loi"},{"ancestorTitles":["Product Validate Test"],"duration":1,"failing":false,"failureDetails":[],"failureMessages":[],"fullName":"Product Validate Test TC5: Category khong ton tai - nen tra ve loi","invocations":1,"location":null,"numPassingAsserts":1,"retryReasons":[],"startAt":1763995803343,"status":"passed","title":"TC5: Category khong ton tai - nen tra ve loi"}],"endTime":1763995803345,"message":"","name":"D:\\Data\\SOFTWARETESTING\\frontend\\src\\tests\\UnitTest\\Product.test.js","startTime":1763995802886,"status":"passed","summary":""},{"assertionResults":[{"ancestorTitles":["Login Validation Tests","validateUsername()"],"duration":2,"failing":false,"failureDetails":[],"failureMessages":[],"fullName":"Login Validation Tests validateUsername() TC01: Username rỗng -> báo lỗi","invocations":1,"location":null,"numPassingAsserts":1,"retryReasons":[],"startAt":1763995803391,"status":"passed","title":"TC01: Username rỗng -> báo lỗi"},{"ancestorTitles":["Login Validation Tests","validateUsername()"],"duration":1,"failing":false,"failureDetails":[],"failureMessages":[],"fullName":"Login Validation Tests validateUsername() TC02: Username chỉ có khoảng trắng -> báo lỗi","invocations":1,"location":null,"numPassingAsserts":1,"retryReasons":[],"startAt":1763995803393,"status":"passed","title":"TC02: Username chỉ có khoảng trắng -> báo lỗi"},{"ancestorTitles":["Login Validation Tests","validateUsername()"],"duration":1,"failing":false,"failureDetails":[],"failureMessages":[],"fullName":"Login Validation Tests validateUsername() TC03: Username quá ngắn (<6 ký tự) -> báo lỗi","invocations":1,"location":null,"numPassingAsserts":1,"retryReasons":[],"startAt":1763995803394,"status":"passed","title":"TC03: Username quá ngắn (<6 ký tự) -> báo lỗi"},{"ancestorTitles":["Login Validation Tests","validateUsername()"],"duration":4,"failing":false,"failureDetails":[],"failureMessages":[],"fullName":"Login Validation Tests validateUsername() TC04: Username quá dài (>20 ký tự) -> báo lỗi","invocations":1,"location":null,"numPassingAsserts":1,"retryReasons":[],"startAt":1763995803395,"status":"passed","title":"TC04: Username quá dài (>20 ký tự) -> báo lỗi"},{"ancestorTitles":["Login Validation Tests","validateUsername()"],"duration":0,"failing":false,"failureDetails":[],"failureMessages":[],"fullName":"Login Validation Tests validateUsername() TC05: Username có ký tự đặc biệt -> báo lỗi","invocations":1,"location":null,"numPassingAsserts":1,"retryReasons":[],"startAt":1763995803400,"status":"passed","title":"TC05: Username có ký tự đặc biệt -> báo lỗi"},{"ancestorTitles":["Login Validation Tests","validateUsername()"],"duration":1,"failing":false,"failureDetails":[],"failureMessages":[],"fullName":"Login Validation Tests validateUsername() TC06: Username hợp lệ -> không có lỗi","invocations":1,"location":null,"numPassingAsserts":1,"retryReasons":[],"startAt":1763995803400,"status":"passed","title":"TC06: Username hợp lệ -> không có lỗi"},{"ancestorTitles":["Login Validation Tests","validateUsername()"],"duration":0,"failing":false,"failureDetails":[],"failureMessages":[],"fullName":"Login Validation Tests validateUsername() TC14: Username có khoảng trắng giữa -> báo lỗi","invocations":1,"location":null,"numPassingAsserts":1,"retryReasons":[],"startAt":1763995803401,"status":"passed","title":"TC14: Username có khoảng trắng giữa -> báo lỗi"},{"ancestorTitles":["Login Validation Tests","validatePassword()"],"duration":1,"failing":false,"failureDetails":[],"failureMessages":[],"fullName":"Login Validation Tests validatePassword() TC07: Password rỗng -> báo lỗi","invocations":1,"location":null,"numPassingAsserts":1,"retryReasons":[],"startAt":1763995803401,"status":"passed","title":"TC07: Password rỗng -> báo lỗi"},{"ancestorTitles":["Login Validation Tests","validatePassword()"],"duration":4,"failing":false,"failureDetails":[],"failureMessages":[],"fullName":"Login Validation Tests validatePassword() TC08: Password chỉ có khoảng trắng -> báo lỗi","invocations":1,"location":null,"numPassingAsserts":1,"retryReasons":[],"startAt":1763995803402,"status":"passed","title":"TC08: Password chỉ có khoảng trắng -> báo lỗi"},{"ancestorTitles":["Login Validation Tests","validatePassword()"],"duration":1,"failing":false,"failureDetails":[],"failureMessages":[],"fullName":"Login Validation Tests validatePassword() TC09: Password quá ngắn (<6 ký tự) -> báo lỗi","invocations":1,"location":null,"numPassingAsserts":1,"retryReasons":[],"startAt":1763995803407,"status":"passed","title":"TC09: Password quá ngắn (<6 ký tự) -> báo lỗi"},{"ancestorTitles":["Login Validation Tests","validatePassword()"],"duration":2,"failing":false,"failureDetails":[],"failureMessages":[],"fullName":"Login Validation Tests validatePassword() TC10: Password quá dài (>20 ký tự) -> báo lỗi","invocations":1,"location":null,"numPassingAsserts":1,"retryReasons":[],"startAt":1763995803408,"status":"passed","title":"TC10: Password quá dài (>20 ký tự) -> báo lỗi"},{"ancestorTitles":["Login Validation Tests","validatePassword()"],"duration":0,"failing":false,"failureDetails":[],"failureMessages":[],"fullName":"Login Validation Tests validatePassword() TC11: Password không có số -> báo lỗi","invocations":1,"location":null,"numPassingAsserts":1,"retryReasons":[],"startAt":1763995803410,"status":"passed","title":"TC11: Password không có số -> báo lỗi"},{"ancestorTitles":["Login Validation Tests","validatePassword()"],"duration":0,"failing":false,"failureDetails":[],"failureMessages":[],"fullName":"Login Validation Tests validatePassword() TC12: Password không có chữ -> báo lỗi","invocations":1,"location":null,"numPassingAsserts":1,"retryReasons":[],"startAt":1763995803411,"status":"passed","title":"TC12: Password không có chữ -> báo lỗi"},{"ancestorTitles":["Login Validation Tests","validatePassword()"],"duration":1,"failing":false,"failureDetails":[],"failureMessages":[],"fullName":"Login Validation Tests validatePassword() TC13: Password hợp lệ -> không có lỗi","invocations":1,"location":null,"numPassingAsserts":1,"retryReasons":[],"startAt":1763995803411,"status":"passed","title":"TC13: Password hợp lệ -> không có lỗi"},{"ancestorTitles":["Login Validation Tests","validatePassword()"],"duration":1,"failing":false,"failureDetails":[],"failureMessages":[],"fullName":"Login Validation Tests validatePassword() TC14: Password có ký tự đặc biệt nhưng hợp lệ -> không lỗi","invocations":1,"location":null,"numPassingAsserts":1,"retryReasons":[],"startAt":1763995803412,"status":"passed","title":"TC14: Password có ký tự đặc biệt nhưng hợp lệ -> không lỗi"}],"endTime":1763995803415,"message":"","name":"D:\\Data\\SOFTWARETESTING\\frontend\\src\\tests\\UnitTest\\validation.test.jsx","startTime":1763995802951,"status":"passed","summary":""}],"wasInterrupted":false}
