{"numFailedTestSuites":0,"numFailedTests":0,"numPassedTestSuites":2,"numPassedTests":8,"numPendingTestSuites":0,"numPendingTests":0,"numRuntimeErrorTestSuites":0,"numTodoTests":0,"numTotalTestSuites":2,"numTotalTests":8,"openHandles":[],"snapshot":{"added":0,"didUpdate":false,"failure":false,"filesAdded":0,"filesRemoved":0,"filesRemovedList":[],"filesUnmatched":0,"filesUpdated":0,"matched":0,"total":0,"unchecked":0,"uncheckedKeysByFile":[],"unmatched":0,"updated":0},"startTime":1762155568676,"success":true,"testResults":[{"assertionResults":[{"ancestorTitles":["Login Mock Tests"],"duration":167,"failing":false,"failureDetails":[],"failureMessages":[],"fullName":"Login Mock Tests Mock: Login thành công","invocations":1,"location":null,"numPassingAsserts":2,"retryReasons":[],"startAt":1762155573028,"status":"passed","title":"Mock: Login thành công"},{"ancestorTitles":["Login Mock Tests"],"duration":29,"failing":false,"failureDetails":[],"failureMessages":[],"fullName":"Login Mock Tests Mock: Login thất bại","invocations":1,"location":null,"numPassingAsserts":2,"retryReasons":[],"startAt":1762155573196,"status":"passed","title":"Mock: Login thất bại"}],"endTime":1762155573228,"message":"","name":"D:\\Data\\SOFTWARETESTING\\frontend\\src\\tests\\MockTest\\Login.mock.test.jsx","startTime":1762155570928,"status":"passed","summary":""},{"assertionResults":[{"ancestorTitles":["Integration Test - Login Component (6 Test Cases)"],"duration":415,"failing":false,"failureDetails":[],"failureMessages":[],"fullName":"Integration Test - Login Component (6 Test Cases) TC01 - Hiển thị lỗi khi submit form rỗng","invocations":1,"location":null,"numPassingAsserts":2,"retryReasons":[],"startAt":1762155573003,"status":"passed","title":"TC01 - Hiển thị lỗi khi submit form rỗng"},{"ancestorTitles":["Integration Test - Login Component (6 Test Cases)"],"duration":88,"failing":false,"failureDetails":[],"failureMessages":[],"fullName":"Integration Test - Login Component (6 Test Cases) TC02 - Nhập thông tin input và kiểm tra giá trị cập nhật","invocations":1,"location":null,"numPassingAsserts":2,"retryReasons":[],"startAt":1762155573420,"status":"passed","title":"TC02 - Nhập thông tin input và kiểm tra giá trị cập nhật"},{"ancestorTitles":["Integration Test - Login Component (6 Test Cases)"],"duration":76,"failing":false,"failureDetails":[],"failureMessages":[],"fullName":"Integration Test - Login Component (6 Test Cases) TC03 - Không gọi API khi form không hợp lệ (username sai định dạng)","invocations":1,"location":null,"numPassingAsserts":2,"retryReasons":[],"startAt":1762155573509,"status":"passed","title":"TC03 - Không gọi API khi form không hợp lệ (username sai định dạng)"},{"ancestorTitles":["Integration Test - Login Component (6 Test Cases)"],"duration":51,"failing":false,"failureDetails":[],"failureMessages":[],"fullName":"Integration Test - Login Component (6 Test Cases) TC04 - Gọi API khi submit form hợp lệ","invocations":1,"location":null,"numPassingAsserts":2,"retryReasons":[],"startAt":1762155573586,"status":"passed","title":"TC04 - Gọi API khi submit form hợp lệ"},{"ancestorTitles":["Integration Test - Login Component (6 Test Cases)"],"duration":41,"failing":false,"failureDetails":[],"failureMessages":[],"fullName":"Integration Test - Login Component (6 Test Cases) TC05 - Hiển thị thông báo lỗi khi đăng nhập thất bại","invocations":1,"location":null,"numPassingAsserts":1,"retryReasons":[],"startAt":1762155573638,"status":"passed","title":"TC05 - Hiển thị thông báo lỗi khi đăng nhập thất bại"},{"ancestorTitles":["Integration Test - Login Component (6 Test Cases)"],"duration":47,"failing":false,"failureDetails":[],"failureMessages":[],"fullName":"Integration Test - Login Component (6 Test Cases) TC06 - Reset form sau khi đăng nhập thành công","invocations":1,"location":null,"numPassingAsserts":3,"retryReasons":[],"startAt":1762155573679,"status":"passed","title":"TC06 - Reset form sau khi đăng nhập thành công"}],"endTime":1762155573731,"message":"","name":"D:\\Data\\SOFTWARETESTING\\frontend\\src\\tests\\IntegrationTest\\Login.integration.test.jsx","startTime":1762155570934,"status":"passed","summary":""}],"wasInterrupted":false}
